#
# There is insufficient memory for the Java Runtime Environment to continue.
# Native memory allocation (mmap) failed to map 268435456 bytes for Failed to commit area from 0x0000000700c00000 to 0x0000000710c00000 of length 268435456.
# Possible reasons:
#   The system is out of physical RAM or swap space
#   The process is running with CompressedOops enabled, and the Java Heap may be blocking the growth of the native heap
# Possible solutions:
#   Reduce memory load on the system
#   Increase physical memory or swap space
#   Check if swap backing store is full
#   Decrease Java heap size (-Xmx/-Xms)
#   Decrease number of Java threads
#   Decrease Java thread stack sizes (-Xss)
#   Set larger code cache with -XX:ReservedCodeCacheSize=
# This output file may be truncated or incomplete.
#
#  Out of Memory Error (./src/hotspot/os/windows/os_windows.cpp:3619), pid=7788, tid=5424
#
# JRE version:  (11.0.13) (build )
# Java VM: OpenJDK 64-Bit Server VM (11.0.13+0-b1751.21-8125866, mixed mode, sharing, tiered, compressed oops, g1 gc, windows-amd64)
# No core dump will be written. Minidumps are not enabled by default on client versions of Windows
#

---------------  S U M M A R Y ------------

Command Line: git4idea.http.GitAskPassApp Username for 'https://github.com': 

Host: AMD Ryzen 5 3600 6-Core Processor              , 12 cores, 15G,  Windows 10 , 64 bit Build 19041 (10.0.19041.2788)
Time: Sun Apr 16 18:33:57 2023 RTZ 7 (зима) elapsed time: 0.011011 seconds (0d 0h 0m 0s)

---------------  T H R E A D  ---------------

Current thread (0x000001a661a21800):  JavaThread "Unknown thread" [_thread_in_vm, id=5424, stack(0x00000098b1100000,0x00000098b1200000)]

Stack: [0x00000098b1100000,0x00000098b1200000]
Native frames: (J=compiled Java code, j=interpreted, Vv=VM code, C=native code)
V  [jvm.dll+0x6100fa]
V  [jvm.dll+0x747090]
V  [jvm.dll+0x7486ad]
V  [jvm.dll+0x748d83]
V  [jvm.dll+0x24ab48]
V  [jvm.dll+0x60d164]
V  [jvm.dll+0x601e75]
V  [jvm.dll+0x308bdb]
V  [jvm.dll+0x308b4a]
V  [jvm.dll+0x308a22]
V  [jvm.dll+0x30d986]
V  [jvm.dll+0x357093]
V  [jvm.dll+0x357796]
V  [jvm.dll+0x357193]
V  [jvm.dll+0x2e3448]
V  [jvm.dll+0x2e45f7]
V  [jvm.dll+0x7242e7]
V  [jvm.dll+0x725adc]
V  [jvm.dll+0x364629]
V  [jvm.dll+0x707cee]
V  [jvm.dll+0x3d2633]
V  [jvm.dll+0x3d4a21]
C  [jli.dll+0x536b]
C  [ucrtbase.dll+0x21bb2]
C  [KERNEL32.DLL+0x17604]
C  [ntdll.dll+0x526a1]


---------------  P R O C E S S  ---------------

Threads class SMR info:
_java_thread_list=0x000001a65f92e270, length=0, elements={
}

Java Threads: ( => current thread )

Other Threads:
  0x000001a661a39000 GCTaskThread "GC Thread#0" [stack: 0x00000098b1200000,0x00000098b1300000] [id=2644]
  0x000001a661a99000 ConcurrentGCThread "G1 Main Marker" [stack: 0x00000098b1300000,0x00000098b1400000] [id=12720]
  0x000001a661a9a800 ConcurrentGCThread "G1 Conc#0" [stack: 0x00000098b1400000,0x00000098b1500000] [id=12548]

[error occurred during error reporting (printing all threads), id 0xc0000005, EXCEPTION_ACCESS_VIOLATION (0xc0000005) at pc=0x00007ff8e6a73dd7]

VM state:not at safepoint (not fully initialized)

VM Mutex/Monitor currently owned by a thread:  ([mutex/lock_event])
[0x000001a661a1f310] Heap_lock - owner thread: 0x000001a661a21800

Heap address: 0x0000000700c00000, size: 4084 MB, Compressed Oops mode: Non-zero based: 0x0000000700c00000
Narrow klass base: 0x0000000000000000, Narrow klass shift: 0

GC Heap History (0 events):
No events

Deoptimization events (0 events):
No events

Classes redefined (0 events):
No events

Internal exceptions (0 events):
No events

Events (1 events):
Event: 0.007 Loaded shared library C:\Program Files\Android\Android Studio\jre\bin\zip.dll


Dynamic libraries:
0x00007ff7a5e90000 - 0x00007ff7a5e9a000 	C:\Program Files\Android\Android Studio\jre\bin\java.exe
0x00007ff91f190000 - 0x00007ff91f388000 	C:\Windows\SYSTEM32\ntdll.dll
0x00007ff8fc7b0000 - 0x00007ff8fc7c9000 	C:\Program Files\Avast Software\Avast\aswhook.dll
0x00007ff91daa0000 - 0x00007ff91db5f000 	C:\Windows\System32\KERNEL32.DLL
0x00007ff91cf10000 - 0x00007ff91d1ea000 	C:\Windows\System32\KERNELBASE.dll
0x00007ff91ca50000 - 0x00007ff91cb50000 	C:\Windows\System32\ucrtbase.dll
0x00007ff9093c0000 - 0x00007ff9093d7000 	C:\Program Files\Android\Android Studio\jre\bin\VCRUNTIME140.dll
0x00007ff9036e0000 - 0x00007ff9036f9000 	C:\Program Files\Android\Android Studio\jre\bin\jli.dll
0x00007ff91e490000 - 0x00007ff91e62d000 	C:\Windows\System32\USER32.dll
0x00007ff91cdf0000 - 0x00007ff91ce12000 	C:\Windows\System32\win32u.dll
0x00007ff91d8b0000 - 0x00007ff91d8db000 	C:\Windows\System32\GDI32.dll
0x00007ff90d330000 - 0x00007ff90d5ca000 	C:\Windows\WinSxS\amd64_microsoft.windows.common-controls_6595b64144ccf1df_6.0.19041.1110_none_60b5254171f9507e\COMCTL32.dll
0x00007ff91c8a0000 - 0x00007ff91c9b0000 	C:\Windows\System32\gdi32full.dll
0x00007ff91ec40000 - 0x00007ff91ecde000 	C:\Windows\System32\msvcrt.dll
0x00007ff91c9b0000 - 0x00007ff91ca4d000 	C:\Windows\System32\msvcp_win.dll
0x00007ff91d8e0000 - 0x00007ff91d910000 	C:\Windows\System32\IMM32.DLL
0x00007ff8f83e0000 - 0x00007ff8f847d000 	C:\Program Files\Android\Android Studio\jre\bin\msvcp140.dll
0x00007ff8e6780000 - 0x00007ff8e7282000 	C:\Program Files\Android\Android Studio\jre\bin\server\jvm.dll
0x00007ff91d5e0000 - 0x00007ff91d68e000 	C:\Windows\System32\ADVAPI32.dll
0x00007ff91db60000 - 0x00007ff91dbfc000 	C:\Windows\System32\sechost.dll
0x00007ff91d970000 - 0x00007ff91da96000 	C:\Windows\System32\RPCRT4.dll
0x00007ff91e630000 - 0x00007ff91e638000 	C:\Windows\System32\PSAPI.DLL
0x00007ff909660000 - 0x00007ff909669000 	C:\Windows\SYSTEM32\WSOCK32.dll
0x00007ff91d840000 - 0x00007ff91d8ab000 	C:\Windows\System32\WS2_32.dll
0x00007ff911db0000 - 0x00007ff911dd7000 	C:\Windows\SYSTEM32\WINMM.dll
0x00007ff917850000 - 0x00007ff91785a000 	C:\Windows\SYSTEM32\VERSION.dll
0x00007ff91a780000 - 0x00007ff91a792000 	C:\Windows\SYSTEM32\kernel.appcore.dll
0x00007ff8f93a0000 - 0x00007ff8f93b1000 	C:\Program Files\Android\Android Studio\jre\bin\verify.dll
0x00007ff9148e0000 - 0x00007ff914ac4000 	C:\Windows\SYSTEM32\DBGHELP.DLL
0x00007ff914860000 - 0x00007ff914894000 	C:\Windows\SYSTEM32\dbgcore.DLL
0x00007ff91cd60000 - 0x00007ff91cde2000 	C:\Windows\System32\bcryptPrimitives.dll
0x00007ff8f7530000 - 0x00007ff8f7559000 	C:\Program Files\Android\Android Studio\jre\bin\java.dll
0x00007ff8f9770000 - 0x00007ff8f977b000 	C:\Program Files\Android\Android Studio\jre\bin\jimage.dll
0x00007ff8f8d80000 - 0x00007ff8f8d98000 	C:\Program Files\Android\Android Studio\jre\bin\zip.dll

dbghelp: loaded successfully - version: 4.0.5 - missing functions: none
symbol engine: initialized successfully - sym options: 0x614 - pdb path: .;C:\Program Files\Android\Android Studio\jre\bin;C:\Windows\SYSTEM32;C:\Program Files\Avast Software\Avast;C:\Windows\WinSxS\amd64_microsoft.windows.common-controls_6595b64144ccf1df_6.0.19041.1110_none_60b5254171f9507e;C:\Program Files\Android\Android Studio\jre\bin\server

VM Arguments:
java_command: git4idea.http.GitAskPassApp Username for 'https://github.com': 
java_class_path (initial): C:/Program Files/Android/Android Studio/plugins/git4idea/lib/git4idea-rt.jar;C:/Program Files/Android/Android Studio/lib/3rd-party.jar;C:/Program Files/Android/Android Studio/lib/3rd-party-rt.jar
Launcher Type: SUN_STANDARD

[Global flags]
     intx CICompilerCount                          = 4                                         {product} {ergonomic}
     uint ConcGCThreads                            = 3                                         {product} {ergonomic}
     uint G1ConcRefinementThreads                  = 10                                        {product} {ergonomic}
   size_t G1HeapRegionSize                         = 1048576                                   {product} {ergonomic}
    uintx GCDrainStackTargetSize                   = 64                                        {product} {ergonomic}
   size_t InitialHeapSize                          = 268435456                                 {product} {ergonomic}
   size_t MarkStackSize                            = 4194304                                   {product} {ergonomic}
   size_t MaxHeapSize                              = 4282384384                                {product} {ergonomic}
   size_t MinHeapDeltaBytes                        = 1048576                                   {product} {ergonomic}
    uintx NonNMethodCodeHeapSize                   = 5836300                                {pd product} {ergonomic}
    uintx NonProfiledCodeHeapSize                  = 122910970                              {pd product} {ergonomic}
    uintx ProfiledCodeHeapSize                     = 122910970                              {pd product} {ergonomic}
    uintx ReservedCodeCacheSize                    = 251658240                              {pd product} {ergonomic}
     bool SegmentedCodeCache                       = true                                      {product} {ergonomic}
     bool UseCompressedClassPointers               = true                                 {lp64_product} {ergonomic}
     bool UseCompressedOops                        = true                                 {lp64_product} {ergonomic}
     bool UseG1GC                                  = true                                      {product} {ergonomic}
     bool UseLargePagesIndividualAllocation        = false                                  {pd product} {ergonomic}

Logging:
Log output configuration:
 #0: stdout all=warning uptime,level,tags
 #1: stderr all=off uptime,level,tags

Environment Variables:
JAVA_HOME=C:\Program Files\Java\jdk-18.0.2.1
PATH=C:/Program Files/Git/mingw64/libexec/git-core;C:/Program Files/Git/mingw64/libexec/git-core;C:\Program Files\Git\mingw64\bin;C:\Program Files\Git\usr\bin;C:\Users\deshi\bin;C:\ProgramData\Oracle\Java\javapath;C:\Program Files\Java\jdk-18.0.2.1\bin;C:\Program Files\Git\cmd;C:\Program Files\dotnet\;C:\Users\deshi\AppData\Local\Programs\Microsoft VS Code\bin;C:\Users\deshi\.dotnet\tools;C:\Users\deshi\AppData\Local\GitHubDesktop\bin
USERNAME=deshi
DISPLAY=:0.0
LC_ALL=en_US.UTF-8
OS=Windows_NT
PROCESSOR_IDENTIFIER=AMD64 Family 23 Model 113 Stepping 0, AuthenticAMD



---------------  S Y S T E M  ---------------

OS: Windows 10 , 64 bit Build 19041 (10.0.19041.2788)
OS uptime: 0 days 3:00 hours

CPU:total 12 (initial active 12) (12 cores per cpu, 2 threads per core) family 23 model 113 stepping 0 microcode 0x0, cmov, cx8, fxsr, mmx, sse, sse2, sse3, ssse3, sse4.1, sse4.2, popcnt, avx, avx2, aes, clmul, mmxext, 3dnowpref, lzcnt, sse4a, ht, tsc, tscinvbit, tscinv, bmi1, bmi2, adx, sha, fma

Memory: 4k page, system-wide physical 16328M (2811M free)
TotalPageFile size 16328M (AvailPageFile size 251M)
current process WorkingSet (physical memory assigned to process): 10M, peak: 10M
current process commit charge ("private bytes"): 64M, peak: 320M

vm_info: OpenJDK 64-Bit Server VM (11.0.13+0-b1751.21-8125866) for windows-amd64 JRE (11.0.13+0-b1751.21-8125866), built on Feb  2 2022 03:00:22 by "builder" with MS VC++ 14.0 (VS2015)

END.
