#
# There is insufficient memory for the Java Runtime Environment to continue.
# Native memory allocation (malloc) failed to allocate 1001936 bytes for Chunk::new
# Possible reasons:
#   The system is out of physical RAM or swap space
#   The process is running with CompressedOops enabled, and the Java Heap may be blocking the growth of the native heap
# Possible solutions:
#   Reduce memory load on the system
#   Increase physical memory or swap space
#   Check if swap backing store is full
#   Decrease Java heap size (-Xmx/-Xms)
#   Decrease number of Java threads
#   Decrease Java thread stack sizes (-Xss)
#   Set larger code cache with -XX:ReservedCodeCacheSize=
#   JVM is running with Unscaled Compressed Oops mode in which the Java heap is
#     placed in the first 4GB address space. The Java Heap base address is the
#     maximum limit for the native heap growth. Please use -XX:HeapBaseMinAddress
#     to set the Java Heap base and to place the Java Heap above 4GB virtual address.
# This output file may be truncated or incomplete.
#
#  Out of Memory Error (./src/hotspot/share/memory/arena.cpp:197), pid=18236, tid=15508
#
# JRE version: OpenJDK Runtime Environment (11.0.13) (build 11.0.13+0-b1751.21-8125866)
# Java VM: OpenJDK 64-Bit Server VM (11.0.13+0-b1751.21-8125866, mixed mode, tiered, compressed oops, g1 gc, windows-amd64)
# No core dump will be written. Minidumps are not enabled by default on client versions of Windows
#

---------------  S U M M A R Y ------------

Command Line: --add-opens=java.base/java.util=ALL-UNNAMED --add-opens=java.base/java.lang=ALL-UNNAMED --add-opens=java.base/java.lang.invoke=ALL-UNNAMED --add-opens=java.base/java.util=ALL-UNNAMED --add-opens=java.prefs/java.util.prefs=ALL-UNNAMED --add-opens=java.prefs/java.util.prefs=ALL-UNNAMED --add-opens=java.base/java.nio.charset=ALL-UNNAMED --add-opens=java.base/java.net=ALL-UNNAMED --add-opens=java.base/java.util.concurrent.atomic=ALL-UNNAMED -Xmx2048m -Dfile.encoding=UTF-8 -Duser.country=RU -Duser.language=ru -Duser.variant org.gradle.launcher.daemon.bootstrap.GradleDaemon 7.4

Host: AMD Ryzen 5 3600 6-Core Processor              , 12 cores, 15G,  Windows 10 , 64 bit Build 19041 (10.0.19041.2788)
Time: Sun Apr 16 15:21:43 2023 RTZ 7 (зима) elapsed time: 2.876505 seconds (0d 0h 0m 2s)

---------------  T H R E A D  ---------------

Current thread (0x000002f0c7645800):  JavaThread "C2 CompilerThread2" daemon [_thread_in_native, id=15508, stack(0x000000f163300000,0x000000f163400000)]


Current CompileTask:
C2:   2876 2572       4       jdk.internal.loader.URLClassPath::getResource (74 bytes)

Stack: [0x000000f163300000,0x000000f163400000]
Native frames: (J=compiled Java code, j=interpreted, Vv=VM code, C=native code)
V  [jvm.dll+0x6100fa]
V  [jvm.dll+0x747090]
V  [jvm.dll+0x7486ad]
V  [jvm.dll+0x748d83]
V  [jvm.dll+0x24ab48]
V  [jvm.dll+0xc04dc]
V  [jvm.dll+0xc0a0c]
V  [jvm.dll+0x2bfab4]
V  [jvm.dll+0x524238]
V  [jvm.dll+0x20b193]
V  [jvm.dll+0x204ca0]
V  [jvm.dll+0x2023c2]
V  [jvm.dll+0x188e01]
V  [jvm.dll+0x21106b]
V  [jvm.dll+0x20f8c1]
V  [jvm.dll+0x70de0f]
V  [jvm.dll+0x706a75]
V  [jvm.dll+0x60ed66]
C  [ucrtbase.dll+0x21bb2]
C  [KERNEL32.DLL+0x17604]
C  [ntdll.dll+0x526a1]


---------------  P R O C E S S  ---------------

Threads class SMR info:
_java_thread_list=0x000002f0c5dfeca0, length=32, elements={
0x000002f0a7fa2800, 0x000002f0c3114800, 0x000002f0c311e000, 0x000002f0c3139800,
0x000002f0c313a800, 0x000002f0c313b800, 0x000002f0c313f000, 0x000002f0c3191800,
0x000002f0c3193000, 0x000002f0c32f1800, 0x000002f0c5a2b800, 0x000002f0c490f000,
0x000002f0c5524000, 0x000002f0c5520000, 0x000002f0c5520800, 0x000002f0c5521800,
0x000002f0c551e000, 0x000002f0c5522000, 0x000002f0c5524800, 0x000002f0c551f000,
0x000002f0c5523000, 0x000002f0c5690800, 0x000002f0c5695000, 0x000002f0c5c75800,
0x000002f0c5694800, 0x000002f0c5693000, 0x000002f0c7645800, 0x000002f0c5691000,
0x000002f0c568f800, 0x000002f0c5697000, 0x000002f0c5696000, 0x000002f0c5693800
}

Java Threads: ( => current thread )
  0x000002f0a7fa2800 JavaThread "main" [_thread_blocked, id=1192, stack(0x000000f160700000,0x000000f160800000)]
  0x000002f0c3114800 JavaThread "Reference Handler" daemon [_thread_blocked, id=13072, stack(0x000000f160e00000,0x000000f160f00000)]
  0x000002f0c311e000 JavaThread "Finalizer" daemon [_thread_blocked, id=6924, stack(0x000000f160f00000,0x000000f161000000)]
  0x000002f0c3139800 JavaThread "Signal Dispatcher" daemon [_thread_blocked, id=16776, stack(0x000000f161000000,0x000000f161100000)]
  0x000002f0c313a800 JavaThread "Attach Listener" daemon [_thread_blocked, id=15060, stack(0x000000f161100000,0x000000f161200000)]
  0x000002f0c313b800 JavaThread "Service Thread" daemon [_thread_blocked, id=13284, stack(0x000000f161200000,0x000000f161300000)]
  0x000002f0c313f000 JavaThread "C2 CompilerThread0" daemon [_thread_in_native, id=18420, stack(0x000000f161300000,0x000000f161400000)]
  0x000002f0c3191800 JavaThread "C1 CompilerThread0" daemon [_thread_blocked, id=12376, stack(0x000000f161400000,0x000000f161500000)]
  0x000002f0c3193000 JavaThread "Sweeper thread" daemon [_thread_blocked, id=18984, stack(0x000000f161500000,0x000000f161600000)]
  0x000002f0c32f1800 JavaThread "Common-Cleaner" daemon [_thread_blocked, id=12820, stack(0x000000f161600000,0x000000f161700000)]
  0x000002f0c5a2b800 JavaThread "Daemon health stats" [_thread_blocked, id=1032, stack(0x000000f161f00000,0x000000f162000000)]
  0x000002f0c490f000 JavaThread "Incoming local TCP Connector on port 61697" [_thread_in_native, id=19316, stack(0x000000f161800000,0x000000f161900000)]
  0x000002f0c5524000 JavaThread "Daemon periodic checks" [_thread_blocked, id=8380, stack(0x000000f161e00000,0x000000f161f00000)]
  0x000002f0c5520000 JavaThread "Daemon" [_thread_blocked, id=18844, stack(0x000000f162000000,0x000000f162100000)]
  0x000002f0c5520800 JavaThread "Handler for socket connection from /127.0.0.1:61697 to /127.0.0.1:61698" [_thread_in_native, id=8324, stack(0x000000f162100000,0x000000f162200000)]
  0x000002f0c5521800 JavaThread "Cancel handler" [_thread_blocked, id=3388, stack(0x000000f162200000,0x000000f162300000)]
  0x000002f0c551e000 JavaThread "Daemon worker" [_thread_in_vm, id=19060, stack(0x000000f162300000,0x000000f162400000)]
  0x000002f0c5522000 JavaThread "Asynchronous log dispatcher for DefaultDaemonConnection: socket connection from /127.0.0.1:61697 to /127.0.0.1:61698" [_thread_blocked, id=11716, stack(0x000000f162400000,0x000000f162500000)]
  0x000002f0c5524800 JavaThread "Stdin handler" [_thread_blocked, id=13820, stack(0x000000f162500000,0x000000f162600000)]
  0x000002f0c551f000 JavaThread "Daemon client event forwarder" [_thread_blocked, id=7836, stack(0x000000f162600000,0x000000f162700000)]
  0x000002f0c5523000 JavaThread "Cache worker for journal cache (C:\Users\deshi\.jdks\corretto-1.8.0_312\caches\journal-1)" [_thread_blocked, id=19076, stack(0x000000f162700000,0x000000f162800000)]
  0x000002f0c5690800 JavaThread "File lock request listener" [_thread_in_native, id=12108, stack(0x000000f162800000,0x000000f162900000)]
  0x000002f0c5695000 JavaThread "Cache worker for file hash cache (C:\Users\deshi\.jdks\corretto-1.8.0_312\caches\7.4\fileHashes)" [_thread_blocked, id=15052, stack(0x000000f162900000,0x000000f162a00000)]
  0x000002f0c5c75800 JavaThread "C2 CompilerThread1" daemon [_thread_in_native, id=5116, stack(0x000000f163000000,0x000000f163100000)]
  0x000002f0c5694800 JavaThread "File watcher server" daemon [_thread_in_native, id=18512, stack(0x000000f163100000,0x000000f163200000)]
  0x000002f0c5693000 JavaThread "File watcher consumer" daemon [_thread_blocked, id=15888, stack(0x000000f163200000,0x000000f163300000)]
=>0x000002f0c7645800 JavaThread "C2 CompilerThread2" daemon [_thread_in_native, id=15508, stack(0x000000f163300000,0x000000f163400000)]
  0x000002f0c5691000 JavaThread "Cache worker for checksums cache (C:\Users\deshi\Desktop\Hakaton_Samsung_App\HackathonHTTPClientError400\.gradle\7.4\checksums)" [_thread_blocked, id=15480, stack(0x000000f163400000,0x000000f163500000)]
  0x000002f0c568f800 JavaThread "Cache worker for cache directory md-rule (C:\Users\deshi\.jdks\corretto-1.8.0_312\caches\7.4\md-rule)" [_thread_blocked, id=15244, stack(0x000000f163500000,0x000000f163600000)]
  0x000002f0c5697000 JavaThread "Cache worker for file hash cache (C:\Users\deshi\Desktop\Hakaton_Samsung_App\HackathonHTTPClientError400\.gradle\7.4\fileHashes)" [_thread_blocked, id=10116, stack(0x000000f163600000,0x000000f163700000)]
  0x000002f0c5696000 JavaThread "Cache worker for cache directory md-supplier (C:\Users\deshi\.jdks\corretto-1.8.0_312\caches\7.4\md-supplier)" [_thread_blocked, id=9936, stack(0x000000f163700000,0x000000f163800000)]
  0x000002f0c5693800 JavaThread "Cache worker for execution history cache (C:\Users\deshi\.jdks\corretto-1.8.0_312\caches\7.4\executionHistory)" [_thread_blocked, id=11528, stack(0x000000f163800000,0x000000f163900000)]

Other Threads:
  0x000002f0c3112800 VMThread "VM Thread" [stack: 0x000000f160d00000,0x000000f160e00000] [id=4952]
  0x000002f0c331f000 WatcherThread [stack: 0x000000f161700000,0x000000f161800000] [id=18536]
  0x000002f0a7fba000 GCTaskThread "GC Thread#0" [stack: 0x000000f160800000,0x000000f160900000] [id=14288]
  0x000002f0c41b6800 GCTaskThread "GC Thread#1" [stack: 0x000000f161900000,0x000000f161a00000] [id=6044]
  0x000002f0c422c800 GCTaskThread "GC Thread#2" [stack: 0x000000f161a00000,0x000000f161b00000] [id=18040]
  0x000002f0c3f76000 GCTaskThread "GC Thread#3" [stack: 0x000000f161b00000,0x000000f161c00000] [id=18704]
  0x000002f0c4012000 GCTaskThread "GC Thread#4" [stack: 0x000000f161c00000,0x000000f161d00000] [id=18216]
  0x000002f0c4040800 GCTaskThread "GC Thread#5" [stack: 0x000000f161d00000,0x000000f161e00000] [id=16388]
  0x000002f0c5a8f000 GCTaskThread "GC Thread#6" [stack: 0x000000f162a00000,0x000000f162b00000] [id=18448]
  0x000002f0c54a0000 GCTaskThread "GC Thread#7" [stack: 0x000000f162b00000,0x000000f162c00000] [id=10884]
  0x000002f0c5661800 GCTaskThread "GC Thread#8" [stack: 0x000000f162c00000,0x000000f162d00000] [id=8988]
  0x000002f0c4da2800 GCTaskThread "GC Thread#9" [stack: 0x000000f162d00000,0x000000f162e00000] [id=12552]
  0x000002f0a7fed800 ConcurrentGCThread "G1 Main Marker" [stack: 0x000000f160900000,0x000000f160a00000] [id=14848]
  0x000002f0a7fef000 ConcurrentGCThread "G1 Conc#0" [stack: 0x000000f160a00000,0x000000f160b00000] [id=15324]
  0x000002f0c3a2c800 ConcurrentGCThread "G1 Conc#1" [stack: 0x000000f162e00000,0x000000f162f00000] [id=18824]
  0x000002f0c56b5000 ConcurrentGCThread "G1 Conc#2" [stack: 0x000000f162f00000,0x000000f163000000] [id=18820]
  0x000002f0a807e000 ConcurrentGCThread "G1 Refine#0" [stack: 0x000000f160b00000,0x000000f160c00000] [id=10912]
  0x000002f0c2758800 ConcurrentGCThread "G1 Young RemSet Sampling" [stack: 0x000000f160c00000,0x000000f160d00000] [id=1000]

Threads with active compile tasks:
C2 CompilerThread0   2898 2552   !   4       java.net.URL::<init> (543 bytes)
C2 CompilerThread1   2899 2571  s!   4       jdk.internal.loader.URLClassPath::getLoader (194 bytes)
C2 CompilerThread2   2899 2572       4       jdk.internal.loader.URLClassPath::getResource (74 bytes)

VM state:not at safepoint (normal execution)

VM Mutex/Monitor currently owned by a thread: None

Heap address: 0x0000000080000000, size: 2048 MB, Compressed Oops mode: 32-bit
Narrow klass base: 0x0000000000000000, Narrow klass shift: 3
Compressed class space size: 1073741824 Address: 0x0000000100000000

Heap:
 garbage-first heap   total 262144K, used 32266K [0x0000000080000000, 0x0000000100000000)
  region size 1024K, 17 young (17408K), 4 survivors (4096K)
 Metaspace       used 33192K, capacity 33937K, committed 33968K, reserved 1079296K
  class space    used 4293K, capacity 4583K, committed 4608K, reserved 1048576K
Heap Regions: E=young(eden), S=young(survivor), O=old, HS=humongous(starts), HC=humongous(continues), CS=collection set, F=free, A=archive, TAMS=top-at-mark-start (previous, next)
|   0|0x0000000080000000, 0x0000000080100000, 0x0000000080100000|100%| O|  |TAMS 0x0000000080000000, 0x0000000080000000| Untracked 
|   1|0x0000000080100000, 0x0000000080200000, 0x0000000080200000|100%| O|  |TAMS 0x0000000080100000, 0x0000000080100000| Untracked 
|   2|0x0000000080200000, 0x0000000080300000, 0x0000000080300000|100%| O|  |TAMS 0x0000000080200000, 0x0000000080200000| Untracked 
|   3|0x0000000080300000, 0x0000000080400000, 0x0000000080400000|100%|HS|  |TAMS 0x0000000080400000, 0x0000000080300000| Complete 
|   4|0x0000000080400000, 0x0000000080500000, 0x0000000080500000|100%|HC|  |TAMS 0x0000000080500000, 0x0000000080400000| Complete 
|   5|0x0000000080500000, 0x0000000080600000, 0x0000000080600000|100%|HC|  |TAMS 0x0000000080600000, 0x0000000080500000| Complete 
|   6|0x0000000080600000, 0x0000000080700000, 0x0000000080700000|100%| O|  |TAMS 0x0000000080700000, 0x0000000080600000| Untracked 
|   7|0x0000000080700000, 0x0000000080800000, 0x0000000080800000|100%| O|  |TAMS 0x0000000080800000, 0x0000000080700000| Untracked 
|   8|0x0000000080800000, 0x0000000080900000, 0x0000000080900000|100%| O|  |TAMS 0x0000000080900000, 0x0000000080800000| Untracked 
|   9|0x0000000080900000, 0x0000000080a00000, 0x0000000080a00000|100%| O|  |TAMS 0x000000008094ac00, 0x0000000080900000| Untracked 
|  10|0x0000000080a00000, 0x0000000080b00000, 0x0000000080b00000|100%| O|  |TAMS 0x0000000080a00000, 0x0000000080a00000| Untracked 
|  11|0x0000000080b00000, 0x0000000080c00000, 0x0000000080c00000|100%| O|  |TAMS 0x0000000080b00000, 0x0000000080b00000| Untracked 
|  12|0x0000000080c00000, 0x0000000080d00000, 0x0000000080d00000|100%| O|  |TAMS 0x0000000080c00000, 0x0000000080c00000| Untracked 
|  13|0x0000000080d00000, 0x0000000080e00000, 0x0000000080e00000|100%| O|  |TAMS 0x0000000080d00000, 0x0000000080d00000| Untracked 
|  14|0x0000000080e00000, 0x0000000080f00000, 0x0000000080f00000|100%| O|  |TAMS 0x0000000080e00000, 0x0000000080e00000| Untracked 
|  15|0x0000000080f00000, 0x0000000081000000, 0x0000000081000000|100%| O|  |TAMS 0x0000000080f00000, 0x0000000080f00000| Untracked 
|  16|0x0000000081000000, 0x0000000081036e00, 0x0000000081100000| 21%| O|  |TAMS 0x0000000081000000, 0x0000000081000000| Untracked 
|  17|0x0000000081100000, 0x0000000081100000, 0x0000000081200000|  0%| F|  |TAMS 0x0000000081100000, 0x0000000081100000| Untracked 
|  18|0x0000000081200000, 0x0000000081200000, 0x0000000081300000|  0%| F|  |TAMS 0x0000000081200000, 0x0000000081200000| Untracked 
|  19|0x0000000081300000, 0x0000000081300000, 0x0000000081400000|  0%| F|  |TAMS 0x0000000081300000, 0x0000000081300000| Untracked 
|  20|0x0000000081400000, 0x0000000081400000, 0x0000000081500000|  0%| F|  |TAMS 0x0000000081400000, 0x0000000081400000| Untracked 
|  21|0x0000000081500000, 0x0000000081500000, 0x0000000081600000|  0%| F|  |TAMS 0x0000000081500000, 0x0000000081500000| Untracked 
|  22|0x0000000081600000, 0x0000000081600000, 0x0000000081700000|  0%| F|  |TAMS 0x0000000081600000, 0x0000000081600000| Untracked 
|  23|0x0000000081700000, 0x0000000081700000, 0x0000000081800000|  0%| F|  |TAMS 0x0000000081700000, 0x0000000081700000| Untracked 
|  24|0x0000000081800000, 0x0000000081800000, 0x0000000081900000|  0%| F|  |TAMS 0x0000000081800000, 0x0000000081800000| Untracked 
|  25|0x0000000081900000, 0x0000000081900000, 0x0000000081a00000|  0%| F|  |TAMS 0x0000000081900000, 0x0000000081900000| Untracked 
|  26|0x0000000081a00000, 0x0000000081a00000, 0x0000000081b00000|  0%| F|  |TAMS 0x0000000081a00000, 0x0000000081a00000| Untracked 
|  27|0x0000000081b00000, 0x0000000081b00000, 0x0000000081c00000|  0%| F|  |TAMS 0x0000000081b00000, 0x0000000081b00000| Untracked 
|  28|0x0000000081c00000, 0x0000000081c00000, 0x0000000081d00000|  0%| F|  |TAMS 0x0000000081c00000, 0x0000000081c00000| Untracked 
|  29|0x0000000081d00000, 0x0000000081d00000, 0x0000000081e00000|  0%| F|  |TAMS 0x0000000081d00000, 0x0000000081d00000| Untracked 
|  30|0x0000000081e00000, 0x0000000081e00000, 0x0000000081f00000|  0%| F|  |TAMS 0x0000000081e00000, 0x0000000081e00000| Untracked 
|  31|0x0000000081f00000, 0x0000000081f00000, 0x0000000082000000|  0%| F|  |TAMS 0x0000000081f00000, 0x0000000081f00000| Untracked 
|  32|0x0000000082000000, 0x0000000082000000, 0x0000000082100000|  0%| F|  |TAMS 0x0000000082000000, 0x0000000082000000| Untracked 
|  33|0x0000000082100000, 0x0000000082100000, 0x0000000082200000|  0%| F|  |TAMS 0x0000000082100000, 0x0000000082100000| Untracked 
|  34|0x0000000082200000, 0x0000000082200000, 0x0000000082300000|  0%| F|  |TAMS 0x0000000082200000, 0x0000000082200000| Untracked 
|  35|0x0000000082300000, 0x0000000082300000, 0x0000000082400000|  0%| F|  |TAMS 0x0000000082300000, 0x0000000082300000| Untracked 
|  36|0x0000000082400000, 0x0000000082400000, 0x0000000082500000|  0%| F|  |TAMS 0x0000000082400000, 0x0000000082400000| Untracked 
|  37|0x0000000082500000, 0x0000000082500000, 0x0000000082600000|  0%| F|  |TAMS 0x0000000082500000, 0x0000000082500000| Untracked 
|  38|0x0000000082600000, 0x0000000082600000, 0x0000000082700000|  0%| F|  |TAMS 0x0000000082600000, 0x0000000082600000| Untracked 
|  39|0x0000000082700000, 0x0000000082700000, 0x0000000082800000|  0%| F|  |TAMS 0x0000000082700000, 0x0000000082700000| Untracked 
|  40|0x0000000082800000, 0x0000000082800000, 0x0000000082900000|  0%| F|  |TAMS 0x0000000082800000, 0x0000000082800000| Untracked 
|  41|0x0000000082900000, 0x0000000082900000, 0x0000000082a00000|  0%| F|  |TAMS 0x0000000082900000, 0x0000000082900000| Untracked 
|  42|0x0000000082a00000, 0x0000000082a00000, 0x0000000082b00000|  0%| F|  |TAMS 0x0000000082a00000, 0x0000000082a00000| Untracked 
|  43|0x0000000082b00000, 0x0000000082b00000, 0x0000000082c00000|  0%| F|  |TAMS 0x0000000082b00000, 0x0000000082b00000| Untracked 
|  44|0x0000000082c00000, 0x0000000082c00000, 0x0000000082d00000|  0%| F|  |TAMS 0x0000000082c00000, 0x0000000082c00000| Untracked 
|  45|0x0000000082d00000, 0x0000000082d00000, 0x0000000082e00000|  0%| F|  |TAMS 0x0000000082d00000, 0x0000000082d00000| Untracked 
|  46|0x0000000082e00000, 0x0000000082e00000, 0x0000000082f00000|  0%| F|  |TAMS 0x0000000082e00000, 0x0000000082e00000| Untracked 
|  47|0x0000000082f00000, 0x0000000082f00000, 0x0000000083000000|  0%| F|  |TAMS 0x0000000082f00000, 0x0000000082f00000| Untracked 
|  48|0x0000000083000000, 0x0000000083000000, 0x0000000083100000|  0%| F|  |TAMS 0x0000000083000000, 0x0000000083000000| Untracked 
|  49|0x0000000083100000, 0x0000000083100000, 0x0000000083200000|  0%| F|  |TAMS 0x0000000083100000, 0x0000000083100000| Untracked 
|  50|0x0000000083200000, 0x0000000083200000, 0x0000000083300000|  0%| F|  |TAMS 0x0000000083200000, 0x0000000083200000| Untracked 
|  51|0x0000000083300000, 0x0000000083300000, 0x0000000083400000|  0%| F|  |TAMS 0x0000000083300000, 0x0000000083300000| Untracked 
|  52|0x0000000083400000, 0x0000000083400000, 0x0000000083500000|  0%| F|  |TAMS 0x0000000083400000, 0x0000000083400000| Untracked 
|  53|0x0000000083500000, 0x0000000083500000, 0x0000000083600000|  0%| F|  |TAMS 0x0000000083500000, 0x0000000083500000| Untracked 
|  54|0x0000000083600000, 0x0000000083600000, 0x0000000083700000|  0%| F|  |TAMS 0x0000000083600000, 0x0000000083600000| Untracked 
|  55|0x0000000083700000, 0x0000000083700000, 0x0000000083800000|  0%| F|  |TAMS 0x0000000083700000, 0x0000000083700000| Untracked 
|  56|0x0000000083800000, 0x0000000083800000, 0x0000000083900000|  0%| F|  |TAMS 0x0000000083800000, 0x0000000083800000| Untracked 
|  57|0x0000000083900000, 0x0000000083900000, 0x0000000083a00000|  0%| F|  |TAMS 0x0000000083900000, 0x0000000083900000| Untracked 
|  58|0x0000000083a00000, 0x0000000083a00000, 0x0000000083b00000|  0%| F|  |TAMS 0x0000000083a00000, 0x0000000083a00000| Untracked 
|  59|0x0000000083b00000, 0x0000000083b00000, 0x0000000083c00000|  0%| F|  |TAMS 0x0000000083b00000, 0x0000000083b00000| Untracked 
|  60|0x0000000083c00000, 0x0000000083c00000, 0x0000000083d00000|  0%| F|  |TAMS 0x0000000083c00000, 0x0000000083c00000| Untracked 
|  61|0x0000000083d00000, 0x0000000083d00000, 0x0000000083e00000|  0%| F|  |TAMS 0x0000000083d00000, 0x0000000083d00000| Untracked 
|  62|0x0000000083e00000, 0x0000000083e00000, 0x0000000083f00000|  0%| F|  |TAMS 0x0000000083e00000, 0x0000000083e00000| Untracked 
|  63|0x0000000083f00000, 0x0000000083f00000, 0x0000000084000000|  0%| F|  |TAMS 0x0000000083f00000, 0x0000000083f00000| Untracked 
|  64|0x0000000084000000, 0x0000000084000000, 0x0000000084100000|  0%| F|  |TAMS 0x0000000084000000, 0x0000000084000000| Untracked 
|  65|0x0000000084100000, 0x0000000084100000, 0x0000000084200000|  0%| F|  |TAMS 0x0000000084100000, 0x0000000084100000| Untracked 
|  66|0x0000000084200000, 0x0000000084200000, 0x0000000084300000|  0%| F|  |TAMS 0x0000000084200000, 0x0000000084200000| Untracked 
|  67|0x0000000084300000, 0x0000000084300000, 0x0000000084400000|  0%| F|  |TAMS 0x0000000084300000, 0x0000000084300000| Untracked 
|  68|0x0000000084400000, 0x0000000084400000, 0x0000000084500000|  0%| F|  |TAMS 0x0000000084400000, 0x0000000084400000| Untracked 
|  69|0x0000000084500000, 0x0000000084500000, 0x0000000084600000|  0%| F|  |TAMS 0x0000000084500000, 0x0000000084500000| Untracked 
|  70|0x0000000084600000, 0x0000000084600000, 0x0000000084700000|  0%| F|  |TAMS 0x0000000084600000, 0x0000000084600000| Untracked 
|  71|0x0000000084700000, 0x0000000084700000, 0x0000000084800000|  0%| F|  |TAMS 0x0000000084700000, 0x0000000084700000| Untracked 
|  72|0x0000000084800000, 0x0000000084800000, 0x0000000084900000|  0%| F|  |TAMS 0x0000000084800000, 0x0000000084800000| Untracked 
|  73|0x0000000084900000, 0x0000000084900000, 0x0000000084a00000|  0%| F|  |TAMS 0x0000000084900000, 0x0000000084900000| Untracked 
|  74|0x0000000084a00000, 0x0000000084a00000, 0x0000000084b00000|  0%| F|  |TAMS 0x0000000084a00000, 0x0000000084a00000| Untracked 
|  75|0x0000000084b00000, 0x0000000084b00000, 0x0000000084c00000|  0%| F|  |TAMS 0x0000000084b00000, 0x0000000084b00000| Untracked 
|  76|0x0000000084c00000, 0x0000000084c00000, 0x0000000084d00000|  0%| F|  |TAMS 0x0000000084c00000, 0x0000000084c00000| Untracked 
|  77|0x0000000084d00000, 0x0000000084d00000, 0x0000000084e00000|  0%| F|  |TAMS 0x0000000084d00000, 0x0000000084d00000| Untracked 
|  78|0x0000000084e00000, 0x0000000084e00000, 0x0000000084f00000|  0%| F|  |TAMS 0x0000000084e00000, 0x0000000084e00000| Untracked 
|  79|0x0000000084f00000, 0x0000000084f00000, 0x0000000085000000|  0%| F|  |TAMS 0x0000000084f00000, 0x0000000084f00000| Untracked 
|  80|0x0000000085000000, 0x0000000085000000, 0x0000000085100000|  0%| F|  |TAMS 0x0000000085000000, 0x0000000085000000| Untracked 
|  81|0x0000000085100000, 0x0000000085100000, 0x0000000085200000|  0%| F|  |TAMS 0x0000000085100000, 0x0000000085100000| Untracked 
|  82|0x0000000085200000, 0x0000000085200000, 0x0000000085300000|  0%| F|  |TAMS 0x0000000085200000, 0x0000000085200000| Untracked 
|  83|0x0000000085300000, 0x0000000085300000, 0x0000000085400000|  0%| F|  |TAMS 0x0000000085300000, 0x0000000085300000| Untracked 
|  84|0x0000000085400000, 0x0000000085400000, 0x0000000085500000|  0%| F|  |TAMS 0x0000000085400000, 0x0000000085400000| Untracked 
|  85|0x0000000085500000, 0x0000000085500000, 0x0000000085600000|  0%| F|  |TAMS 0x0000000085500000, 0x0000000085500000| Untracked 
|  86|0x0000000085600000, 0x0000000085600000, 0x0000000085700000|  0%| F|  |TAMS 0x0000000085600000, 0x0000000085600000| Untracked 
|  87|0x0000000085700000, 0x0000000085700000, 0x0000000085800000|  0%| F|  |TAMS 0x0000000085700000, 0x0000000085700000| Untracked 
|  88|0x0000000085800000, 0x0000000085800000, 0x0000000085900000|  0%| F|  |TAMS 0x0000000085800000, 0x0000000085800000| Untracked 
|  89|0x0000000085900000, 0x0000000085900000, 0x0000000085a00000|  0%| F|  |TAMS 0x0000000085900000, 0x0000000085900000| Untracked 
|  90|0x0000000085a00000, 0x0000000085a00000, 0x0000000085b00000|  0%| F|  |TAMS 0x0000000085a00000, 0x0000000085a00000| Untracked 
|  91|0x0000000085b00000, 0x0000000085b00000, 0x0000000085c00000|  0%| F|  |TAMS 0x0000000085b00000, 0x0000000085b00000| Untracked 
|  92|0x0000000085c00000, 0x0000000085c00000, 0x0000000085d00000|  0%| F|  |TAMS 0x0000000085c00000, 0x0000000085c00000| Untracked 
|  93|0x0000000085d00000, 0x0000000085d00000, 0x0000000085e00000|  0%| F|  |TAMS 0x0000000085d00000, 0x0000000085d00000| Untracked 
|  94|0x0000000085e00000, 0x0000000085e00000, 0x0000000085f00000|  0%| F|  |TAMS 0x0000000085e00000, 0x0000000085e00000| Untracked 
|  95|0x0000000085f00000, 0x0000000085f00000, 0x0000000086000000|  0%| F|  |TAMS 0x0000000085f00000, 0x0000000085f00000| Untracked 
|  96|0x0000000086000000, 0x0000000086000000, 0x0000000086100000|  0%| F|  |TAMS 0x0000000086000000, 0x0000000086000000| Untracked 
|  97|0x0000000086100000, 0x0000000086100000, 0x0000000086200000|  0%| F|  |TAMS 0x0000000086100000, 0x0000000086100000| Untracked 
|  98|0x0000000086200000, 0x0000000086200000, 0x0000000086300000|  0%| F|  |TAMS 0x0000000086200000, 0x0000000086200000| Untracked 
|  99|0x0000000086300000, 0x0000000086300000, 0x0000000086400000|  0%| F|  |TAMS 0x0000000086300000, 0x0000000086300000| Untracked 
| 100|0x0000000086400000, 0x0000000086400000, 0x0000000086500000|  0%| F|  |TAMS 0x0000000086400000, 0x0000000086400000| Untracked 
| 101|0x0000000086500000, 0x0000000086500000, 0x0000000086600000|  0%| F|  |TAMS 0x0000000086500000, 0x0000000086500000| Untracked 
| 102|0x0000000086600000, 0x0000000086600000, 0x0000000086700000|  0%| F|  |TAMS 0x0000000086600000, 0x0000000086600000| Untracked 
| 103|0x0000000086700000, 0x0000000086700000, 0x0000000086800000|  0%| F|  |TAMS 0x0000000086700000, 0x0000000086700000| Untracked 
| 104|0x0000000086800000, 0x0000000086800000, 0x0000000086900000|  0%| F|  |TAMS 0x0000000086800000, 0x0000000086800000| Untracked 
| 105|0x0000000086900000, 0x0000000086900000, 0x0000000086a00000|  0%| F|  |TAMS 0x0000000086900000, 0x0000000086900000| Untracked 
| 106|0x0000000086a00000, 0x0000000086a00000, 0x0000000086b00000|  0%| F|  |TAMS 0x0000000086a00000, 0x0000000086a00000| Untracked 
| 107|0x0000000086b00000, 0x0000000086b00000, 0x0000000086c00000|  0%| F|  |TAMS 0x0000000086b00000, 0x0000000086b00000| Untracked 
| 108|0x0000000086c00000, 0x0000000086c00000, 0x0000000086d00000|  0%| F|  |TAMS 0x0000000086c00000, 0x0000000086c00000| Untracked 
| 109|0x0000000086d00000, 0x0000000086d00000, 0x0000000086e00000|  0%| F|  |TAMS 0x0000000086d00000, 0x0000000086d00000| Untracked 
| 110|0x0000000086e00000, 0x0000000086e00000, 0x0000000086f00000|  0%| F|  |TAMS 0x0000000086e00000, 0x0000000086e00000| Untracked 
| 111|0x0000000086f00000, 0x0000000086f00000, 0x0000000087000000|  0%| F|  |TAMS 0x0000000086f00000, 0x0000000086f00000| Untracked 
| 112|0x0000000087000000, 0x0000000087000000, 0x0000000087100000|  0%| F|  |TAMS 0x0000000087000000, 0x0000000087000000| Untracked 
| 113|0x0000000087100000, 0x0000000087100000, 0x0000000087200000|  0%| F|  |TAMS 0x0000000087100000, 0x0000000087100000| Untracked 
| 114|0x0000000087200000, 0x0000000087200000, 0x0000000087300000|  0%| F|  |TAMS 0x0000000087200000, 0x0000000087200000| Untracked 
| 115|0x0000000087300000, 0x0000000087300000, 0x0000000087400000|  0%| F|  |TAMS 0x0000000087300000, 0x0000000087300000| Untracked 
| 116|0x0000000087400000, 0x0000000087400000, 0x0000000087500000|  0%| F|  |TAMS 0x0000000087400000, 0x0000000087400000| Untracked 
| 117|0x0000000087500000, 0x0000000087500000, 0x0000000087600000|  0%| F|  |TAMS 0x0000000087500000, 0x0000000087500000| Untracked 
| 118|0x0000000087600000, 0x0000000087600000, 0x0000000087700000|  0%| F|  |TAMS 0x0000000087600000, 0x0000000087600000| Untracked 
| 119|0x0000000087700000, 0x0000000087700000, 0x0000000087800000|  0%| F|  |TAMS 0x0000000087700000, 0x0000000087700000| Untracked 
| 120|0x0000000087800000, 0x0000000087800000, 0x0000000087900000|  0%| F|  |TAMS 0x0000000087800000, 0x0000000087800000| Untracked 
| 121|0x0000000087900000, 0x0000000087900000, 0x0000000087a00000|  0%| F|  |TAMS 0x0000000087900000, 0x0000000087900000| Untracked 
| 122|0x0000000087a00000, 0x0000000087a00000, 0x0000000087b00000|  0%| F|  |TAMS 0x0000000087a00000, 0x0000000087a00000| Untracked 
| 123|0x0000000087b00000, 0x0000000087b00000, 0x0000000087c00000|  0%| F|  |TAMS 0x0000000087b00000, 0x0000000087b00000| Untracked 
| 124|0x0000000087c00000, 0x0000000087c00000, 0x0000000087d00000|  0%| F|  |TAMS 0x0000000087c00000, 0x0000000087c00000| Untracked 
| 125|0x0000000087d00000, 0x0000000087d00000, 0x0000000087e00000|  0%| F|  |TAMS 0x0000000087d00000, 0x0000000087d00000| Untracked 
| 126|0x0000000087e00000, 0x0000000087e00000, 0x0000000087f00000|  0%| F|  |TAMS 0x0000000087e00000, 0x0000000087e00000| Untracked 
| 127|0x0000000087f00000, 0x0000000087f00000, 0x0000000088000000|  0%| F|  |TAMS 0x0000000087f00000, 0x0000000087f00000| Untracked 
| 128|0x0000000088000000, 0x0000000088000000, 0x0000000088100000|  0%| F|  |TAMS 0x0000000088000000, 0x0000000088000000| Untracked 
| 129|0x0000000088100000, 0x0000000088100000, 0x0000000088200000|  0%| F|  |TAMS 0x0000000088100000, 0x0000000088100000| Untracked 
| 130|0x0000000088200000, 0x0000000088200000, 0x0000000088300000|  0%| F|  |TAMS 0x0000000088200000, 0x0000000088200000| Untracked 
| 131|0x0000000088300000, 0x0000000088300000, 0x0000000088400000|  0%| F|  |TAMS 0x0000000088300000, 0x0000000088300000| Untracked 
| 132|0x0000000088400000, 0x0000000088400000, 0x0000000088500000|  0%| F|  |TAMS 0x0000000088400000, 0x0000000088400000| Untracked 
| 133|0x0000000088500000, 0x0000000088500000, 0x0000000088600000|  0%| F|  |TAMS 0x0000000088500000, 0x0000000088500000| Untracked 
| 134|0x0000000088600000, 0x0000000088600000, 0x0000000088700000|  0%| F|  |TAMS 0x0000000088600000, 0x0000000088600000| Untracked 
| 135|0x0000000088700000, 0x0000000088700000, 0x0000000088800000|  0%| F|  |TAMS 0x0000000088700000, 0x0000000088700000| Untracked 
| 136|0x0000000088800000, 0x0000000088800000, 0x0000000088900000|  0%| F|  |TAMS 0x0000000088800000, 0x0000000088800000| Untracked 
| 137|0x0000000088900000, 0x0000000088900000, 0x0000000088a00000|  0%| F|  |TAMS 0x0000000088900000, 0x0000000088900000| Untracked 
| 138|0x0000000088a00000, 0x0000000088a00000, 0x0000000088b00000|  0%| F|  |TAMS 0x0000000088a00000, 0x0000000088a00000| Untracked 
| 139|0x0000000088b00000, 0x0000000088b00000, 0x0000000088c00000|  0%| F|  |TAMS 0x0000000088b00000, 0x0000000088b00000| Untracked 
| 140|0x0000000088c00000, 0x0000000088c00000, 0x0000000088d00000|  0%| F|  |TAMS 0x0000000088c00000, 0x0000000088c00000| Untracked 
| 141|0x0000000088d00000, 0x0000000088d00000, 0x0000000088e00000|  0%| F|  |TAMS 0x0000000088d00000, 0x0000000088d00000| Untracked 
| 142|0x0000000088e00000, 0x0000000088e00000, 0x0000000088f00000|  0%| F|  |TAMS 0x0000000088e00000, 0x0000000088e00000| Untracked 
| 143|0x0000000088f00000, 0x0000000088f00000, 0x0000000089000000|  0%| F|  |TAMS 0x0000000088f00000, 0x0000000088f00000| Untracked 
| 144|0x0000000089000000, 0x0000000089000000, 0x0000000089100000|  0%| F|  |TAMS 0x0000000089000000, 0x0000000089000000| Untracked 
| 145|0x0000000089100000, 0x0000000089100000, 0x0000000089200000|  0%| F|  |TAMS 0x0000000089100000, 0x0000000089100000| Untracked 
| 146|0x0000000089200000, 0x0000000089200000, 0x0000000089300000|  0%| F|  |TAMS 0x0000000089200000, 0x0000000089200000| Untracked 
| 147|0x0000000089300000, 0x0000000089300000, 0x0000000089400000|  0%| F|  |TAMS 0x0000000089300000, 0x0000000089300000| Untracked 
| 148|0x0000000089400000, 0x0000000089400000, 0x0000000089500000|  0%| F|  |TAMS 0x0000000089400000, 0x0000000089400000| Untracked 
| 149|0x0000000089500000, 0x0000000089500000, 0x0000000089600000|  0%| F|  |TAMS 0x0000000089500000, 0x0000000089500000| Untracked 
| 150|0x0000000089600000, 0x0000000089600000, 0x0000000089700000|  0%| F|  |TAMS 0x0000000089600000, 0x0000000089600000| Untracked 
| 151|0x0000000089700000, 0x0000000089700000, 0x0000000089800000|  0%| F|  |TAMS 0x0000000089700000, 0x0000000089700000| Untracked 
| 152|0x0000000089800000, 0x0000000089800000, 0x0000000089900000|  0%| F|  |TAMS 0x0000000089800000, 0x0000000089800000| Untracked 
| 153|0x0000000089900000, 0x0000000089900000, 0x0000000089a00000|  0%| F|  |TAMS 0x0000000089900000, 0x0000000089900000| Untracked 
| 154|0x0000000089a00000, 0x0000000089a00000, 0x0000000089b00000|  0%| F|  |TAMS 0x0000000089a00000, 0x0000000089a00000| Untracked 
| 155|0x0000000089b00000, 0x0000000089b00000, 0x0000000089c00000|  0%| F|  |TAMS 0x0000000089b00000, 0x0000000089b00000| Untracked 
| 156|0x0000000089c00000, 0x0000000089c00000, 0x0000000089d00000|  0%| F|  |TAMS 0x0000000089c00000, 0x0000000089c00000| Untracked 
| 157|0x0000000089d00000, 0x0000000089d00000, 0x0000000089e00000|  0%| F|  |TAMS 0x0000000089d00000, 0x0000000089d00000| Untracked 
| 158|0x0000000089e00000, 0x0000000089e00000, 0x0000000089f00000|  0%| F|  |TAMS 0x0000000089e00000, 0x0000000089e00000| Untracked 
| 159|0x0000000089f00000, 0x0000000089f00000, 0x000000008a000000|  0%| F|  |TAMS 0x0000000089f00000, 0x0000000089f00000| Untracked 
| 160|0x000000008a000000, 0x000000008a000000, 0x000000008a100000|  0%| F|  |TAMS 0x000000008a000000, 0x000000008a000000| Untracked 
| 161|0x000000008a100000, 0x000000008a100000, 0x000000008a200000|  0%| F|  |TAMS 0x000000008a100000, 0x000000008a100000| Untracked 
| 162|0x000000008a200000, 0x000000008a24bb58, 0x000000008a300000| 29%| S|CS|TAMS 0x000000008a200000, 0x000000008a200000| Complete 
| 163|0x000000008a300000, 0x000000008a400000, 0x000000008a400000|100%| S|CS|TAMS 0x000000008a300000, 0x000000008a300000| Complete 
| 164|0x000000008a400000, 0x000000008a500000, 0x000000008a500000|100%| S|CS|TAMS 0x000000008a400000, 0x000000008a400000| Complete 
| 165|0x000000008a500000, 0x000000008a600000, 0x000000008a600000|100%| S|CS|TAMS 0x000000008a500000, 0x000000008a500000| Complete 
| 166|0x000000008a600000, 0x000000008a600000, 0x000000008a700000|  0%| F|  |TAMS 0x000000008a600000, 0x000000008a600000| Untracked 
| 167|0x000000008a700000, 0x000000008a700000, 0x000000008a800000|  0%| F|  |TAMS 0x000000008a700000, 0x000000008a700000| Untracked 
| 168|0x000000008a800000, 0x000000008a800000, 0x000000008a900000|  0%| F|  |TAMS 0x000000008a800000, 0x000000008a800000| Untracked 
| 169|0x000000008a900000, 0x000000008a900000, 0x000000008aa00000|  0%| F|  |TAMS 0x000000008a900000, 0x000000008a900000| Untracked 
| 170|0x000000008aa00000, 0x000000008aa00000, 0x000000008ab00000|  0%| F|  |TAMS 0x000000008aa00000, 0x000000008aa00000| Untracked 
| 171|0x000000008ab00000, 0x000000008ab00000, 0x000000008ac00000|  0%| F|  |TAMS 0x000000008ab00000, 0x000000008ab00000| Untracked 
| 172|0x000000008ac00000, 0x000000008ac00000, 0x000000008ad00000|  0%| F|  |TAMS 0x000000008ac00000, 0x000000008ac00000| Untracked 
| 173|0x000000008ad00000, 0x000000008ad00000, 0x000000008ae00000|  0%| F|  |TAMS 0x000000008ad00000, 0x000000008ad00000| Untracked 
| 174|0x000000008ae00000, 0x000000008ae00000, 0x000000008af00000|  0%| F|  |TAMS 0x000000008ae00000, 0x000000008ae00000| Untracked 
| 175|0x000000008af00000, 0x000000008af00000, 0x000000008b000000|  0%| F|  |TAMS 0x000000008af00000, 0x000000008af00000| Untracked 
| 176|0x000000008b000000, 0x000000008b000000, 0x000000008b100000|  0%| F|  |TAMS 0x000000008b000000, 0x000000008b000000| Untracked 
| 177|0x000000008b100000, 0x000000008b100000, 0x000000008b200000|  0%| F|  |TAMS 0x000000008b100000, 0x000000008b100000| Untracked 
| 178|0x000000008b200000, 0x000000008b200000, 0x000000008b300000|  0%| F|  |TAMS 0x000000008b200000, 0x000000008b200000| Untracked 
| 179|0x000000008b300000, 0x000000008b300000, 0x000000008b400000|  0%| F|  |TAMS 0x000000008b300000, 0x000000008b300000| Untracked 
| 180|0x000000008b400000, 0x000000008b400000, 0x000000008b500000|  0%| F|  |TAMS 0x000000008b400000, 0x000000008b400000| Untracked 
| 181|0x000000008b500000, 0x000000008b500000, 0x000000008b600000|  0%| F|  |TAMS 0x000000008b500000, 0x000000008b500000| Untracked 
| 182|0x000000008b600000, 0x000000008b600000, 0x000000008b700000|  0%| F|  |TAMS 0x000000008b600000, 0x000000008b600000| Untracked 
| 183|0x000000008b700000, 0x000000008b700000, 0x000000008b800000|  0%| F|  |TAMS 0x000000008b700000, 0x000000008b700000| Untracked 
| 184|0x000000008b800000, 0x000000008b800000, 0x000000008b900000|  0%| F|  |TAMS 0x000000008b800000, 0x000000008b800000| Untracked 
| 185|0x000000008b900000, 0x000000008b900000, 0x000000008ba00000|  0%| F|  |TAMS 0x000000008b900000, 0x000000008b900000| Untracked 
| 186|0x000000008ba00000, 0x000000008ba00000, 0x000000008bb00000|  0%| F|  |TAMS 0x000000008ba00000, 0x000000008ba00000| Untracked 
| 187|0x000000008bb00000, 0x000000008bb00000, 0x000000008bc00000|  0%| F|  |TAMS 0x000000008bb00000, 0x000000008bb00000| Untracked 
| 188|0x000000008bc00000, 0x000000008bc00000, 0x000000008bd00000|  0%| F|  |TAMS 0x000000008bc00000, 0x000000008bc00000| Untracked 
| 189|0x000000008bd00000, 0x000000008bd00000, 0x000000008be00000|  0%| F|  |TAMS 0x000000008bd00000, 0x000000008bd00000| Untracked 
| 190|0x000000008be00000, 0x000000008be00000, 0x000000008bf00000|  0%| F|  |TAMS 0x000000008be00000, 0x000000008be00000| Untracked 
| 191|0x000000008bf00000, 0x000000008bf00000, 0x000000008c000000|  0%| F|  |TAMS 0x000000008bf00000, 0x000000008bf00000| Untracked 
| 192|0x000000008c000000, 0x000000008c000000, 0x000000008c100000|  0%| F|  |TAMS 0x000000008c000000, 0x000000008c000000| Untracked 
| 193|0x000000008c100000, 0x000000008c100000, 0x000000008c200000|  0%| F|  |TAMS 0x000000008c100000, 0x000000008c100000| Untracked 
| 194|0x000000008c200000, 0x000000008c200000, 0x000000008c300000|  0%| F|  |TAMS 0x000000008c200000, 0x000000008c200000| Untracked 
| 195|0x000000008c300000, 0x000000008c300000, 0x000000008c400000|  0%| F|  |TAMS 0x000000008c300000, 0x000000008c300000| Untracked 
| 196|0x000000008c400000, 0x000000008c400000, 0x000000008c500000|  0%| F|  |TAMS 0x000000008c400000, 0x000000008c400000| Untracked 
| 197|0x000000008c500000, 0x000000008c500000, 0x000000008c600000|  0%| F|  |TAMS 0x000000008c500000, 0x000000008c500000| Untracked 
| 198|0x000000008c600000, 0x000000008c600000, 0x000000008c700000|  0%| F|  |TAMS 0x000000008c600000, 0x000000008c600000| Untracked 
| 199|0x000000008c700000, 0x000000008c700000, 0x000000008c800000|  0%| F|  |TAMS 0x000000008c700000, 0x000000008c700000| Untracked 
| 200|0x000000008c800000, 0x000000008c800000, 0x000000008c900000|  0%| F|  |TAMS 0x000000008c800000, 0x000000008c800000| Untracked 
| 201|0x000000008c900000, 0x000000008c900000, 0x000000008ca00000|  0%| F|  |TAMS 0x000000008c900000, 0x000000008c900000| Untracked 
| 202|0x000000008ca00000, 0x000000008ca00000, 0x000000008cb00000|  0%| F|  |TAMS 0x000000008ca00000, 0x000000008ca00000| Untracked 
| 203|0x000000008cb00000, 0x000000008cb00000, 0x000000008cc00000|  0%| F|  |TAMS 0x000000008cb00000, 0x000000008cb00000| Untracked 
| 204|0x000000008cc00000, 0x000000008cc00000, 0x000000008cd00000|  0%| F|  |TAMS 0x000000008cc00000, 0x000000008cc00000| Untracked 
| 205|0x000000008cd00000, 0x000000008cd00000, 0x000000008ce00000|  0%| F|  |TAMS 0x000000008cd00000, 0x000000008cd00000| Untracked 
| 206|0x000000008ce00000, 0x000000008ce00000, 0x000000008cf00000|  0%| F|  |TAMS 0x000000008ce00000, 0x000000008ce00000| Untracked 
| 207|0x000000008cf00000, 0x000000008cf00000, 0x000000008d000000|  0%| F|  |TAMS 0x000000008cf00000, 0x000000008cf00000| Untracked 
| 208|0x000000008d000000, 0x000000008d000000, 0x000000008d100000|  0%| F|  |TAMS 0x000000008d000000, 0x000000008d000000| Untracked 
| 209|0x000000008d100000, 0x000000008d100000, 0x000000008d200000|  0%| F|  |TAMS 0x000000008d100000, 0x000000008d100000| Untracked 
| 210|0x000000008d200000, 0x000000008d200000, 0x000000008d300000|  0%| F|  |TAMS 0x000000008d200000, 0x000000008d200000| Untracked 
| 211|0x000000008d300000, 0x000000008d300000, 0x000000008d400000|  0%| F|  |TAMS 0x000000008d300000, 0x000000008d300000| Untracked 
| 212|0x000000008d400000, 0x000000008d400000, 0x000000008d500000|  0%| F|  |TAMS 0x000000008d400000, 0x000000008d400000| Untracked 
| 213|0x000000008d500000, 0x000000008d500000, 0x000000008d600000|  0%| F|  |TAMS 0x000000008d500000, 0x000000008d500000| Untracked 
| 214|0x000000008d600000, 0x000000008d600000, 0x000000008d700000|  0%| F|  |TAMS 0x000000008d600000, 0x000000008d600000| Untracked 
| 215|0x000000008d700000, 0x000000008d700000, 0x000000008d800000|  0%| F|  |TAMS 0x000000008d700000, 0x000000008d700000| Untracked 
| 216|0x000000008d800000, 0x000000008d800000, 0x000000008d900000|  0%| F|  |TAMS 0x000000008d800000, 0x000000008d800000| Untracked 
| 217|0x000000008d900000, 0x000000008d900000, 0x000000008da00000|  0%| F|  |TAMS 0x000000008d900000, 0x000000008d900000| Untracked 
| 218|0x000000008da00000, 0x000000008da00000, 0x000000008db00000|  0%| F|  |TAMS 0x000000008da00000, 0x000000008da00000| Untracked 
| 219|0x000000008db00000, 0x000000008db00000, 0x000000008dc00000|  0%| F|  |TAMS 0x000000008db00000, 0x000000008db00000| Untracked 
| 220|0x000000008dc00000, 0x000000008dc00000, 0x000000008dd00000|  0%| F|  |TAMS 0x000000008dc00000, 0x000000008dc00000| Untracked 
| 221|0x000000008dd00000, 0x000000008dd00000, 0x000000008de00000|  0%| F|  |TAMS 0x000000008dd00000, 0x000000008dd00000| Untracked 
| 222|0x000000008de00000, 0x000000008de00000, 0x000000008df00000|  0%| F|  |TAMS 0x000000008de00000, 0x000000008de00000| Untracked 
| 223|0x000000008df00000, 0x000000008df00000, 0x000000008e000000|  0%| F|  |TAMS 0x000000008df00000, 0x000000008df00000| Untracked 
| 224|0x000000008e000000, 0x000000008e000000, 0x000000008e100000|  0%| F|  |TAMS 0x000000008e000000, 0x000000008e000000| Untracked 
| 225|0x000000008e100000, 0x000000008e100000, 0x000000008e200000|  0%| F|  |TAMS 0x000000008e100000, 0x000000008e100000| Untracked 
| 226|0x000000008e200000, 0x000000008e200000, 0x000000008e300000|  0%| F|  |TAMS 0x000000008e200000, 0x000000008e200000| Untracked 
| 227|0x000000008e300000, 0x000000008e300000, 0x000000008e400000|  0%| F|  |TAMS 0x000000008e300000, 0x000000008e300000| Untracked 
| 228|0x000000008e400000, 0x000000008e400000, 0x000000008e500000|  0%| F|  |TAMS 0x000000008e400000, 0x000000008e400000| Untracked 
| 229|0x000000008e500000, 0x000000008e500000, 0x000000008e600000|  0%| F|  |TAMS 0x000000008e500000, 0x000000008e500000| Untracked 
| 230|0x000000008e600000, 0x000000008e600000, 0x000000008e700000|  0%| F|  |TAMS 0x000000008e600000, 0x000000008e600000| Untracked 
| 231|0x000000008e700000, 0x000000008e700000, 0x000000008e800000|  0%| F|  |TAMS 0x000000008e700000, 0x000000008e700000| Untracked 
| 232|0x000000008e800000, 0x000000008e800000, 0x000000008e900000|  0%| F|  |TAMS 0x000000008e800000, 0x000000008e800000| Untracked 
| 233|0x000000008e900000, 0x000000008e900000, 0x000000008ea00000|  0%| F|  |TAMS 0x000000008e900000, 0x000000008e900000| Untracked 
| 234|0x000000008ea00000, 0x000000008ea00000, 0x000000008eb00000|  0%| F|  |TAMS 0x000000008ea00000, 0x000000008ea00000| Untracked 
| 235|0x000000008eb00000, 0x000000008eb00000, 0x000000008ec00000|  0%| F|  |TAMS 0x000000008eb00000, 0x000000008eb00000| Untracked 
| 236|0x000000008ec00000, 0x000000008ec00000, 0x000000008ed00000|  0%| F|  |TAMS 0x000000008ec00000, 0x000000008ec00000| Untracked 
| 237|0x000000008ed00000, 0x000000008ed00000, 0x000000008ee00000|  0%| F|  |TAMS 0x000000008ed00000, 0x000000008ed00000| Untracked 
| 238|0x000000008ee00000, 0x000000008ee00000, 0x000000008ef00000|  0%| F|  |TAMS 0x000000008ee00000, 0x000000008ee00000| Untracked 
| 239|0x000000008ef00000, 0x000000008ef00000, 0x000000008f000000|  0%| F|  |TAMS 0x000000008ef00000, 0x000000008ef00000| Untracked 
| 240|0x000000008f000000, 0x000000008f000000, 0x000000008f100000|  0%| F|  |TAMS 0x000000008f000000, 0x000000008f000000| Untracked 
| 241|0x000000008f100000, 0x000000008f100000, 0x000000008f200000|  0%| F|  |TAMS 0x000000008f100000, 0x000000008f100000| Untracked 
| 242|0x000000008f200000, 0x000000008f200000, 0x000000008f300000|  0%| F|  |TAMS 0x000000008f200000, 0x000000008f200000| Untracked 
| 243|0x000000008f300000, 0x000000008f400000, 0x000000008f400000|100%| E|  |TAMS 0x000000008f300000, 0x000000008f300000| Complete 
| 244|0x000000008f400000, 0x000000008f500000, 0x000000008f500000|100%| E|CS|TAMS 0x000000008f400000, 0x000000008f400000| Complete 
| 245|0x000000008f500000, 0x000000008f600000, 0x000000008f600000|100%| E|CS|TAMS 0x000000008f500000, 0x000000008f500000| Complete 
| 246|0x000000008f600000, 0x000000008f700000, 0x000000008f700000|100%| E|CS|TAMS 0x000000008f600000, 0x000000008f600000| Complete 
| 247|0x000000008f700000, 0x000000008f800000, 0x000000008f800000|100%| E|CS|TAMS 0x000000008f700000, 0x000000008f700000| Complete 
| 248|0x000000008f800000, 0x000000008f900000, 0x000000008f900000|100%| E|CS|TAMS 0x000000008f800000, 0x000000008f800000| Complete 
| 249|0x000000008f900000, 0x000000008fa00000, 0x000000008fa00000|100%| E|CS|TAMS 0x000000008f900000, 0x000000008f900000| Complete 
| 250|0x000000008fa00000, 0x000000008fb00000, 0x000000008fb00000|100%| E|CS|TAMS 0x000000008fa00000, 0x000000008fa00000| Complete 
| 251|0x000000008fb00000, 0x000000008fc00000, 0x000000008fc00000|100%| E|CS|TAMS 0x000000008fb00000, 0x000000008fb00000| Complete 
| 252|0x000000008fc00000, 0x000000008fd00000, 0x000000008fd00000|100%| E|CS|TAMS 0x000000008fc00000, 0x000000008fc00000| Complete 
| 253|0x000000008fd00000, 0x000000008fe00000, 0x000000008fe00000|100%| E|CS|TAMS 0x000000008fd00000, 0x000000008fd00000| Complete 
| 254|0x000000008fe00000, 0x000000008ff00000, 0x000000008ff00000|100%| E|CS|TAMS 0x000000008fe00000, 0x000000008fe00000| Complete 
| 255|0x000000008ff00000, 0x0000000090000000, 0x0000000090000000|100%| E|CS|TAMS 0x000000008ff00000, 0x000000008ff00000| Complete 

Card table byte_map: [0x000002f0bb420000,0x000002f0bb820000] _byte_map_base: 0x000002f0bb020000

Marking Bits (Prev, Next): (CMBitMap*) 0x000002f0a7fe4d60, (CMBitMap*) 0x000002f0a7fe4d28
 Prev Bits: [0x000002f0bdc20000, 0x000002f0bfc20000)
 Next Bits: [0x000002f0bbc20000, 0x000002f0bdc20000)

Polling page: 0x000002f0a5f50000

Metaspace:

Usage:
  Non-class:     28.79 MB capacity,    28.36 MB ( 99%) used,   368.57 KB (  1%) free+waste,    70.31 KB ( <1%) overhead. 
      Class:      4.48 MB capacity,     4.20 MB ( 94%) used,   247.20 KB (  5%) free+waste,    34.50 KB ( <1%) overhead. 
       Both:     33.27 MB capacity,    32.57 MB ( 98%) used,   615.77 KB (  2%) free+waste,   104.81 KB ( <1%) overhead. 

Virtual space:
  Non-class space:       30.00 MB reserved,      28.92 MB ( 96%) committed 
      Class space:        1.00 GB reserved,       4.50 MB ( <1%) committed 
             Both:        1.03 GB reserved,      33.42 MB (  3%) committed 

Chunk freelists:
   Non-Class:  4.00 KB
       Class:  24.00 KB
        Both:  28.00 KB

MaxMetaspaceSize: 17179869184.00 GB
CompressedClassSpaceSize: 1.00 GB
Initial GC threshold: 20.80 MB
Current GC threshold: 35.08 MB
CDS: off

CodeHeap 'non-profiled nmethods': size=120000Kb used=1461Kb max_used=1461Kb free=118538Kb
 bounds [0x000002f0b3590000, 0x000002f0b3800000, 0x000002f0baac0000]
CodeHeap 'profiled nmethods': size=120000Kb used=5786Kb max_used=5786Kb free=114213Kb
 bounds [0x000002f0ac060000, 0x000002f0ac610000, 0x000002f0b3590000]
CodeHeap 'non-nmethods': size=5760Kb used=1231Kb max_used=1283Kb free=4528Kb
 bounds [0x000002f0abac0000, 0x000002f0abd30000, 0x000002f0ac060000]
 total_blobs=3226 nmethods=2716 adapters=422
 compilation: enabled
              stopped_count=0, restarted_count=0
 full_count=0

Compilation events (20 events):
Event: 2.857 Thread 0x000002f0c3191800 2690       3       java.lang.ClassValue$Entry::value (9 bytes)
Event: 2.857 Thread 0x000002f0c3191800 nmethod 2690 0x000002f0ac5f4c90 code [0x000002f0ac5f4e40, 0x000002f0ac5f4fb8]
Event: 2.857 Thread 0x000002f0c3191800 2691       3       java.lang.ClassValue$Entry::assertNotPromise (22 bytes)
Event: 2.857 Thread 0x000002f0c3191800 nmethod 2691 0x000002f0ac5f5090 code [0x000002f0ac5f5240, 0x000002f0ac5f5358]
Event: 2.857 Thread 0x000002f0c3191800 2689       1       java.lang.ClassValue::version (5 bytes)
Event: 2.857 Thread 0x000002f0c3191800 nmethod 2689 0x000002f0b36f5090 code [0x000002f0b36f5240, 0x000002f0b36f52f8]
Event: 2.857 Thread 0x000002f0c3191800 2692   !   3       org.codehaus.groovy.util.LazyReference::getLocked (85 bytes)
Event: 2.858 Thread 0x000002f0c3191800 nmethod 2692 0x000002f0ac5f5410 code [0x000002f0ac5f5740, 0x000002f0ac5f6898]
Event: 2.858 Thread 0x000002f0c3191800 2693       3       org.codehaus.groovy.util.LockableObject::tryRelease (45 bytes)
Event: 2.858 Thread 0x000002f0c3191800 nmethod 2693 0x000002f0ac5f6f90 code [0x000002f0ac5f7160, 0x000002f0ac5f7428]
Event: 2.859 Thread 0x000002f0c3191800 2694       3       java.lang.ClassValue$Entry::version (8 bytes)
Event: 2.859 Thread 0x000002f0c3191800 nmethod 2694 0x000002f0ac5f7510 code [0x000002f0ac5f76c0, 0x000002f0ac5f7958]
Event: 2.860 Thread 0x000002f0c3191800 2695       3       java.util.concurrent.atomic.AtomicInteger::<init> (5 bytes)
Event: 2.860 Thread 0x000002f0c3191800 nmethod 2695 0x000002f0ac5f7a10 code [0x000002f0ac5f7bc0, 0x000002f0ac5f7d78]
Event: 2.861 Thread 0x000002f0c3191800 2696       3       java.lang.Class::getMethod (59 bytes)
Event: 2.861 Thread 0x000002f0c3191800 nmethod 2696 0x000002f0ac5f7e90 code [0x000002f0ac5f8160, 0x000002f0ac5f8d88]
Event: 2.861 Thread 0x000002f0c3191800 2697       3       java.lang.Class::getMethod0 (31 bytes)
Event: 2.862 Thread 0x000002f0c3191800 nmethod 2697 0x000002f0ac5f9210 code [0x000002f0ac5f93e0, 0x000002f0ac5f95f8]
Event: 2.862 Thread 0x000002f0c3191800 2698       3       org.codehaus.groovy.reflection.CachedClass::getInterfaces (11 bytes)
Event: 2.862 Thread 0x000002f0c3191800 nmethod 2698 0x000002f0ac5f9710 code [0x000002f0ac5f98e0, 0x000002f0ac5f9b88]

GC Heap History (8 events):
Event: 0.454 GC heap before
{Heap before GC invocations=0 (full 0):
 garbage-first heap   total 262144K, used 29696K [0x0000000080000000, 0x0000000100000000)
  region size 1024K, 24 young (24576K), 0 survivors (0K)
 Metaspace       used 10110K, capacity 10335K, committed 10624K, reserved 1058816K
  class space    used 1037K, capacity 1106K, committed 1152K, reserved 1048576K
}
Event: 0.458 GC heap after
{Heap after GC invocations=1 (full 0):
 garbage-first heap   total 262144K, used 9515K [0x0000000080000000, 0x0000000100000000)
  region size 1024K, 3 young (3072K), 3 survivors (3072K)
 Metaspace       used 10110K, capacity 10335K, committed 10624K, reserved 1058816K
  class space    used 1037K, capacity 1106K, committed 1152K, reserved 1048576K
}
Event: 2.124 GC heap before
{Heap before GC invocations=1 (full 0):
 garbage-first heap   total 262144K, used 118059K [0x0000000080000000, 0x0000000100000000)
  region size 1024K, 109 young (111616K), 3 survivors (3072K)
 Metaspace       used 20769K, capacity 21186K, committed 21296K, reserved 1069056K
  class space    used 2525K, capacity 2683K, committed 2688K, reserved 1048576K
}
Event: 2.130 GC heap after
{Heap after GC invocations=2 (full 0):
 garbage-first heap   total 262144K, used 17268K [0x0000000080000000, 0x0000000100000000)
  region size 1024K, 11 young (11264K), 11 survivors (11264K)
 Metaspace       used 20769K, capacity 21186K, committed 21296K, reserved 1069056K
  class space    used 2525K, capacity 2683K, committed 2688K, reserved 1048576K
}
Event: 2.207 GC heap before
{Heap before GC invocations=3 (full 0):
 garbage-first heap   total 262144K, used 28532K [0x0000000080000000, 0x0000000100000000)
  region size 1024K, 22 young (22528K), 11 survivors (11264K)
 Metaspace       used 22158K, capacity 22724K, committed 22960K, reserved 1069056K
  class space    used 2768K, capacity 2968K, committed 3072K, reserved 1048576K
}
Event: 2.210 GC heap after
{Heap after GC invocations=4 (full 0):
 garbage-first heap   total 262144K, used 17468K [0x0000000080000000, 0x0000000100000000)
  region size 1024K, 1 young (1024K), 1 survivors (1024K)
 Metaspace       used 22158K, capacity 22724K, committed 22960K, reserved 1069056K
  class space    used 2768K, capacity 2968K, committed 3072K, reserved 1048576K
}
Event: 2.752 GC heap before
{Heap before GC invocations=4 (full 0):
 garbage-first heap   total 262144K, used 107580K [0x0000000080000000, 0x0000000100000000)
  region size 1024K, 90 young (92160K), 1 survivors (1024K)
 Metaspace       used 30503K, capacity 31224K, committed 31408K, reserved 1077248K
  class space    used 4041K, capacity 4317K, committed 4352K, reserved 1048576K
}
Event: 2.754 GC heap after
{Heap after GC invocations=5 (full 0):
 garbage-first heap   total 262144K, used 19978K [0x0000000080000000, 0x0000000100000000)
  region size 1024K, 4 young (4096K), 4 survivors (4096K)
 Metaspace       used 30503K, capacity 31224K, committed 31408K, reserved 1077248K
  class space    used 4041K, capacity 4317K, committed 4352K, reserved 1048576K
}

Deoptimization events (20 events):
Event: 2.461 Thread 0x000002f0c551e000 Uncommon trap: trap_request=0xffffff4d fr.pc=0x000002f0b35e590c relative=0x00000000000004ac
Event: 2.461 Thread 0x000002f0c551e000 Uncommon trap: reason=unstable_if action=reinterpret pc=0x000002f0b35e590c method=java.util.Properties$LineReader.readLine()I @ 249 c2
Event: 2.461 Thread 0x000002f0c551e000 DEOPT PACKING pc=0x000002f0b35e590c sp=0x000000f1623fb3a0
Event: 2.461 Thread 0x000002f0c551e000 DEOPT UNPACKING pc=0x000002f0abb0a1af sp=0x000000f1623fb330 mode 2
Event: 2.590 Thread 0x000002f0c551e000 Uncommon trap: trap_request=0xffffff4d fr.pc=0x000002f0b3680c4c relative=0x000000000000020c
Event: 2.590 Thread 0x000002f0c551e000 Uncommon trap: reason=unstable_if action=reinterpret pc=0x000002f0b3680c4c method=java.util.HashMap.hash(Ljava/lang/Object;)I @ 1 c2
Event: 2.590 Thread 0x000002f0c551e000 DEOPT PACKING pc=0x000002f0b3680c4c sp=0x000000f1623f7c10
Event: 2.590 Thread 0x000002f0c551e000 DEOPT UNPACKING pc=0x000002f0abb0a1af sp=0x000000f1623f7b48 mode 2
Event: 2.614 Thread 0x000002f0c551e000 Uncommon trap: trap_request=0xffffff4d fr.pc=0x000002f0b36ca1e4 relative=0x00000000000001a4
Event: 2.614 Thread 0x000002f0c551e000 Uncommon trap: reason=unstable_if action=reinterpret pc=0x000002f0b36ca1e4 method=java.util.regex.Pattern$BmpCharProperty.match(Ljava/util/regex/Matcher;ILjava/lang/CharSequence;)Z @ 39 c2
Event: 2.614 Thread 0x000002f0c551e000 DEOPT PACKING pc=0x000002f0b36ca1e4 sp=0x000000f1623f9440
Event: 2.614 Thread 0x000002f0c551e000 DEOPT UNPACKING pc=0x000002f0abb0a1af sp=0x000000f1623f93f0 mode 2
Event: 2.625 Thread 0x000002f0c551e000 DEOPT PACKING pc=0x000002f0ac3cbe68 sp=0x000000f1623f8b80
Event: 2.625 Thread 0x000002f0c551e000 DEOPT UNPACKING pc=0x000002f0abb0a95e sp=0x000000f1623f8088 mode 0
Event: 2.683 Thread 0x000002f0c551e000 DEOPT PACKING pc=0x000002f0ac468179 sp=0x000000f1623f7ac0
Event: 2.683 Thread 0x000002f0c551e000 DEOPT UNPACKING pc=0x000002f0abb0a95e sp=0x000000f1623f7008 mode 0
Event: 2.761 Thread 0x000002f0c551e000 Uncommon trap: trap_request=0xffffff4d fr.pc=0x000002f0b3678c30 relative=0x0000000000000230
Event: 2.761 Thread 0x000002f0c551e000 Uncommon trap: reason=unstable_if action=reinterpret pc=0x000002f0b3678c30 method=java.util.HashMap.putVal(ILjava/lang/Object;Ljava/lang/Object;ZZ)Ljava/lang/Object; @ 162 c2
Event: 2.761 Thread 0x000002f0c551e000 DEOPT PACKING pc=0x000002f0b3678c30 sp=0x000000f1623fa570
Event: 2.761 Thread 0x000002f0c551e000 DEOPT UNPACKING pc=0x000002f0abb0a1af sp=0x000000f1623fa480 mode 2

Classes redefined (0 events):
No events

Internal exceptions (20 events):
Event: 2.439 Thread 0x000002f0c551e000 Exception <a 'java/lang/NoSuchMethodError'{0x000000008d9747a0}: 'void java.lang.invoke.DirectMethodHandle$Holder.invokeStatic(java.lang.Object, java.lang.Object, java.lang.Object, java.lang.Object)'> (0x000000008d9747a0) thrown at [./src/hotspot/share/interpreter/linkResolver.cpp, line 773]
Event: 2.440 Thread 0x000002f0c551e000 Exception <a 'java/lang/NoSuchMethodError'{0x000000008d9dfc90}: 'int java.lang.invoke.DirectMethodHandle$Holder.invokeVirtual(java.lang.Object, java.lang.Object)'> (0x000000008d9dfc90) thrown at [./src/hotspot/share/interpreter/linkResolver.cpp, line 773]
Event: 2.441 Thread 0x000002f0c551e000 Exception <a 'java/lang/NoSuchMethodError'{0x000000008d9f88f0}: 'java.lang.Object java.lang.invoke.DirectMethodHandle$Holder.invokeVirtual(java.lang.Object, java.lang.Object, java.lang.Object)'> (0x000000008d9f88f0) thrown at [./src/hotspot/share/interpreter/linkResolver.cpp, line 773]
Event: 2.444 Thread 0x000002f0c551e000 Exception <a 'java/lang/NoSuchMethodError'{0x000000008d825380}: 'int java.lang.invoke.DirectMethodHandle$Holder.invokeVirtual(java.lang.Object, java.lang.Object, java.lang.Object)'> (0x000000008d825380) thrown at [./src/hotspot/share/interpreter/linkResolver.cpp, line 773]
Event: 2.458 Thread 0x000002f0c551e000 Exception <a 'java/lang/NoSuchMethodError'{0x000000008d7ee4e8}: 'void java.lang.invoke.DirectMethodHandle$Holder.invokeSpecial(java.lang.Object, java.lang.Object)'> (0x000000008d7ee4e8) thrown at [./src/hotspot/share/interpreter/linkResolver.cpp, line 773]
Event: 2.536 Thread 0x000002f0c551e000 Exception <a 'java/lang/NoSuchMethodError'{0x000000008c70ee60}: 'java.lang.Object java.lang.invoke.DirectMethodHandle$Holder.invokeSpecialIFC(java.lang.Object, java.lang.Object, java.lang.Object, java.lang.Object)'> (0x000000008c70ee60) thrown at [./src/hotspot/share/interpreter/linkResolver.cpp, line 773]
Event: 2.590 Thread 0x000002f0c551e000 Implicit null exception at 0x000002f0b3680a75 to 0x000002f0b3680c3c
Event: 2.616 Thread 0x000002f0c551e000 Exception <a 'java/lang/NoSuchMethodError'{0x000000008bc1d290}: 'java.lang.Object java.lang.invoke.DirectMethodHandle$Holder.invokeSpecial(java.lang.Object, java.lang.Object, java.lang.Object, java.lang.Object, java.lang.Object, java.lang.Object, java.lang.Object, java.lang.Object, java.lang.Object, java.lang.Object, java.lang.Object, java.lang.Object, java.lang.Object)'> (0x000000008bc1d290) thrown at [./src/hotspot/share/interpreter/linkResolver.cpp, line 773]
Event: 2.617 Thread 0x000002f0c551e000 Exception <a 'java/lang/NoSuchMethodError'{0x000000008bc2e398}: 'java.lang.Object java.lang.invoke.DirectMethodHandle$Holder.invokeSpecial(java.lang.Object, java.lang.Object, java.lang.Object, java.lang.Object, java.lang.Object, java.lang.Object, java.lang.Object, java.lang.Object, java.lang.Object, java.lang.Object, java.lang.Object, java.lang.Object)'> (0x000000008bc2e398) thrown at [./src/hotspot/share/interpreter/linkResolver.cpp, line 773]
Event: 2.617 Thread 0x000002f0c551e000 Exception <a 'java/lang/NoSuchMethodError'{0x000000008bc33768}: 'java.lang.Object java.lang.invoke.Invokers$Holder.linkToTargetMethod(java.lang.Object, java.lang.Object, java.lang.Object, java.lang.Object, java.lang.Object, java.lang.Object, java.lang.Object, java.lang.Object, java.lang.Object, java.lang.Object, java.lang.Object)'> (0x000000008bc33768) thrown at [./src/hotspot/share/interpreter/linkResolver.cpp, line 773]
Event: 2.620 Thread 0x000002f0c551e000 Exception <a 'java/lang/NoSuchMethodError'{0x000000008bcd9e88}: 'java.lang.Object java.lang.invoke.DirectMethodHandle$Holder.invokeSpecial(java.lang.Object, java.lang.Object, java.lang.Object, java.lang.Object, java.lang.Object, java.lang.Object, java.lang.Object, java.lang.Object, java.lang.Object, java.lang.Object, java.lang.Object, java.lang.Object, java.lang.Object, java.lang.Object)'> (0x000000008bcd9e88) thrown at [./src/hotspot/share/interpreter/linkResolver.cpp, line 773]
Event: 2.621 Thread 0x000002f0c551e000 Exception <a 'java/lang/NoSuchMethodError'{0x000000008bceb7a8}: 'java.lang.Object java.lang.invoke.Invokers$Holder.linkToTargetMethod(java.lang.Object, java.lang.Object, java.lang.Object, java.lang.Object, java.lang.Object, java.lang.Object, java.lang.Object, java.lang.Object, java.lang.Object, java.lang.Object, java.lang.Object, java.lang.Object)'> (0x000000008bceb7a8) thrown at [./src/hotspot/share/interpreter/linkResolver.cpp, line 773]
Event: 2.629 Thread 0x000002f0c551e000 Exception <a 'java/lang/NoSuchMethodError'{0x000000008bbde500}: 'java.lang.Object java.lang.invoke.DirectMethodHandle$Holder.invokeStaticInit(java.lang.Object, java.lang.Object, java.lang.Object, java.lang.Object)'> (0x000000008bbde500) thrown at [./src/hotspot/share/interpreter/linkResolver.cpp, line 773]
Event: 2.681 Thread 0x000002f0c551e000 Exception <a 'java/lang/NoSuchMethodError'{0x000000008b2e5d30}: 'java.lang.Object java.lang.invoke.Invokers$Holder.linkToTargetMethod(java.lang.Object, java.lang.Object, java.lang.Object, java.lang.Object, java.lang.Object, java.lang.Object, java.lang.Object, java.lang.Object)'> (0x000000008b2e5d30) thrown at [./src/hotspot/share/interpreter/linkResolver.cpp, line 773]
Event: 2.683 Thread 0x000002f0c551e000 Exception <a 'java/lang/NoSuchMethodError'{0x000000008b1401c8}: 'java.lang.Object java.lang.invoke.Invokers$Holder.linkToTargetMethod(java.lang.Object, java.lang.Object, java.lang.Object, java.lang.Object, java.lang.Object, java.lang.Object, java.lang.Object)'> (0x000000008b1401c8) thrown at [./src/hotspot/share/interpreter/linkResolver.cpp, line 773]
Event: 2.686 Thread 0x000002f0c551e000 Exception <a 'java/lang/IncompatibleClassChangeError'{0x000000008b197030}: Found class java.lang.Object, but interface was expected> (0x000000008b197030) thrown at [./src/hotspot/share/interpreter/linkResolver.cpp, line 839]
Event: 2.822 Thread 0x000002f0c551e000 Exception <a 'java/lang/NoSuchMethodError'{0x000000008f703718}: 'void java.lang.invoke.DirectMethodHandle$Holder.invokeStaticInit(java.lang.Object, java.lang.Object, java.lang.Object)'> (0x000000008f703718) thrown at [./src/hotspot/share/interpreter/linkResolver.cpp, line 773]
Event: 2.822 Thread 0x000002f0c551e000 Exception <a 'java/lang/NoSuchMethodError'{0x000000008f70a970}: 'void java.lang.invoke.DirectMethodHandle$Holder.invokeStaticInit(java.lang.Object, java.lang.Object, java.lang.Object, java.lang.Object)'> (0x000000008f70a970) thrown at [./src/hotspot/share/interpreter/linkResolver.cpp, line 773]
Event: 2.825 Thread 0x000002f0c551e000 Exception <a 'java/lang/NoSuchMethodError'{0x000000008f72d0a8}: 'void java.lang.invoke.DirectMethodHandle$Holder.invokeStaticInit(java.lang.Object, java.lang.Object, java.lang.Object, java.lang.Object, java.lang.Object)'> (0x000000008f72d0a8) thrown at [./src/hotspot/share/interpreter/linkResolver.cpp, line 773]
Event: 2.848 Thread 0x000002f0c551e000 Exception <a 'java/lang/NoSuchMethodError'{0x000000008f78bf38}: 'int java.lang.invoke.DirectMethodHandle$Holder.invokeStaticInit(java.lang.Object, java.lang.Object, java.lang.Object, java.lang.Object)'> (0x000000008f78bf38) thrown at [./src/hotspot/share/interpreter/linkResolver.cpp, line 773]

Events (20 events):
Event: 2.859 loading class java/lang/ProcessHandle
Event: 2.859 loading class java/lang/ProcessHandle done
Event: 2.859 loading class java/lang/ProcessHandle$Info
Event: 2.859 loading class java/lang/ProcessHandle$Info done
Event: 2.860 loading class groovy/lang/GString$1
Event: 2.860 loading class groovy/lang/GString$1 done
Event: 2.860 loading class groovy/lang/StringWriterIOException
Event: 2.860 loading class groovy/lang/StringWriterIOException done
Event: 2.861 loading class java/io/UnsupportedEncodingException
Event: 2.861 loading class java/io/UnsupportedEncodingException done
Event: 2.861 loading class org/codehaus/groovy/runtime/DefaultGroovyMethods
Event: 2.861 loading class org/codehaus/groovy/runtime/DefaultGroovyMethods done
Event: 2.871 loading class java/lang/ArrayIndexOutOfBoundsException
Event: 2.871 loading class java/lang/ArrayIndexOutOfBoundsException done
Event: 2.871 loading class groovy/io/GroovyPrintWriter
Event: 2.871 loading class groovy/io/GroovyPrintWriter done
Event: 2.872 loading class org/codehaus/groovy/runtime/typehandling/GroovyCastException
Event: 2.872 loading class org/codehaus/groovy/runtime/typehandling/GroovyCastException done
Event: 2.874 loading class org/codehaus/groovy/runtime/DefaultGroovyMethods$1
Event: 2.874 loading class org/codehaus/groovy/runtime/DefaultGroovyMethods$1 done


Dynamic libraries:
0x00007ff68edd0000 - 0x00007ff68edda000 	C:\Program Files\Android\Android Studio\jre\bin\java.exe
0x00007ffc68c90000 - 0x00007ffc68e88000 	C:\Windows\SYSTEM32\ntdll.dll
0x00007ffc45b80000 - 0x00007ffc45b99000 	C:\Program Files\Avast Software\Avast\aswhook.dll
0x00007ffc67180000 - 0x00007ffc6723f000 	C:\Windows\System32\KERNEL32.DLL
0x00007ffc66590000 - 0x00007ffc6686a000 	C:\Windows\System32\KERNELBASE.dll
0x00007ffc66aa0000 - 0x00007ffc66ba0000 	C:\Windows\System32\ucrtbase.dll
0x00007ffc57be0000 - 0x00007ffc57bf9000 	C:\Program Files\Android\Android Studio\jre\bin\jli.dll
0x00007ffc57bc0000 - 0x00007ffc57bd7000 	C:\Program Files\Android\Android Studio\jre\bin\VCRUNTIME140.dll
0x00007ffc67390000 - 0x00007ffc6752d000 	C:\Windows\System32\USER32.dll
0x00007ffc66bf0000 - 0x00007ffc66c12000 	C:\Windows\System32\win32u.dll
0x00007ffc67bc0000 - 0x00007ffc67beb000 	C:\Windows\System32\GDI32.dll
0x00007ffc561b0000 - 0x00007ffc5644a000 	C:\Windows\WinSxS\amd64_microsoft.windows.common-controls_6595b64144ccf1df_6.0.19041.1110_none_60b5254171f9507e\COMCTL32.dll
0x00007ffc66920000 - 0x00007ffc66a30000 	C:\Windows\System32\gdi32full.dll
0x00007ffc66c50000 - 0x00007ffc66ced000 	C:\Windows\System32\msvcp_win.dll
0x00007ffc67ca0000 - 0x00007ffc67d3e000 	C:\Windows\System32\msvcrt.dll
0x00007ffc68c20000 - 0x00007ffc68c50000 	C:\Windows\System32\IMM32.DLL
0x00007ffc4daf0000 - 0x00007ffc4db8d000 	C:\Program Files\Android\Android Studio\jre\bin\msvcp140.dll
0x00007ffc32ba0000 - 0x00007ffc336a2000 	C:\Program Files\Android\Android Studio\jre\bin\server\jvm.dll
0x00007ffc670d0000 - 0x00007ffc6717e000 	C:\Windows\System32\ADVAPI32.dll
0x00007ffc67780000 - 0x00007ffc6781c000 	C:\Windows\System32\sechost.dll
0x00007ffc67650000 - 0x00007ffc67776000 	C:\Windows\System32\RPCRT4.dll
0x00007ffc679a0000 - 0x00007ffc679a8000 	C:\Windows\System32\PSAPI.DLL
0x00007ffc5bb40000 - 0x00007ffc5bb67000 	C:\Windows\SYSTEM32\WINMM.dll
0x00007ffc534d0000 - 0x00007ffc534d9000 	C:\Windows\SYSTEM32\WSOCK32.dll
0x00007ffc61350000 - 0x00007ffc6135a000 	C:\Windows\SYSTEM32\VERSION.dll
0x00007ffc675e0000 - 0x00007ffc6764b000 	C:\Windows\System32\WS2_32.dll
0x00007ffc64280000 - 0x00007ffc64292000 	C:\Windows\SYSTEM32\kernel.appcore.dll
0x00007ffc5f620000 - 0x00007ffc5f631000 	C:\Program Files\Android\Android Studio\jre\bin\verify.dll
0x00007ffc5b870000 - 0x00007ffc5ba54000 	C:\Windows\SYSTEM32\DBGHELP.DLL
0x00007ffc5b770000 - 0x00007ffc5b7a4000 	C:\Windows\SYSTEM32\dbgcore.DLL
0x00007ffc663a0000 - 0x00007ffc66422000 	C:\Windows\System32\bcryptPrimitives.dll
0x00007ffc59be0000 - 0x00007ffc59c09000 	C:\Program Files\Android\Android Studio\jre\bin\java.dll
0x00007ffc61f20000 - 0x00007ffc61f2b000 	C:\Program Files\Android\Android Studio\jre\bin\jimage.dll
0x00007ffc599f0000 - 0x00007ffc59a08000 	C:\Program Files\Android\Android Studio\jre\bin\zip.dll
0x00007ffc681b0000 - 0x00007ffc688f4000 	C:\Windows\System32\SHELL32.dll
0x00007ffc64480000 - 0x00007ffc64c13000 	C:\Windows\SYSTEM32\windows.storage.dll
0x00007ffc66cf0000 - 0x00007ffc67044000 	C:\Windows\System32\combase.dll
0x00007ffc65e00000 - 0x00007ffc65e2e000 	C:\Windows\SYSTEM32\Wldp.dll
0x00007ffc67530000 - 0x00007ffc675dd000 	C:\Windows\System32\SHCORE.dll
0x00007ffc67b60000 - 0x00007ffc67bb5000 	C:\Windows\System32\shlwapi.dll
0x00007ffc662e0000 - 0x00007ffc662ff000 	C:\Windows\SYSTEM32\profapi.dll
0x00007ffc599d0000 - 0x00007ffc599ea000 	C:\Program Files\Android\Android Studio\jre\bin\net.dll
0x00007ffc5ee80000 - 0x00007ffc5ef8a000 	C:\Windows\SYSTEM32\WINHTTP.dll
0x00007ffc65a80000 - 0x00007ffc65aea000 	C:\Windows\system32\mswsock.dll
0x00007ffc599b0000 - 0x00007ffc599c4000 	C:\Program Files\Android\Android Studio\jre\bin\nio.dll
0x00007ffc58620000 - 0x00007ffc58647000 	C:\Users\deshi\.jdks\corretto-1.8.0_312\native\e1d6ef7f7dcc3fd88c89a11ec53ec762bb8ba0a96d01ffa2cd45eb1d1d8dd5c5\windows-amd64\native-platform.dll
0x00007ffc2e440000 - 0x00007ffc2e584000 	C:\Users\deshi\.jdks\corretto-1.8.0_312\native\0d407fdbe67a94daf76414ababcb853783967236a71b16ec16e742cd7a986fd3\windows-amd64\native-platform-file-events.dll
0x00007ffc61de0000 - 0x00007ffc61dea000 	C:\Program Files\Android\Android Studio\jre\bin\management.dll
0x00007ffc602a0000 - 0x00007ffc602ad000 	C:\Program Files\Android\Android Studio\jre\bin\management_ext.dll
0x00007ffc65ce0000 - 0x00007ffc65cf8000 	C:\Windows\SYSTEM32\CRYPTSP.dll
0x00007ffc653a0000 - 0x00007ffc653d4000 	C:\Windows\system32\rsaenh.dll
0x00007ffc66c20000 - 0x00007ffc66c47000 	C:\Windows\System32\bcrypt.dll
0x00007ffc662a0000 - 0x00007ffc662ce000 	C:\Windows\SYSTEM32\USERENV.dll
0x00007ffc65d00000 - 0x00007ffc65d0c000 	C:\Windows\SYSTEM32\CRYPTBASE.dll
0x00007ffc65770000 - 0x00007ffc657ac000 	C:\Windows\SYSTEM32\IPHLPAPI.DLL
0x00007ffc67c90000 - 0x00007ffc67c98000 	C:\Windows\System32\NSI.dll
0x00007ffc60730000 - 0x00007ffc60747000 	C:\Windows\SYSTEM32\dhcpcsvc6.DLL
0x00007ffc60710000 - 0x00007ffc6072d000 	C:\Windows\SYSTEM32\dhcpcsvc.DLL
0x00007ffc657b0000 - 0x00007ffc6587b000 	C:\Windows\SYSTEM32\DNSAPI.dll

dbghelp: loaded successfully - version: 4.0.5 - missing functions: none
symbol engine: initialized successfully - sym options: 0x614 - pdb path: .;C:\Program Files\Android\Android Studio\jre\bin;C:\Windows\SYSTEM32;C:\Program Files\Avast Software\Avast;C:\Windows\WinSxS\amd64_microsoft.windows.common-controls_6595b64144ccf1df_6.0.19041.1110_none_60b5254171f9507e;C:\Program Files\Android\Android Studio\jre\bin\server;C:\Users\deshi\.jdks\corretto-1.8.0_312\native\e1d6ef7f7dcc3fd88c89a11ec53ec762bb8ba0a96d01ffa2cd45eb1d1d8dd5c5\windows-amd64;C:\Users\deshi\.jdks\corretto-1.8.0_312\native\0d407fdbe67a94daf76414ababcb853783967236a71b16ec16e742cd7a986fd3\windows-amd64

VM Arguments:
jvm_args: --add-opens=java.base/java.util=ALL-UNNAMED --add-opens=java.base/java.lang=ALL-UNNAMED --add-opens=java.base/java.lang.invoke=ALL-UNNAMED --add-opens=java.base/java.util=ALL-UNNAMED --add-opens=java.prefs/java.util.prefs=ALL-UNNAMED --add-opens=java.prefs/java.util.prefs=ALL-UNNAMED --add-opens=java.base/java.nio.charset=ALL-UNNAMED --add-opens=java.base/java.net=ALL-UNNAMED --add-opens=java.base/java.util.concurrent.atomic=ALL-UNNAMED -Xmx2048m -Dfile.encoding=UTF-8 -Duser.country=RU -Duser.language=ru -Duser.variant 
java_command: org.gradle.launcher.daemon.bootstrap.GradleDaemon 7.4
java_class_path (initial): C:\Users\deshi\.jdks\corretto-1.8.0_312\wrapper\dists\gradle-7.4-bin\c0gwcg53nkjbqw7r0h0umtfvt\gradle-7.4\lib\gradle-launcher-7.4.jar
Launcher Type: SUN_STANDARD

[Global flags]
     intx CICompilerCount                          = 4                                         {product} {ergonomic}
     uint ConcGCThreads                            = 3                                         {product} {ergonomic}
     uint G1ConcRefinementThreads                  = 10                                        {product} {ergonomic}
   size_t G1HeapRegionSize                         = 1048576                                   {product} {ergonomic}
    uintx GCDrainStackTargetSize                   = 64                                        {product} {ergonomic}
   size_t InitialHeapSize                          = 268435456                                 {product} {ergonomic}
   size_t MarkStackSize                            = 4194304                                   {product} {ergonomic}
   size_t MaxHeapSize                              = 2147483648                                {product} {command line}
   size_t MaxNewSize                               = 1287651328                                {product} {ergonomic}
   size_t MinHeapDeltaBytes                        = 1048576                                   {product} {ergonomic}
    uintx NonNMethodCodeHeapSize                   = 5836300                                {pd product} {ergonomic}
    uintx NonProfiledCodeHeapSize                  = 122910970                              {pd product} {ergonomic}
    uintx ProfiledCodeHeapSize                     = 122910970                              {pd product} {ergonomic}
    uintx ReservedCodeCacheSize                    = 251658240                              {pd product} {ergonomic}
     bool SegmentedCodeCache                       = true                                      {product} {ergonomic}
     bool UseCompressedClassPointers               = true                                 {lp64_product} {ergonomic}
     bool UseCompressedOops                        = true                                 {lp64_product} {ergonomic}
     bool UseG1GC                                  = true                                      {product} {ergonomic}
     bool UseLargePagesIndividualAllocation        = false                                  {pd product} {ergonomic}

Logging:
Log output configuration:
 #0: stdout all=warning uptime,level,tags
 #1: stderr all=off uptime,level,tags

Environment Variables:
JAVA_HOME=C:\Program Files\Java\jdk-18.0.2.1
PATH=C:\ProgramData\Oracle\Java\javapath;C:\Program Files\Java\jdk-18.0.2.1\bin;C:\Program Files\Git\cmd;C:\Program Files\dotnet\;C:\Users\deshi\AppData\Local\Programs\Microsoft VS Code\bin;C:\Users\deshi\.dotnet\tools;C:\Users\deshi\AppData\Local\GitHubDesktop\bin
USERNAME=deshi
OS=Windows_NT
PROCESSOR_IDENTIFIER=AMD64 Family 23 Model 113 Stepping 0, AuthenticAMD



---------------  S Y S T E M  ---------------

OS: Windows 10 , 64 bit Build 19041 (10.0.19041.2788)
OS uptime: 0 days 17:40 hours

CPU:total 12 (initial active 12) (12 cores per cpu, 2 threads per core) family 23 model 113 stepping 0 microcode 0x0, cmov, cx8, fxsr, mmx, sse, sse2, sse3, ssse3, sse4.1, sse4.2, popcnt, avx, avx2, aes, clmul, mmxext, 3dnowpref, lzcnt, sse4a, ht, tsc, tscinvbit, tscinv, bmi1, bmi2, adx, sha, fma

Memory: 4k page, system-wide physical 16328M (2308M free)
TotalPageFile size 16328M (AvailPageFile size 9M)
current process WorkingSet (physical memory assigned to process): 284M, peak: 289M
current process commit charge ("private bytes"): 447M, peak: 453M

vm_info: OpenJDK 64-Bit Server VM (11.0.13+0-b1751.21-8125866) for windows-amd64 JRE (11.0.13+0-b1751.21-8125866), built on Feb  2 2022 03:00:22 by "builder" with MS VC++ 14.0 (VS2015)

END.
