#
# There is insufficient memory for the Java Runtime Environment to continue.
# Native memory allocation (malloc) failed to allocate 582016 bytes for Chunk::new
# Possible reasons:
#   The system is out of physical RAM or swap space
#   The process is running with CompressedOops enabled, and the Java Heap may be blocking the growth of the native heap
# Possible solutions:
#   Reduce memory load on the system
#   Increase physical memory or swap space
#   Check if swap backing store is full
#   Decrease Java heap size (-Xmx/-Xms)
#   Decrease number of Java threads
#   Decrease Java thread stack sizes (-Xss)
#   Set larger code cache with -XX:ReservedCodeCacheSize=
#   JVM is running with Unscaled Compressed Oops mode in which the Java heap is
#     placed in the first 4GB address space. The Java Heap base address is the
#     maximum limit for the native heap growth. Please use -XX:HeapBaseMinAddress
#     to set the Java Heap base and to place the Java Heap above 4GB virtual address.
# This output file may be truncated or incomplete.
#
#  Out of Memory Error (./src/hotspot/share/memory/arena.cpp:197), pid=10932, tid=14448
#
# JRE version: OpenJDK Runtime Environment (11.0.13) (build 11.0.13+0-b1751.21-8125866)
# Java VM: OpenJDK 64-Bit Server VM (11.0.13+0-b1751.21-8125866, mixed mode, tiered, compressed oops, g1 gc, windows-amd64)
# No core dump will be written. Minidumps are not enabled by default on client versions of Windows
#

---------------  S U M M A R Y ------------

Command Line: --add-opens=java.base/java.util=ALL-UNNAMED --add-opens=java.base/java.lang=ALL-UNNAMED --add-opens=java.base/java.lang.invoke=ALL-UNNAMED --add-opens=java.base/java.util=ALL-UNNAMED --add-opens=java.prefs/java.util.prefs=ALL-UNNAMED --add-opens=java.prefs/java.util.prefs=ALL-UNNAMED --add-opens=java.base/java.nio.charset=ALL-UNNAMED --add-opens=java.base/java.net=ALL-UNNAMED --add-opens=java.base/java.util.concurrent.atomic=ALL-UNNAMED -Xmx2048m -Dfile.encoding=UTF-8 -Duser.country=RU -Duser.language=ru -Duser.variant org.gradle.launcher.daemon.bootstrap.GradleDaemon 7.4

Host: AMD Ryzen 5 3600 6-Core Processor              , 12 cores, 15G,  Windows 10 , 64 bit Build 19041 (10.0.19041.2788)
Time: Sun Apr 16 15:21:19 2023 RTZ 7 (зима) elapsed time: 2.637495 seconds (0d 0h 0m 2s)

---------------  T H R E A D  ---------------

Current thread (0x000001ad124cf000):  JavaThread "C2 CompilerThread2" daemon [_thread_in_native, id=14448, stack(0x0000000340000000,0x0000000340100000)]


Current CompileTask:
C2:   2637 2268   !   4       java.net.URL::<init> (543 bytes)

Stack: [0x0000000340000000,0x0000000340100000]
Native frames: (J=compiled Java code, j=interpreted, Vv=VM code, C=native code)
V  [jvm.dll+0x6100fa]
V  [jvm.dll+0x747090]
V  [jvm.dll+0x7486ad]
V  [jvm.dll+0x748d83]
V  [jvm.dll+0x24ab48]
V  [jvm.dll+0xc04dc]
V  [jvm.dll+0xc0a0c]
V  [jvm.dll+0x2bfab4]
V  [jvm.dll+0x524238]
V  [jvm.dll+0x20b193]
V  [jvm.dll+0x204ca0]
V  [jvm.dll+0x2023c2]
V  [jvm.dll+0x188e01]
V  [jvm.dll+0x21106b]
V  [jvm.dll+0x20f8c1]
V  [jvm.dll+0x70de0f]
V  [jvm.dll+0x706a75]
V  [jvm.dll+0x60ed66]
C  [ucrtbase.dll+0x21bb2]
C  [KERNEL32.DLL+0x17604]
C  [ntdll.dll+0x526a1]


---------------  P R O C E S S  ---------------

Threads class SMR info:
_java_thread_list=0x000001ad14e47930, length=29, elements={
0x000001ad73bc2800, 0x000001ad0f045000, 0x000001ad0f043000, 0x000001ad0f043800,
0x000001ad0f044800, 0x000001ad0f046000, 0x000001ad0f0b5800, 0x000001ad0f0b6800,
0x000001ad0f0b9800, 0x000001ad0f047000, 0x000001ad0f042000, 0x000001ad0f041000,
0x000001ad0f047800, 0x000001ad11896000, 0x000001ad11898800, 0x000001ad1189a000,
0x000001ad11896800, 0x000001ad11897800, 0x000001ad11899000, 0x000001ad11894800,
0x000001ad1189b000, 0x000001ad11895000, 0x000001ad1189d800, 0x000001ad1123c800,
0x000001ad124cf000, 0x000001ad1189b800, 0x000001ad1189f000, 0x000001ad1189e000,
0x000001ad1189c800
}

Java Threads: ( => current thread )
  0x000001ad73bc2800 JavaThread "main" [_thread_blocked, id=13124, stack(0x000000033d600000,0x000000033d700000)]
  0x000001ad0f045000 JavaThread "Reference Handler" daemon [_thread_blocked, id=15384, stack(0x000000033dd00000,0x000000033de00000)]
  0x000001ad0f043000 JavaThread "Finalizer" daemon [_thread_blocked, id=5012, stack(0x000000033de00000,0x000000033df00000)]
  0x000001ad0f043800 JavaThread "Signal Dispatcher" daemon [_thread_blocked, id=17856, stack(0x000000033df00000,0x000000033e000000)]
  0x000001ad0f044800 JavaThread "Attach Listener" daemon [_thread_blocked, id=13412, stack(0x000000033e000000,0x000000033e100000)]
  0x000001ad0f046000 JavaThread "Service Thread" daemon [_thread_blocked, id=4152, stack(0x000000033e100000,0x000000033e200000)]
  0x000001ad0f0b5800 JavaThread "C2 CompilerThread0" daemon [_thread_in_native, id=16308, stack(0x000000033e200000,0x000000033e300000)]
  0x000001ad0f0b6800 JavaThread "C1 CompilerThread0" daemon [_thread_in_native, id=16524, stack(0x000000033e300000,0x000000033e400000)]
  0x000001ad0f0b9800 JavaThread "Sweeper thread" daemon [_thread_blocked, id=1164, stack(0x000000033e400000,0x000000033e500000)]
  0x000001ad0f047000 JavaThread "Common-Cleaner" daemon [_thread_blocked, id=10720, stack(0x000000033e500000,0x000000033e600000)]
  0x000001ad0f042000 JavaThread "Daemon health stats" [_thread_blocked, id=14884, stack(0x000000033ee00000,0x000000033ef00000)]
  0x000001ad0f041000 JavaThread "Incoming local TCP Connector on port 61690" [_thread_in_native, id=8868, stack(0x000000033e700000,0x000000033e800000)]
  0x000001ad0f047800 JavaThread "Daemon periodic checks" [_thread_blocked, id=19340, stack(0x000000033ed00000,0x000000033ee00000)]
  0x000001ad11896000 JavaThread "Daemon" [_thread_blocked, id=18520, stack(0x000000033ef00000,0x000000033f000000)]
  0x000001ad11898800 JavaThread "Handler for socket connection from /127.0.0.1:61690 to /127.0.0.1:61691" [_thread_in_native, id=8732, stack(0x000000033f000000,0x000000033f100000)]
  0x000001ad1189a000 JavaThread "Cancel handler" [_thread_blocked, id=5628, stack(0x000000033f100000,0x000000033f200000)]
  0x000001ad11896800 JavaThread "Daemon worker" [_thread_in_vm, id=5500, stack(0x000000033f200000,0x000000033f300000)]
  0x000001ad11897800 JavaThread "Asynchronous log dispatcher for DefaultDaemonConnection: socket connection from /127.0.0.1:61690 to /127.0.0.1:61691" [_thread_blocked, id=19012, stack(0x000000033f300000,0x000000033f400000)]
  0x000001ad11899000 JavaThread "Stdin handler" [_thread_blocked, id=740, stack(0x000000033f400000,0x000000033f500000)]
  0x000001ad11894800 JavaThread "Daemon client event forwarder" [_thread_blocked, id=10900, stack(0x000000033f500000,0x000000033f600000)]
  0x000001ad1189b000 JavaThread "Cache worker for journal cache (C:\Users\deshi\.jdks\corretto-1.8.0_312\caches\journal-1)" [_thread_blocked, id=17460, stack(0x000000033f600000,0x000000033f700000)]
  0x000001ad11895000 JavaThread "File lock request listener" [_thread_in_native, id=17280, stack(0x000000033f700000,0x000000033f800000)]
  0x000001ad1189d800 JavaThread "Cache worker for file hash cache (C:\Users\deshi\.jdks\corretto-1.8.0_312\caches\7.4\fileHashes)" [_thread_blocked, id=15464, stack(0x000000033f800000,0x000000033f900000)]
  0x000001ad1123c800 JavaThread "C2 CompilerThread1" daemon [_thread_in_native, id=6656, stack(0x000000033ff00000,0x0000000340000000)]
=>0x000001ad124cf000 JavaThread "C2 CompilerThread2" daemon [_thread_in_native, id=14448, stack(0x0000000340000000,0x0000000340100000)]
  0x000001ad1189b800 JavaThread "File watcher server" daemon [_thread_in_native, id=3056, stack(0x0000000340100000,0x0000000340200000)]
  0x000001ad1189f000 JavaThread "File watcher consumer" daemon [_thread_blocked, id=15032, stack(0x0000000340200000,0x0000000340300000)]
  0x000001ad1189e000 JavaThread "Cache worker for checksums cache (C:\Users\deshi\Desktop\Hakaton_Samsung_App\HackathonHTTPClientError400\.gradle\7.4\checksums)" [_thread_blocked, id=6792, stack(0x0000000340300000,0x0000000340400000)]
  0x000001ad1189c800 JavaThread "Cache worker for cache directory md-rule (C:\Users\deshi\.jdks\corretto-1.8.0_312\caches\7.4\md-rule)" [_thread_blocked, id=9652, stack(0x0000000340400000,0x0000000340500000)]

Other Threads:
  0x000001ad0f03f000 VMThread "VM Thread" [stack: 0x000000033dc00000,0x000000033dd00000] [id=5764]
  0x000001ad71a1a000 WatcherThread [stack: 0x000000033e600000,0x000000033e700000] [id=17180]
  0x000001ad73bdb000 GCTaskThread "GC Thread#0" [stack: 0x000000033d700000,0x000000033d800000] [id=14528]
  0x000001ad102f5000 GCTaskThread "GC Thread#1" [stack: 0x000000033e800000,0x000000033e900000] [id=2328]
  0x000001ad1020f800 GCTaskThread "GC Thread#2" [stack: 0x000000033e900000,0x000000033ea00000] [id=12524]
  0x000001ad0feb7000 GCTaskThread "GC Thread#3" [stack: 0x000000033ea00000,0x000000033eb00000] [id=12500]
  0x000001ad101e7800 GCTaskThread "GC Thread#4" [stack: 0x000000033eb00000,0x000000033ec00000] [id=15456]
  0x000001ad0fdf1800 GCTaskThread "GC Thread#5" [stack: 0x000000033ec00000,0x000000033ed00000] [id=1868]
  0x000001ad10e0d000 GCTaskThread "GC Thread#6" [stack: 0x000000033f900000,0x000000033fa00000] [id=18788]
  0x000001ad113db800 GCTaskThread "GC Thread#7" [stack: 0x000000033fa00000,0x000000033fb00000] [id=5912]
  0x000001ad10e2a800 GCTaskThread "GC Thread#8" [stack: 0x000000033fb00000,0x000000033fc00000] [id=18940]
  0x000001ad1126e800 GCTaskThread "GC Thread#9" [stack: 0x000000033fc00000,0x000000033fd00000] [id=5344]
  0x000001ad73c0c000 ConcurrentGCThread "G1 Main Marker" [stack: 0x000000033d800000,0x000000033d900000] [id=15904]
  0x000001ad73c0d800 ConcurrentGCThread "G1 Conc#0" [stack: 0x000000033d900000,0x000000033da00000] [id=12196]
  0x000001ad10b60800 ConcurrentGCThread "G1 Conc#1" [stack: 0x000000033fd00000,0x000000033fe00000] [id=18132]
  0x000001ad10e54000 ConcurrentGCThread "G1 Conc#2" [stack: 0x000000033fe00000,0x000000033ff00000] [id=6024]
  0x000001ad7f384800 ConcurrentGCThread "G1 Refine#0" [stack: 0x000000033da00000,0x000000033db00000] [id=12084]
  0x000001ad73c9d800 ConcurrentGCThread "G1 Young RemSet Sampling" [stack: 0x000000033db00000,0x000000033dc00000] [id=16600]

Threads with active compile tasks:
C2 CompilerThread0   2666 2121   !   4       java.net.URLClassLoader$1::run (81 bytes)
C1 CompilerThread0   2666 2288       3       com.google.common.collect.Iterators::forArray (51 bytes)
C2 CompilerThread1   2666 2120       4       java.net.URLClassLoader$1::run (5 bytes)
C2 CompilerThread2   2666 2268   !   4       java.net.URL::<init> (543 bytes)

VM state:not at safepoint (normal execution)

VM Mutex/Monitor currently owned by a thread: None

Heap address: 0x0000000080000000, size: 2048 MB, Compressed Oops mode: 32-bit
Narrow klass base: 0x0000000000000000, Narrow klass shift: 3
Compressed class space size: 1073741824 Address: 0x0000000100000000

Heap:
 garbage-first heap   total 262144K, used 82155K [0x0000000080000000, 0x0000000100000000)
  region size 1024K, 65 young (66560K), 1 survivors (1024K)
 Metaspace       used 27589K, capacity 28181K, committed 28336K, reserved 1073152K
  class space    used 3592K, capacity 3812K, committed 3840K, reserved 1048576K
Heap Regions: E=young(eden), S=young(survivor), O=old, HS=humongous(starts), HC=humongous(continues), CS=collection set, F=free, A=archive, TAMS=top-at-mark-start (previous, next)
|   0|0x0000000080000000, 0x0000000080100000, 0x0000000080100000|100%| O|  |TAMS 0x0000000080000000, 0x0000000080000000| Untracked 
|   1|0x0000000080100000, 0x0000000080200000, 0x0000000080200000|100%| O|  |TAMS 0x0000000080100000, 0x0000000080100000| Untracked 
|   2|0x0000000080200000, 0x0000000080300000, 0x0000000080300000|100%| O|  |TAMS 0x0000000080200000, 0x0000000080200000| Untracked 
|   3|0x0000000080300000, 0x0000000080400000, 0x0000000080400000|100%|HS|  |TAMS 0x0000000080400000, 0x0000000080300000| Complete 
|   4|0x0000000080400000, 0x0000000080500000, 0x0000000080500000|100%|HC|  |TAMS 0x0000000080500000, 0x0000000080400000| Complete 
|   5|0x0000000080500000, 0x0000000080600000, 0x0000000080600000|100%|HC|  |TAMS 0x0000000080600000, 0x0000000080500000| Complete 
|   6|0x0000000080600000, 0x0000000080700000, 0x0000000080700000|100%| O|  |TAMS 0x0000000080700000, 0x0000000080600000| Untracked 
|   7|0x0000000080700000, 0x0000000080800000, 0x0000000080800000|100%| O|  |TAMS 0x0000000080800000, 0x0000000080700000| Untracked 
|   8|0x0000000080800000, 0x0000000080900000, 0x0000000080900000|100%| O|  |TAMS 0x0000000080900000, 0x0000000080800000| Untracked 
|   9|0x0000000080900000, 0x0000000080a00000, 0x0000000080a00000|100%| O|  |TAMS 0x0000000080929e00, 0x0000000080900000| Untracked 
|  10|0x0000000080a00000, 0x0000000080b00000, 0x0000000080b00000|100%| O|  |TAMS 0x0000000080a00000, 0x0000000080a00000| Untracked 
|  11|0x0000000080b00000, 0x0000000080c00000, 0x0000000080c00000|100%| O|  |TAMS 0x0000000080b00000, 0x0000000080b00000| Untracked 
|  12|0x0000000080c00000, 0x0000000080d00000, 0x0000000080d00000|100%| O|  |TAMS 0x0000000080c00000, 0x0000000080c00000| Untracked 
|  13|0x0000000080d00000, 0x0000000080e00000, 0x0000000080e00000|100%| O|  |TAMS 0x0000000080d00000, 0x0000000080d00000| Untracked 
|  14|0x0000000080e00000, 0x0000000080f00000, 0x0000000080f00000|100%| O|  |TAMS 0x0000000080e00000, 0x0000000080e00000| Untracked 
|  15|0x0000000080f00000, 0x0000000081000000, 0x0000000081000000|100%| O|  |TAMS 0x0000000080f00000, 0x0000000080f00000| Untracked 
|  16|0x0000000081000000, 0x0000000081061a00, 0x0000000081100000| 38%| O|  |TAMS 0x0000000081000000, 0x0000000081000000| Untracked 
|  17|0x0000000081100000, 0x0000000081100000, 0x0000000081200000|  0%| F|  |TAMS 0x0000000081100000, 0x0000000081100000| Untracked 
|  18|0x0000000081200000, 0x0000000081200000, 0x0000000081300000|  0%| F|  |TAMS 0x0000000081200000, 0x0000000081200000| Untracked 
|  19|0x0000000081300000, 0x0000000081300000, 0x0000000081400000|  0%| F|  |TAMS 0x0000000081300000, 0x0000000081300000| Untracked 
|  20|0x0000000081400000, 0x0000000081400000, 0x0000000081500000|  0%| F|  |TAMS 0x0000000081400000, 0x0000000081400000| Untracked 
|  21|0x0000000081500000, 0x0000000081500000, 0x0000000081600000|  0%| F|  |TAMS 0x0000000081500000, 0x0000000081500000| Untracked 
|  22|0x0000000081600000, 0x0000000081600000, 0x0000000081700000|  0%| F|  |TAMS 0x0000000081600000, 0x0000000081600000| Untracked 
|  23|0x0000000081700000, 0x0000000081700000, 0x0000000081800000|  0%| F|  |TAMS 0x0000000081700000, 0x0000000081700000| Untracked 
|  24|0x0000000081800000, 0x0000000081800000, 0x0000000081900000|  0%| F|  |TAMS 0x0000000081800000, 0x0000000081800000| Untracked 
|  25|0x0000000081900000, 0x0000000081900000, 0x0000000081a00000|  0%| F|  |TAMS 0x0000000081900000, 0x0000000081900000| Untracked 
|  26|0x0000000081a00000, 0x0000000081a00000, 0x0000000081b00000|  0%| F|  |TAMS 0x0000000081a00000, 0x0000000081a00000| Untracked 
|  27|0x0000000081b00000, 0x0000000081b00000, 0x0000000081c00000|  0%| F|  |TAMS 0x0000000081b00000, 0x0000000081b00000| Untracked 
|  28|0x0000000081c00000, 0x0000000081c00000, 0x0000000081d00000|  0%| F|  |TAMS 0x0000000081c00000, 0x0000000081c00000| Untracked 
|  29|0x0000000081d00000, 0x0000000081d00000, 0x0000000081e00000|  0%| F|  |TAMS 0x0000000081d00000, 0x0000000081d00000| Untracked 
|  30|0x0000000081e00000, 0x0000000081e00000, 0x0000000081f00000|  0%| F|  |TAMS 0x0000000081e00000, 0x0000000081e00000| Untracked 
|  31|0x0000000081f00000, 0x0000000081f00000, 0x0000000082000000|  0%| F|  |TAMS 0x0000000081f00000, 0x0000000081f00000| Untracked 
|  32|0x0000000082000000, 0x0000000082000000, 0x0000000082100000|  0%| F|  |TAMS 0x0000000082000000, 0x0000000082000000| Untracked 
|  33|0x0000000082100000, 0x0000000082100000, 0x0000000082200000|  0%| F|  |TAMS 0x0000000082100000, 0x0000000082100000| Untracked 
|  34|0x0000000082200000, 0x0000000082200000, 0x0000000082300000|  0%| F|  |TAMS 0x0000000082200000, 0x0000000082200000| Untracked 
|  35|0x0000000082300000, 0x0000000082300000, 0x0000000082400000|  0%| F|  |TAMS 0x0000000082300000, 0x0000000082300000| Untracked 
|  36|0x0000000082400000, 0x0000000082400000, 0x0000000082500000|  0%| F|  |TAMS 0x0000000082400000, 0x0000000082400000| Untracked 
|  37|0x0000000082500000, 0x0000000082500000, 0x0000000082600000|  0%| F|  |TAMS 0x0000000082500000, 0x0000000082500000| Untracked 
|  38|0x0000000082600000, 0x0000000082600000, 0x0000000082700000|  0%| F|  |TAMS 0x0000000082600000, 0x0000000082600000| Untracked 
|  39|0x0000000082700000, 0x0000000082700000, 0x0000000082800000|  0%| F|  |TAMS 0x0000000082700000, 0x0000000082700000| Untracked 
|  40|0x0000000082800000, 0x0000000082800000, 0x0000000082900000|  0%| F|  |TAMS 0x0000000082800000, 0x0000000082800000| Untracked 
|  41|0x0000000082900000, 0x0000000082900000, 0x0000000082a00000|  0%| F|  |TAMS 0x0000000082900000, 0x0000000082900000| Untracked 
|  42|0x0000000082a00000, 0x0000000082a00000, 0x0000000082b00000|  0%| F|  |TAMS 0x0000000082a00000, 0x0000000082a00000| Untracked 
|  43|0x0000000082b00000, 0x0000000082b00000, 0x0000000082c00000|  0%| F|  |TAMS 0x0000000082b00000, 0x0000000082b00000| Untracked 
|  44|0x0000000082c00000, 0x0000000082c00000, 0x0000000082d00000|  0%| F|  |TAMS 0x0000000082c00000, 0x0000000082c00000| Untracked 
|  45|0x0000000082d00000, 0x0000000082d00000, 0x0000000082e00000|  0%| F|  |TAMS 0x0000000082d00000, 0x0000000082d00000| Untracked 
|  46|0x0000000082e00000, 0x0000000082e00000, 0x0000000082f00000|  0%| F|  |TAMS 0x0000000082e00000, 0x0000000082e00000| Untracked 
|  47|0x0000000082f00000, 0x0000000082f00000, 0x0000000083000000|  0%| F|  |TAMS 0x0000000082f00000, 0x0000000082f00000| Untracked 
|  48|0x0000000083000000, 0x0000000083000000, 0x0000000083100000|  0%| F|  |TAMS 0x0000000083000000, 0x0000000083000000| Untracked 
|  49|0x0000000083100000, 0x0000000083100000, 0x0000000083200000|  0%| F|  |TAMS 0x0000000083100000, 0x0000000083100000| Untracked 
|  50|0x0000000083200000, 0x0000000083200000, 0x0000000083300000|  0%| F|  |TAMS 0x0000000083200000, 0x0000000083200000| Untracked 
|  51|0x0000000083300000, 0x0000000083300000, 0x0000000083400000|  0%| F|  |TAMS 0x0000000083300000, 0x0000000083300000| Untracked 
|  52|0x0000000083400000, 0x0000000083400000, 0x0000000083500000|  0%| F|  |TAMS 0x0000000083400000, 0x0000000083400000| Untracked 
|  53|0x0000000083500000, 0x0000000083500000, 0x0000000083600000|  0%| F|  |TAMS 0x0000000083500000, 0x0000000083500000| Untracked 
|  54|0x0000000083600000, 0x0000000083600000, 0x0000000083700000|  0%| F|  |TAMS 0x0000000083600000, 0x0000000083600000| Untracked 
|  55|0x0000000083700000, 0x0000000083700000, 0x0000000083800000|  0%| F|  |TAMS 0x0000000083700000, 0x0000000083700000| Untracked 
|  56|0x0000000083800000, 0x0000000083800000, 0x0000000083900000|  0%| F|  |TAMS 0x0000000083800000, 0x0000000083800000| Untracked 
|  57|0x0000000083900000, 0x0000000083900000, 0x0000000083a00000|  0%| F|  |TAMS 0x0000000083900000, 0x0000000083900000| Untracked 
|  58|0x0000000083a00000, 0x0000000083a00000, 0x0000000083b00000|  0%| F|  |TAMS 0x0000000083a00000, 0x0000000083a00000| Untracked 
|  59|0x0000000083b00000, 0x0000000083b00000, 0x0000000083c00000|  0%| F|  |TAMS 0x0000000083b00000, 0x0000000083b00000| Untracked 
|  60|0x0000000083c00000, 0x0000000083c00000, 0x0000000083d00000|  0%| F|  |TAMS 0x0000000083c00000, 0x0000000083c00000| Untracked 
|  61|0x0000000083d00000, 0x0000000083d00000, 0x0000000083e00000|  0%| F|  |TAMS 0x0000000083d00000, 0x0000000083d00000| Untracked 
|  62|0x0000000083e00000, 0x0000000083e00000, 0x0000000083f00000|  0%| F|  |TAMS 0x0000000083e00000, 0x0000000083e00000| Untracked 
|  63|0x0000000083f00000, 0x0000000083f00000, 0x0000000084000000|  0%| F|  |TAMS 0x0000000083f00000, 0x0000000083f00000| Untracked 
|  64|0x0000000084000000, 0x0000000084000000, 0x0000000084100000|  0%| F|  |TAMS 0x0000000084000000, 0x0000000084000000| Untracked 
|  65|0x0000000084100000, 0x0000000084100000, 0x0000000084200000|  0%| F|  |TAMS 0x0000000084100000, 0x0000000084100000| Untracked 
|  66|0x0000000084200000, 0x0000000084200000, 0x0000000084300000|  0%| F|  |TAMS 0x0000000084200000, 0x0000000084200000| Untracked 
|  67|0x0000000084300000, 0x0000000084300000, 0x0000000084400000|  0%| F|  |TAMS 0x0000000084300000, 0x0000000084300000| Untracked 
|  68|0x0000000084400000, 0x0000000084400000, 0x0000000084500000|  0%| F|  |TAMS 0x0000000084400000, 0x0000000084400000| Untracked 
|  69|0x0000000084500000, 0x0000000084500000, 0x0000000084600000|  0%| F|  |TAMS 0x0000000084500000, 0x0000000084500000| Untracked 
|  70|0x0000000084600000, 0x0000000084600000, 0x0000000084700000|  0%| F|  |TAMS 0x0000000084600000, 0x0000000084600000| Untracked 
|  71|0x0000000084700000, 0x0000000084700000, 0x0000000084800000|  0%| F|  |TAMS 0x0000000084700000, 0x0000000084700000| Untracked 
|  72|0x0000000084800000, 0x0000000084800000, 0x0000000084900000|  0%| F|  |TAMS 0x0000000084800000, 0x0000000084800000| Untracked 
|  73|0x0000000084900000, 0x0000000084900000, 0x0000000084a00000|  0%| F|  |TAMS 0x0000000084900000, 0x0000000084900000| Untracked 
|  74|0x0000000084a00000, 0x0000000084a00000, 0x0000000084b00000|  0%| F|  |TAMS 0x0000000084a00000, 0x0000000084a00000| Untracked 
|  75|0x0000000084b00000, 0x0000000084b00000, 0x0000000084c00000|  0%| F|  |TAMS 0x0000000084b00000, 0x0000000084b00000| Untracked 
|  76|0x0000000084c00000, 0x0000000084c00000, 0x0000000084d00000|  0%| F|  |TAMS 0x0000000084c00000, 0x0000000084c00000| Untracked 
|  77|0x0000000084d00000, 0x0000000084d00000, 0x0000000084e00000|  0%| F|  |TAMS 0x0000000084d00000, 0x0000000084d00000| Untracked 
|  78|0x0000000084e00000, 0x0000000084e00000, 0x0000000084f00000|  0%| F|  |TAMS 0x0000000084e00000, 0x0000000084e00000| Untracked 
|  79|0x0000000084f00000, 0x0000000084f00000, 0x0000000085000000|  0%| F|  |TAMS 0x0000000084f00000, 0x0000000084f00000| Untracked 
|  80|0x0000000085000000, 0x0000000085000000, 0x0000000085100000|  0%| F|  |TAMS 0x0000000085000000, 0x0000000085000000| Untracked 
|  81|0x0000000085100000, 0x0000000085100000, 0x0000000085200000|  0%| F|  |TAMS 0x0000000085100000, 0x0000000085100000| Untracked 
|  82|0x0000000085200000, 0x0000000085200000, 0x0000000085300000|  0%| F|  |TAMS 0x0000000085200000, 0x0000000085200000| Untracked 
|  83|0x0000000085300000, 0x0000000085300000, 0x0000000085400000|  0%| F|  |TAMS 0x0000000085300000, 0x0000000085300000| Untracked 
|  84|0x0000000085400000, 0x0000000085400000, 0x0000000085500000|  0%| F|  |TAMS 0x0000000085400000, 0x0000000085400000| Untracked 
|  85|0x0000000085500000, 0x0000000085500000, 0x0000000085600000|  0%| F|  |TAMS 0x0000000085500000, 0x0000000085500000| Untracked 
|  86|0x0000000085600000, 0x0000000085600000, 0x0000000085700000|  0%| F|  |TAMS 0x0000000085600000, 0x0000000085600000| Untracked 
|  87|0x0000000085700000, 0x0000000085700000, 0x0000000085800000|  0%| F|  |TAMS 0x0000000085700000, 0x0000000085700000| Untracked 
|  88|0x0000000085800000, 0x0000000085800000, 0x0000000085900000|  0%| F|  |TAMS 0x0000000085800000, 0x0000000085800000| Untracked 
|  89|0x0000000085900000, 0x0000000085900000, 0x0000000085a00000|  0%| F|  |TAMS 0x0000000085900000, 0x0000000085900000| Untracked 
|  90|0x0000000085a00000, 0x0000000085a00000, 0x0000000085b00000|  0%| F|  |TAMS 0x0000000085a00000, 0x0000000085a00000| Untracked 
|  91|0x0000000085b00000, 0x0000000085b00000, 0x0000000085c00000|  0%| F|  |TAMS 0x0000000085b00000, 0x0000000085b00000| Untracked 
|  92|0x0000000085c00000, 0x0000000085c00000, 0x0000000085d00000|  0%| F|  |TAMS 0x0000000085c00000, 0x0000000085c00000| Untracked 
|  93|0x0000000085d00000, 0x0000000085d00000, 0x0000000085e00000|  0%| F|  |TAMS 0x0000000085d00000, 0x0000000085d00000| Untracked 
|  94|0x0000000085e00000, 0x0000000085e00000, 0x0000000085f00000|  0%| F|  |TAMS 0x0000000085e00000, 0x0000000085e00000| Untracked 
|  95|0x0000000085f00000, 0x0000000085f00000, 0x0000000086000000|  0%| F|  |TAMS 0x0000000085f00000, 0x0000000085f00000| Untracked 
|  96|0x0000000086000000, 0x0000000086000000, 0x0000000086100000|  0%| F|  |TAMS 0x0000000086000000, 0x0000000086000000| Untracked 
|  97|0x0000000086100000, 0x0000000086100000, 0x0000000086200000|  0%| F|  |TAMS 0x0000000086100000, 0x0000000086100000| Untracked 
|  98|0x0000000086200000, 0x0000000086200000, 0x0000000086300000|  0%| F|  |TAMS 0x0000000086200000, 0x0000000086200000| Untracked 
|  99|0x0000000086300000, 0x0000000086300000, 0x0000000086400000|  0%| F|  |TAMS 0x0000000086300000, 0x0000000086300000| Untracked 
| 100|0x0000000086400000, 0x0000000086400000, 0x0000000086500000|  0%| F|  |TAMS 0x0000000086400000, 0x0000000086400000| Untracked 
| 101|0x0000000086500000, 0x0000000086500000, 0x0000000086600000|  0%| F|  |TAMS 0x0000000086500000, 0x0000000086500000| Untracked 
| 102|0x0000000086600000, 0x0000000086600000, 0x0000000086700000|  0%| F|  |TAMS 0x0000000086600000, 0x0000000086600000| Untracked 
| 103|0x0000000086700000, 0x0000000086700000, 0x0000000086800000|  0%| F|  |TAMS 0x0000000086700000, 0x0000000086700000| Untracked 
| 104|0x0000000086800000, 0x0000000086800000, 0x0000000086900000|  0%| F|  |TAMS 0x0000000086800000, 0x0000000086800000| Untracked 
| 105|0x0000000086900000, 0x0000000086900000, 0x0000000086a00000|  0%| F|  |TAMS 0x0000000086900000, 0x0000000086900000| Untracked 
| 106|0x0000000086a00000, 0x0000000086a00000, 0x0000000086b00000|  0%| F|  |TAMS 0x0000000086a00000, 0x0000000086a00000| Untracked 
| 107|0x0000000086b00000, 0x0000000086b00000, 0x0000000086c00000|  0%| F|  |TAMS 0x0000000086b00000, 0x0000000086b00000| Untracked 
| 108|0x0000000086c00000, 0x0000000086c00000, 0x0000000086d00000|  0%| F|  |TAMS 0x0000000086c00000, 0x0000000086c00000| Untracked 
| 109|0x0000000086d00000, 0x0000000086d00000, 0x0000000086e00000|  0%| F|  |TAMS 0x0000000086d00000, 0x0000000086d00000| Untracked 
| 110|0x0000000086e00000, 0x0000000086e00000, 0x0000000086f00000|  0%| F|  |TAMS 0x0000000086e00000, 0x0000000086e00000| Untracked 
| 111|0x0000000086f00000, 0x0000000086f00000, 0x0000000087000000|  0%| F|  |TAMS 0x0000000086f00000, 0x0000000086f00000| Untracked 
| 112|0x0000000087000000, 0x0000000087000000, 0x0000000087100000|  0%| F|  |TAMS 0x0000000087000000, 0x0000000087000000| Untracked 
| 113|0x0000000087100000, 0x0000000087100000, 0x0000000087200000|  0%| F|  |TAMS 0x0000000087100000, 0x0000000087100000| Untracked 
| 114|0x0000000087200000, 0x0000000087200000, 0x0000000087300000|  0%| F|  |TAMS 0x0000000087200000, 0x0000000087200000| Untracked 
| 115|0x0000000087300000, 0x0000000087300000, 0x0000000087400000|  0%| F|  |TAMS 0x0000000087300000, 0x0000000087300000| Untracked 
| 116|0x0000000087400000, 0x0000000087400000, 0x0000000087500000|  0%| F|  |TAMS 0x0000000087400000, 0x0000000087400000| Untracked 
| 117|0x0000000087500000, 0x0000000087500000, 0x0000000087600000|  0%| F|  |TAMS 0x0000000087500000, 0x0000000087500000| Untracked 
| 118|0x0000000087600000, 0x0000000087600000, 0x0000000087700000|  0%| F|  |TAMS 0x0000000087600000, 0x0000000087600000| Untracked 
| 119|0x0000000087700000, 0x0000000087700000, 0x0000000087800000|  0%| F|  |TAMS 0x0000000087700000, 0x0000000087700000| Untracked 
| 120|0x0000000087800000, 0x0000000087800000, 0x0000000087900000|  0%| F|  |TAMS 0x0000000087800000, 0x0000000087800000| Untracked 
| 121|0x0000000087900000, 0x0000000087900000, 0x0000000087a00000|  0%| F|  |TAMS 0x0000000087900000, 0x0000000087900000| Untracked 
| 122|0x0000000087a00000, 0x0000000087a00000, 0x0000000087b00000|  0%| F|  |TAMS 0x0000000087a00000, 0x0000000087a00000| Untracked 
| 123|0x0000000087b00000, 0x0000000087b00000, 0x0000000087c00000|  0%| F|  |TAMS 0x0000000087b00000, 0x0000000087b00000| Untracked 
| 124|0x0000000087c00000, 0x0000000087c00000, 0x0000000087d00000|  0%| F|  |TAMS 0x0000000087c00000, 0x0000000087c00000| Untracked 
| 125|0x0000000087d00000, 0x0000000087d00000, 0x0000000087e00000|  0%| F|  |TAMS 0x0000000087d00000, 0x0000000087d00000| Untracked 
| 126|0x0000000087e00000, 0x0000000087e00000, 0x0000000087f00000|  0%| F|  |TAMS 0x0000000087e00000, 0x0000000087e00000| Untracked 
| 127|0x0000000087f00000, 0x0000000087f00000, 0x0000000088000000|  0%| F|  |TAMS 0x0000000087f00000, 0x0000000087f00000| Untracked 
| 128|0x0000000088000000, 0x0000000088000000, 0x0000000088100000|  0%| F|  |TAMS 0x0000000088000000, 0x0000000088000000| Untracked 
| 129|0x0000000088100000, 0x0000000088100000, 0x0000000088200000|  0%| F|  |TAMS 0x0000000088100000, 0x0000000088100000| Untracked 
| 130|0x0000000088200000, 0x0000000088200000, 0x0000000088300000|  0%| F|  |TAMS 0x0000000088200000, 0x0000000088200000| Untracked 
| 131|0x0000000088300000, 0x0000000088300000, 0x0000000088400000|  0%| F|  |TAMS 0x0000000088300000, 0x0000000088300000| Untracked 
| 132|0x0000000088400000, 0x0000000088400000, 0x0000000088500000|  0%| F|  |TAMS 0x0000000088400000, 0x0000000088400000| Untracked 
| 133|0x0000000088500000, 0x0000000088500000, 0x0000000088600000|  0%| F|  |TAMS 0x0000000088500000, 0x0000000088500000| Untracked 
| 134|0x0000000088600000, 0x0000000088600000, 0x0000000088700000|  0%| F|  |TAMS 0x0000000088600000, 0x0000000088600000| Untracked 
| 135|0x0000000088700000, 0x0000000088700000, 0x0000000088800000|  0%| F|  |TAMS 0x0000000088700000, 0x0000000088700000| Untracked 
| 136|0x0000000088800000, 0x0000000088800000, 0x0000000088900000|  0%| F|  |TAMS 0x0000000088800000, 0x0000000088800000| Untracked 
| 137|0x0000000088900000, 0x0000000088900000, 0x0000000088a00000|  0%| F|  |TAMS 0x0000000088900000, 0x0000000088900000| Untracked 
| 138|0x0000000088a00000, 0x0000000088a00000, 0x0000000088b00000|  0%| F|  |TAMS 0x0000000088a00000, 0x0000000088a00000| Untracked 
| 139|0x0000000088b00000, 0x0000000088b00000, 0x0000000088c00000|  0%| F|  |TAMS 0x0000000088b00000, 0x0000000088b00000| Untracked 
| 140|0x0000000088c00000, 0x0000000088c00000, 0x0000000088d00000|  0%| F|  |TAMS 0x0000000088c00000, 0x0000000088c00000| Untracked 
| 141|0x0000000088d00000, 0x0000000088d00000, 0x0000000088e00000|  0%| F|  |TAMS 0x0000000088d00000, 0x0000000088d00000| Untracked 
| 142|0x0000000088e00000, 0x0000000088e00000, 0x0000000088f00000|  0%| F|  |TAMS 0x0000000088e00000, 0x0000000088e00000| Untracked 
| 143|0x0000000088f00000, 0x0000000088f00000, 0x0000000089000000|  0%| F|  |TAMS 0x0000000088f00000, 0x0000000088f00000| Untracked 
| 144|0x0000000089000000, 0x0000000089000000, 0x0000000089100000|  0%| F|  |TAMS 0x0000000089000000, 0x0000000089000000| Untracked 
| 145|0x0000000089100000, 0x0000000089100000, 0x0000000089200000|  0%| F|  |TAMS 0x0000000089100000, 0x0000000089100000| Untracked 
| 146|0x0000000089200000, 0x0000000089200000, 0x0000000089300000|  0%| F|  |TAMS 0x0000000089200000, 0x0000000089200000| Untracked 
| 147|0x0000000089300000, 0x0000000089300000, 0x0000000089400000|  0%| F|  |TAMS 0x0000000089300000, 0x0000000089300000| Untracked 
| 148|0x0000000089400000, 0x0000000089400000, 0x0000000089500000|  0%| F|  |TAMS 0x0000000089400000, 0x0000000089400000| Untracked 
| 149|0x0000000089500000, 0x0000000089500000, 0x0000000089600000|  0%| F|  |TAMS 0x0000000089500000, 0x0000000089500000| Untracked 
| 150|0x0000000089600000, 0x0000000089600000, 0x0000000089700000|  0%| F|  |TAMS 0x0000000089600000, 0x0000000089600000| Untracked 
| 151|0x0000000089700000, 0x0000000089700000, 0x0000000089800000|  0%| F|  |TAMS 0x0000000089700000, 0x0000000089700000| Untracked 
| 152|0x0000000089800000, 0x0000000089800000, 0x0000000089900000|  0%| F|  |TAMS 0x0000000089800000, 0x0000000089800000| Untracked 
| 153|0x0000000089900000, 0x0000000089900000, 0x0000000089a00000|  0%| F|  |TAMS 0x0000000089900000, 0x0000000089900000| Untracked 
| 154|0x0000000089a00000, 0x0000000089a00000, 0x0000000089b00000|  0%| F|  |TAMS 0x0000000089a00000, 0x0000000089a00000| Untracked 
| 155|0x0000000089b00000, 0x0000000089b00000, 0x0000000089c00000|  0%| F|  |TAMS 0x0000000089b00000, 0x0000000089b00000| Untracked 
| 156|0x0000000089c00000, 0x0000000089c00000, 0x0000000089d00000|  0%| F|  |TAMS 0x0000000089c00000, 0x0000000089c00000| Untracked 
| 157|0x0000000089d00000, 0x0000000089d00000, 0x0000000089e00000|  0%| F|  |TAMS 0x0000000089d00000, 0x0000000089d00000| Untracked 
| 158|0x0000000089e00000, 0x0000000089e00000, 0x0000000089f00000|  0%| F|  |TAMS 0x0000000089e00000, 0x0000000089e00000| Untracked 
| 159|0x0000000089f00000, 0x0000000089f00000, 0x000000008a000000|  0%| F|  |TAMS 0x0000000089f00000, 0x0000000089f00000| Untracked 
| 160|0x000000008a000000, 0x000000008a000000, 0x000000008a100000|  0%| F|  |TAMS 0x000000008a000000, 0x000000008a000000| Untracked 
| 161|0x000000008a100000, 0x000000008a100000, 0x000000008a200000|  0%| F|  |TAMS 0x000000008a100000, 0x000000008a100000| Untracked 
| 162|0x000000008a200000, 0x000000008a200000, 0x000000008a300000|  0%| F|  |TAMS 0x000000008a200000, 0x000000008a200000| Untracked 
| 163|0x000000008a300000, 0x000000008a300000, 0x000000008a400000|  0%| F|  |TAMS 0x000000008a300000, 0x000000008a300000| Untracked 
| 164|0x000000008a400000, 0x000000008a400000, 0x000000008a500000|  0%| F|  |TAMS 0x000000008a400000, 0x000000008a400000| Untracked 
| 165|0x000000008a500000, 0x000000008a500000, 0x000000008a600000|  0%| F|  |TAMS 0x000000008a500000, 0x000000008a500000| Untracked 
| 166|0x000000008a600000, 0x000000008a600000, 0x000000008a700000|  0%| F|  |TAMS 0x000000008a600000, 0x000000008a600000| Untracked 
| 167|0x000000008a700000, 0x000000008a700000, 0x000000008a800000|  0%| F|  |TAMS 0x000000008a700000, 0x000000008a700000| Untracked 
| 168|0x000000008a800000, 0x000000008a800000, 0x000000008a900000|  0%| F|  |TAMS 0x000000008a800000, 0x000000008a800000| Untracked 
| 169|0x000000008a900000, 0x000000008a900000, 0x000000008aa00000|  0%| F|  |TAMS 0x000000008a900000, 0x000000008a900000| Untracked 
| 170|0x000000008aa00000, 0x000000008aa00000, 0x000000008ab00000|  0%| F|  |TAMS 0x000000008aa00000, 0x000000008aa00000| Untracked 
| 171|0x000000008ab00000, 0x000000008ab00000, 0x000000008ac00000|  0%| F|  |TAMS 0x000000008ab00000, 0x000000008ab00000| Untracked 
| 172|0x000000008ac00000, 0x000000008ac00000, 0x000000008ad00000|  0%| F|  |TAMS 0x000000008ac00000, 0x000000008ac00000| Untracked 
| 173|0x000000008ad00000, 0x000000008ad00000, 0x000000008ae00000|  0%| F|  |TAMS 0x000000008ad00000, 0x000000008ad00000| Untracked 
| 174|0x000000008ae00000, 0x000000008ae00000, 0x000000008af00000|  0%| F|  |TAMS 0x000000008ae00000, 0x000000008ae00000| Untracked 
| 175|0x000000008af00000, 0x000000008af00000, 0x000000008b000000|  0%| F|  |TAMS 0x000000008af00000, 0x000000008af00000| Untracked 
| 176|0x000000008b000000, 0x000000008b000000, 0x000000008b100000|  0%| F|  |TAMS 0x000000008b000000, 0x000000008b000000| Untracked 
| 177|0x000000008b100000, 0x000000008b100000, 0x000000008b200000|  0%| F|  |TAMS 0x000000008b100000, 0x000000008b100000| Untracked 
| 178|0x000000008b200000, 0x000000008b200000, 0x000000008b300000|  0%| F|  |TAMS 0x000000008b200000, 0x000000008b200000| Untracked 
| 179|0x000000008b300000, 0x000000008b300000, 0x000000008b400000|  0%| F|  |TAMS 0x000000008b300000, 0x000000008b300000| Untracked 
| 180|0x000000008b400000, 0x000000008b400000, 0x000000008b500000|  0%| F|  |TAMS 0x000000008b400000, 0x000000008b400000| Untracked 
| 181|0x000000008b500000, 0x000000008b500000, 0x000000008b600000|  0%| F|  |TAMS 0x000000008b500000, 0x000000008b500000| Untracked 
| 182|0x000000008b600000, 0x000000008b600000, 0x000000008b700000|  0%| F|  |TAMS 0x000000008b600000, 0x000000008b600000| Untracked 
| 183|0x000000008b700000, 0x000000008b700000, 0x000000008b800000|  0%| F|  |TAMS 0x000000008b700000, 0x000000008b700000| Untracked 
| 184|0x000000008b800000, 0x000000008b800000, 0x000000008b900000|  0%| F|  |TAMS 0x000000008b800000, 0x000000008b800000| Untracked 
| 185|0x000000008b900000, 0x000000008b900000, 0x000000008ba00000|  0%| F|  |TAMS 0x000000008b900000, 0x000000008b900000| Untracked 
| 186|0x000000008ba00000, 0x000000008ba00000, 0x000000008bb00000|  0%| F|  |TAMS 0x000000008ba00000, 0x000000008ba00000| Untracked 
| 187|0x000000008bb00000, 0x000000008bb00000, 0x000000008bc00000|  0%| F|  |TAMS 0x000000008bb00000, 0x000000008bb00000| Untracked 
| 188|0x000000008bc00000, 0x000000008bc00000, 0x000000008bd00000|  0%| F|  |TAMS 0x000000008bc00000, 0x000000008bc00000| Untracked 
| 189|0x000000008bd00000, 0x000000008bd00000, 0x000000008be00000|  0%| F|  |TAMS 0x000000008bd00000, 0x000000008bd00000| Untracked 
| 190|0x000000008be00000, 0x000000008be00000, 0x000000008bf00000|  0%| F|  |TAMS 0x000000008be00000, 0x000000008be00000| Untracked 
| 191|0x000000008bf00000, 0x000000008bf80800, 0x000000008c000000| 50%| E|  |TAMS 0x000000008bf00000, 0x000000008bf00000| Complete 
| 192|0x000000008c000000, 0x000000008c100000, 0x000000008c100000|100%| E|CS|TAMS 0x000000008c000000, 0x000000008c000000| Complete 
| 193|0x000000008c100000, 0x000000008c200000, 0x000000008c200000|100%| E|CS|TAMS 0x000000008c100000, 0x000000008c100000| Complete 
| 194|0x000000008c200000, 0x000000008c300000, 0x000000008c300000|100%| E|CS|TAMS 0x000000008c200000, 0x000000008c200000| Complete 
| 195|0x000000008c300000, 0x000000008c400000, 0x000000008c400000|100%| E|CS|TAMS 0x000000008c300000, 0x000000008c300000| Complete 
| 196|0x000000008c400000, 0x000000008c500000, 0x000000008c500000|100%| E|CS|TAMS 0x000000008c400000, 0x000000008c400000| Complete 
| 197|0x000000008c500000, 0x000000008c600000, 0x000000008c600000|100%| E|CS|TAMS 0x000000008c500000, 0x000000008c500000| Complete 
| 198|0x000000008c600000, 0x000000008c700000, 0x000000008c700000|100%| E|CS|TAMS 0x000000008c600000, 0x000000008c600000| Complete 
| 199|0x000000008c700000, 0x000000008c800000, 0x000000008c800000|100%| E|CS|TAMS 0x000000008c700000, 0x000000008c700000| Complete 
| 200|0x000000008c800000, 0x000000008c900000, 0x000000008c900000|100%| E|CS|TAMS 0x000000008c800000, 0x000000008c800000| Complete 
| 201|0x000000008c900000, 0x000000008ca00000, 0x000000008ca00000|100%| E|CS|TAMS 0x000000008c900000, 0x000000008c900000| Complete 
| 202|0x000000008ca00000, 0x000000008cb00000, 0x000000008cb00000|100%| E|CS|TAMS 0x000000008ca00000, 0x000000008ca00000| Complete 
| 203|0x000000008cb00000, 0x000000008cc00000, 0x000000008cc00000|100%| E|CS|TAMS 0x000000008cb00000, 0x000000008cb00000| Complete 
| 204|0x000000008cc00000, 0x000000008cd00000, 0x000000008cd00000|100%| E|CS|TAMS 0x000000008cc00000, 0x000000008cc00000| Complete 
| 205|0x000000008cd00000, 0x000000008ce00000, 0x000000008ce00000|100%| E|CS|TAMS 0x000000008cd00000, 0x000000008cd00000| Complete 
| 206|0x000000008ce00000, 0x000000008cf00000, 0x000000008cf00000|100%| E|CS|TAMS 0x000000008ce00000, 0x000000008ce00000| Complete 
| 207|0x000000008cf00000, 0x000000008d000000, 0x000000008d000000|100%| E|CS|TAMS 0x000000008cf00000, 0x000000008cf00000| Complete 
| 208|0x000000008d000000, 0x000000008d100000, 0x000000008d100000|100%| E|CS|TAMS 0x000000008d000000, 0x000000008d000000| Complete 
| 209|0x000000008d100000, 0x000000008d200000, 0x000000008d200000|100%| E|CS|TAMS 0x000000008d100000, 0x000000008d100000| Complete 
| 210|0x000000008d200000, 0x000000008d300000, 0x000000008d300000|100%| E|CS|TAMS 0x000000008d200000, 0x000000008d200000| Complete 
| 211|0x000000008d300000, 0x000000008d400000, 0x000000008d400000|100%| E|CS|TAMS 0x000000008d300000, 0x000000008d300000| Complete 
| 212|0x000000008d400000, 0x000000008d500000, 0x000000008d500000|100%| E|CS|TAMS 0x000000008d400000, 0x000000008d400000| Complete 
| 213|0x000000008d500000, 0x000000008d600000, 0x000000008d600000|100%| E|CS|TAMS 0x000000008d500000, 0x000000008d500000| Complete 
| 214|0x000000008d600000, 0x000000008d700000, 0x000000008d700000|100%| E|CS|TAMS 0x000000008d600000, 0x000000008d600000| Complete 
| 215|0x000000008d700000, 0x000000008d800000, 0x000000008d800000|100%| E|CS|TAMS 0x000000008d700000, 0x000000008d700000| Complete 
| 216|0x000000008d800000, 0x000000008d900000, 0x000000008d900000|100%| E|CS|TAMS 0x000000008d800000, 0x000000008d800000| Complete 
| 217|0x000000008d900000, 0x000000008da00000, 0x000000008da00000|100%| E|CS|TAMS 0x000000008d900000, 0x000000008d900000| Complete 
| 218|0x000000008da00000, 0x000000008db00000, 0x000000008db00000|100%| E|CS|TAMS 0x000000008da00000, 0x000000008da00000| Complete 
| 219|0x000000008db00000, 0x000000008dc00000, 0x000000008dc00000|100%| E|CS|TAMS 0x000000008db00000, 0x000000008db00000| Complete 
| 220|0x000000008dc00000, 0x000000008dd00000, 0x000000008dd00000|100%| E|CS|TAMS 0x000000008dc00000, 0x000000008dc00000| Complete 
| 221|0x000000008dd00000, 0x000000008de00000, 0x000000008de00000|100%| E|CS|TAMS 0x000000008dd00000, 0x000000008dd00000| Complete 
| 222|0x000000008de00000, 0x000000008df00000, 0x000000008df00000|100%| E|CS|TAMS 0x000000008de00000, 0x000000008de00000| Complete 
| 223|0x000000008df00000, 0x000000008e000000, 0x000000008e000000|100%| E|CS|TAMS 0x000000008df00000, 0x000000008df00000| Complete 
| 224|0x000000008e000000, 0x000000008e100000, 0x000000008e100000|100%| E|CS|TAMS 0x000000008e000000, 0x000000008e000000| Complete 
| 225|0x000000008e100000, 0x000000008e200000, 0x000000008e200000|100%| E|CS|TAMS 0x000000008e100000, 0x000000008e100000| Complete 
| 226|0x000000008e200000, 0x000000008e300000, 0x000000008e300000|100%| E|CS|TAMS 0x000000008e200000, 0x000000008e200000| Complete 
| 227|0x000000008e300000, 0x000000008e400000, 0x000000008e400000|100%| E|CS|TAMS 0x000000008e300000, 0x000000008e300000| Complete 
| 228|0x000000008e400000, 0x000000008e500000, 0x000000008e500000|100%| E|CS|TAMS 0x000000008e400000, 0x000000008e400000| Complete 
| 229|0x000000008e500000, 0x000000008e600000, 0x000000008e600000|100%| E|CS|TAMS 0x000000008e500000, 0x000000008e500000| Complete 
| 230|0x000000008e600000, 0x000000008e700000, 0x000000008e700000|100%| E|CS|TAMS 0x000000008e600000, 0x000000008e600000| Complete 
| 231|0x000000008e700000, 0x000000008e800000, 0x000000008e800000|100%| E|CS|TAMS 0x000000008e700000, 0x000000008e700000| Complete 
| 232|0x000000008e800000, 0x000000008e900000, 0x000000008e900000|100%| E|CS|TAMS 0x000000008e800000, 0x000000008e800000| Complete 
| 233|0x000000008e900000, 0x000000008ea00000, 0x000000008ea00000|100%| E|CS|TAMS 0x000000008e900000, 0x000000008e900000| Complete 
| 234|0x000000008ea00000, 0x000000008eb00000, 0x000000008eb00000|100%| E|CS|TAMS 0x000000008ea00000, 0x000000008ea00000| Complete 
| 235|0x000000008eb00000, 0x000000008ec00000, 0x000000008ec00000|100%| E|CS|TAMS 0x000000008eb00000, 0x000000008eb00000| Complete 
| 236|0x000000008ec00000, 0x000000008ed00000, 0x000000008ed00000|100%| E|CS|TAMS 0x000000008ec00000, 0x000000008ec00000| Complete 
| 237|0x000000008ed00000, 0x000000008ee00000, 0x000000008ee00000|100%| E|CS|TAMS 0x000000008ed00000, 0x000000008ed00000| Complete 
| 238|0x000000008ee00000, 0x000000008ef00000, 0x000000008ef00000|100%| E|CS|TAMS 0x000000008ee00000, 0x000000008ee00000| Complete 
| 239|0x000000008ef00000, 0x000000008f000000, 0x000000008f000000|100%| E|CS|TAMS 0x000000008ef00000, 0x000000008ef00000| Complete 
| 240|0x000000008f000000, 0x000000008f100000, 0x000000008f100000|100%| E|CS|TAMS 0x000000008f000000, 0x000000008f000000| Complete 
| 241|0x000000008f100000, 0x000000008f200000, 0x000000008f200000|100%| E|CS|TAMS 0x000000008f100000, 0x000000008f100000| Complete 
| 242|0x000000008f200000, 0x000000008f300000, 0x000000008f300000|100%| E|CS|TAMS 0x000000008f200000, 0x000000008f200000| Complete 
| 243|0x000000008f300000, 0x000000008f400000, 0x000000008f400000|100%| E|CS|TAMS 0x000000008f300000, 0x000000008f300000| Complete 
| 244|0x000000008f400000, 0x000000008f500000, 0x000000008f500000|100%| E|CS|TAMS 0x000000008f400000, 0x000000008f400000| Complete 
| 245|0x000000008f500000, 0x000000008f600000, 0x000000008f600000|100%| E|CS|TAMS 0x000000008f500000, 0x000000008f500000| Complete 
| 246|0x000000008f600000, 0x000000008f700000, 0x000000008f700000|100%| E|CS|TAMS 0x000000008f600000, 0x000000008f600000| Complete 
| 247|0x000000008f700000, 0x000000008f7d9350, 0x000000008f800000| 84%| S|CS|TAMS 0x000000008f700000, 0x000000008f700000| Complete 
| 248|0x000000008f800000, 0x000000008f900000, 0x000000008f900000|100%| E|CS|TAMS 0x000000008f800000, 0x000000008f800000| Complete 
| 249|0x000000008f900000, 0x000000008fa00000, 0x000000008fa00000|100%| E|CS|TAMS 0x000000008f900000, 0x000000008f900000| Complete 
| 250|0x000000008fa00000, 0x000000008fb00000, 0x000000008fb00000|100%| E|CS|TAMS 0x000000008fa00000, 0x000000008fa00000| Complete 
| 251|0x000000008fb00000, 0x000000008fc00000, 0x000000008fc00000|100%| E|CS|TAMS 0x000000008fb00000, 0x000000008fb00000| Complete 
| 252|0x000000008fc00000, 0x000000008fd00000, 0x000000008fd00000|100%| E|CS|TAMS 0x000000008fc00000, 0x000000008fc00000| Complete 
| 253|0x000000008fd00000, 0x000000008fe00000, 0x000000008fe00000|100%| E|CS|TAMS 0x000000008fd00000, 0x000000008fd00000| Complete 
| 254|0x000000008fe00000, 0x000000008ff00000, 0x000000008ff00000|100%| E|CS|TAMS 0x000000008fe00000, 0x000000008fe00000| Complete 
| 255|0x000000008ff00000, 0x0000000090000000, 0x0000000090000000|100%| E|CS|TAMS 0x000000008ff00000, 0x000000008ff00000| Complete 

Card table byte_map: [0x000001ad78040000,0x000001ad78440000] _byte_map_base: 0x000001ad77c40000

Marking Bits (Prev, Next): (CMBitMap*) 0x000001ad73c03680, (CMBitMap*) 0x000001ad73c03648
 Prev Bits: [0x000001ad7a840000, 0x000001ad7c840000)
 Next Bits: [0x000001ad78840000, 0x000001ad7a840000)

Polling page: 0x000001ad733a0000

Metaspace:

Usage:
  Non-class:     23.80 MB capacity,    23.43 MB ( 98%) used,   318.16 KB (  1%) free+waste,    53.63 KB ( <1%) overhead. 
      Class:      3.72 MB capacity,     3.51 MB ( 94%) used,   192.66 KB (  5%) free+waste,    26.94 KB ( <1%) overhead. 
       Both:     27.52 MB capacity,    26.94 MB ( 98%) used,   510.82 KB (  2%) free+waste,    80.56 KB ( <1%) overhead. 

Virtual space:
  Non-class space:       24.00 MB reserved,      23.92 MB (>99%) committed 
      Class space:        1.00 GB reserved,       3.75 MB ( <1%) committed 
             Both:        1.02 GB reserved,      27.67 MB (  3%) committed 

Chunk freelists:
   Non-Class:  63.00 KB
       Class:  28.00 KB
        Both:  91.00 KB

MaxMetaspaceSize: 17179869184.00 GB
CompressedClassSpaceSize: 1.00 GB
Initial GC threshold: 20.80 MB
Current GC threshold: 35.08 MB
CDS: off

CodeHeap 'non-profiled nmethods': size=120000Kb used=1203Kb max_used=1203Kb free=118796Kb
 bounds [0x000001ad07ad0000, 0x000001ad07d40000, 0x000001ad0f000000]
CodeHeap 'profiled nmethods': size=120000Kb used=4980Kb max_used=4980Kb free=115019Kb
 bounds [0x000001ad005a0000, 0x000001ad00a80000, 0x000001ad07ad0000]
CodeHeap 'non-nmethods': size=5760Kb used=1227Kb max_used=1250Kb free=4532Kb
 bounds [0x000001ad00000000, 0x000001ad00270000, 0x000001ad005a0000]
 total_blobs=2786 nmethods=2284 adapters=414
 compilation: enabled
              stopped_count=0, restarted_count=0
 full_count=0

Compilation events (20 events):
Event: 2.605 Thread 0x000001ad0f0b6800 2269   !   3       org.gradle.internal.service.ReflectionBasedServiceMethod::invoke (16 bytes)
Event: 2.605 Thread 0x000001ad0f0b6800 nmethod 2269 0x000001ad00a67910 code [0x000001ad00a67ae0, 0x000001ad00a67c78]
Event: 2.605 Thread 0x000001ad0f0b6800 2270   !   3       org.gradle.internal.reflect.JavaMethod::invoke (74 bytes)
Event: 2.606 Thread 0x000001ad0f0b6800 nmethod 2270 0x000001ad00a67d90 code [0x000001ad00a68140, 0x000001ad00a69848]
Event: 2.611 Thread 0x000001ad0f0b6800 2271       3       org.objectweb.asm.Frame::pop (53 bytes)
Event: 2.611 Thread 0x000001ad0f0b6800 nmethod 2271 0x000001ad00a6a290 code [0x000001ad00a6a4e0, 0x000001ad00a6ac18]
Event: 2.612 Thread 0x000001ad0f0b6800 2273       3       org.objectweb.asm.ByteVector::putInt (74 bytes)
Event: 2.612 Thread 0x000001ad0f0b6800 nmethod 2273 0x000001ad00a6af10 code [0x000001ad00a6b0e0, 0x000001ad00a6b328]
Event: 2.612 Thread 0x000001ad0f0b6800 2272       3       org.objectweb.asm.MethodWriter::visitAbstractType (8 bytes)
Event: 2.612 Thread 0x000001ad0f0b6800 nmethod 2272 0x000001ad00a6b490 code [0x000001ad00a6b640, 0x000001ad00a6b778]
Event: 2.612 Thread 0x000001ad0f0b6800 2275       3       com.google.common.cache.LocalCache::evictsBySize (15 bytes)
Event: 2.612 Thread 0x000001ad0f0b6800 nmethod 2275 0x000001ad00a6b890 code [0x000001ad00a6ba40, 0x000001ad00a6bbb8]
Event: 2.616 Thread 0x000001ad0f0b6800 2276   !   3       org.gradle.internal.service.DefaultServiceRegistry$FactoryMethodService::invokeMethod (151 bytes)
Event: 2.618 Thread 0x000001ad0f0b6800 nmethod 2276 0x000001ad00a6bc90 code [0x000001ad00a6c120, 0x000001ad00a6e5e8]
Event: 2.620 Thread 0x000001ad0f0b6800 2277       3       com.google.common.cache.LocalCache::expiresAfterAccess (15 bytes)
Event: 2.620 Thread 0x000001ad0f0b6800 nmethod 2277 0x000001ad00a6f590 code [0x000001ad00a6f740, 0x000001ad00a6f8b8]
Event: 2.621 Thread 0x000001ad0f0b6800 2278       3       java.lang.invoke.TypeConvertingMethodAdapter::convertType (299 bytes)
Event: 2.624 Thread 0x000001ad0f0b6800 nmethod 2278 0x000001ad00a6f990 code [0x000001ad00a702e0, 0x000001ad00a750e8]
Event: 2.634 Thread 0x000001ad0f0b6800 2279       3       jdk.internal.misc.Unsafe::shouldBeInitialized (18 bytes)
Event: 2.634 Thread 0x000001ad0f0b6800 nmethod 2279 0x000001ad00a76d90 code [0x000001ad00a76f60, 0x000001ad00a77178]

GC Heap History (6 events):
Event: 0.452 GC heap before
{Heap before GC invocations=0 (full 0):
 garbage-first heap   total 262144K, used 29696K [0x0000000080000000, 0x0000000100000000)
  region size 1024K, 24 young (24576K), 0 survivors (0K)
 Metaspace       used 10109K, capacity 10339K, committed 10624K, reserved 1058816K
  class space    used 1035K, capacity 1106K, committed 1152K, reserved 1048576K
}
Event: 0.455 GC heap after
{Heap after GC invocations=1 (full 0):
 garbage-first heap   total 262144K, used 9383K [0x0000000080000000, 0x0000000100000000)
  region size 1024K, 3 young (3072K), 3 survivors (3072K)
 Metaspace       used 10109K, capacity 10339K, committed 10624K, reserved 1058816K
  class space    used 1035K, capacity 1106K, committed 1152K, reserved 1048576K
}
Event: 2.167 GC heap before
{Heap before GC invocations=1 (full 0):
 garbage-first heap   total 262144K, used 116903K [0x0000000080000000, 0x0000000100000000)
  region size 1024K, 109 young (111616K), 3 survivors (3072K)
 Metaspace       used 20772K, capacity 21190K, committed 21296K, reserved 1069056K
  class space    used 2526K, capacity 2683K, committed 2688K, reserved 1048576K
}
Event: 2.175 GC heap after
{Heap after GC invocations=2 (full 0):
 garbage-first heap   total 262144K, used 16668K [0x0000000080000000, 0x0000000100000000)
  region size 1024K, 11 young (11264K), 11 survivors (11264K)
 Metaspace       used 20772K, capacity 21190K, committed 21296K, reserved 1069056K
  class space    used 2526K, capacity 2683K, committed 2688K, reserved 1048576K
}
Event: 2.244 GC heap before
{Heap before GC invocations=3 (full 0):
 garbage-first heap   total 262144K, used 24860K [0x0000000080000000, 0x0000000100000000)
  region size 1024K, 19 young (19456K), 11 survivors (11264K)
 Metaspace       used 21832K, capacity 22335K, committed 22576K, reserved 1069056K
  class space    used 2712K, capacity 2900K, committed 2944K, reserved 1048576K
}
Event: 2.249 GC heap after
{Heap after GC invocations=4 (full 0):
 garbage-first heap   total 262144K, used 17643K [0x0000000080000000, 0x0000000100000000)
  region size 1024K, 1 young (1024K), 1 survivors (1024K)
 Metaspace       used 21832K, capacity 22335K, committed 22576K, reserved 1069056K
  class space    used 2712K, capacity 2900K, committed 2944K, reserved 1048576K
}

Deoptimization events (20 events):
Event: 2.227 Thread 0x000001ad11896800 DEOPT PACKING pc=0x000001ad07bc33b0 sp=0x000000033f2f9da0
Event: 2.227 Thread 0x000001ad11896800 DEOPT UNPACKING pc=0x000001ad0004a1af sp=0x000000033f2f9d28 mode 2
Event: 2.344 Thread 0x000001ad11896800 Uncommon trap: trap_request=0xffffff4d fr.pc=0x000001ad07b918f8 relative=0x0000000000000238
Event: 2.344 Thread 0x000001ad11896800 Uncommon trap: reason=unstable_if action=reinterpret pc=0x000001ad07b918f8 method=java.util.concurrent.ConcurrentHashMap.get(Ljava/lang/Object;)Ljava/lang/Object; @ 76 c2
Event: 2.344 Thread 0x000001ad11896800 DEOPT PACKING pc=0x000001ad07b918f8 sp=0x000000033f2f8e20
Event: 2.344 Thread 0x000001ad11896800 DEOPT UNPACKING pc=0x000001ad0004a1af sp=0x000000033f2f8d88 mode 2
Event: 2.493 Thread 0x000001ad11896800 Uncommon trap: trap_request=0xffffff7e fr.pc=0x000001ad07bf0aa8 relative=0x0000000000000168
Event: 2.493 Thread 0x000001ad11896800 Uncommon trap: reason=predicate action=maybe_recompile pc=0x000001ad07bf0aa8 method=com.google.common.base.CharMatcher.indexIn(Ljava/lang/CharSequence;I)I @ 19 c2
Event: 2.493 Thread 0x000001ad11896800 DEOPT PACKING pc=0x000001ad07bf0aa8 sp=0x000000033f2fbb20
Event: 2.494 Thread 0x000001ad11896800 DEOPT UNPACKING pc=0x000001ad0004a1af sp=0x000000033f2fbab0 mode 2
Event: 2.504 Thread 0x000001ad11896800 Uncommon trap: trap_request=0xffffff4d fr.pc=0x000001ad07be2b14 relative=0x00000000000014b4
Event: 2.504 Thread 0x000001ad11896800 Uncommon trap: reason=unstable_if action=reinterpret pc=0x000001ad07be2b14 method=java.util.concurrent.ConcurrentHashMap.putVal(Ljava/lang/Object;Ljava/lang/Object;Z)Ljava/lang/Object; @ 231 c2
Event: 2.504 Thread 0x000001ad11896800 DEOPT PACKING pc=0x000001ad07be2b14 sp=0x000000033f2fcd80
Event: 2.504 Thread 0x000001ad11896800 DEOPT UNPACKING pc=0x000001ad0004a1af sp=0x000000033f2fcd00 mode 2
Event: 2.534 Thread 0x000001ad11896800 DEOPT PACKING pc=0x000001ad00956876 sp=0x000000033f2fbef0
Event: 2.534 Thread 0x000001ad11896800 DEOPT UNPACKING pc=0x000001ad0004a95e sp=0x000000033f2fb410 mode 0
Event: 2.541 Thread 0x000001ad11896800 Uncommon trap: trap_request=0xffffff4d fr.pc=0x000001ad07b20e8c relative=0x00000000000004ac
Event: 2.541 Thread 0x000001ad11896800 Uncommon trap: reason=unstable_if action=reinterpret pc=0x000001ad07b20e8c method=java.util.Properties$LineReader.readLine()I @ 249 c2
Event: 2.541 Thread 0x000001ad11896800 DEOPT PACKING pc=0x000001ad07b20e8c sp=0x000000033f2fb760
Event: 2.541 Thread 0x000001ad11896800 DEOPT UNPACKING pc=0x000001ad0004a1af sp=0x000000033f2fb6f0 mode 2

Classes redefined (0 events):
No events

Internal exceptions (20 events):
Event: 2.102 Thread 0x000001ad11896800 Exception <a 'java/lang/NoSuchMethodError'{0x0000000089946680}: 'java.lang.Object java.lang.invoke.DirectMethodHandle$Holder.invokeSpecial(java.lang.Object, java.lang.Object, java.lang.Object, java.lang.Object, int)'> (0x0000000089946680) thrown at [./src/hotspot/share/interpreter/linkResolver.cpp, line 773]
Event: 2.102 Thread 0x000001ad11896800 Exception <a 'java/lang/NoSuchMethodError'{0x000000008994a5b8}: 'java.lang.Object java.lang.invoke.Invokers$Holder.linkToTargetMethod(java.lang.Object, java.lang.Object, int, java.lang.Object)'> (0x000000008994a5b8) thrown at [./src/hotspot/share/interpreter/linkResolver.cpp, line 773]
Event: 2.192 Thread 0x000001ad11896800 Exception <a 'java/lang/NoSuchMethodError'{0x000000008fe27680}: 'int java.lang.invoke.DirectMethodHandle$Holder.invokeSpecialIFC(java.lang.Object, java.lang.Object, java.lang.Object, java.lang.Object)'> (0x000000008fe27680) thrown at [./src/hotspot/share/interpreter/linkResolver.cpp, line 773]
Event: 2.193 Thread 0x000001ad11896800 Exception <a 'java/lang/NoSuchMethodError'{0x000000008fe35638}: 'java.lang.Object java.lang.invoke.DirectMethodHandle$Holder.invokeInterface(java.lang.Object, java.lang.Object, java.lang.Object)'> (0x000000008fe35638) thrown at [./src/hotspot/share/interpreter/linkResolver.cpp, line 773]
Event: 2.193 Thread 0x000001ad11896800 Exception <a 'java/lang/IncompatibleClassChangeError'{0x000000008fe38b10}: Found class java.lang.Object, but interface was expected> (0x000000008fe38b10) thrown at [./src/hotspot/share/interpreter/linkResolver.cpp, line 839]
Event: 2.256 Thread 0x000001ad11896800 Exception <a 'java/lang/NoSuchMethodError'{0x000000008ffc9218}: 'void java.lang.invoke.DirectMethodHandle$Holder.invokeSpecial(java.lang.Object, java.lang.Object, java.lang.Object, java.lang.Object, java.lang.Object)'> (0x000000008ffc9218) thrown at [./src/hotspot/share/interpreter/linkResolver.cpp, line 773]
Event: 2.270 Thread 0x000001ad11896800 Exception <a 'java/lang/NoSuchMethodError'{0x000000008fdf43c0}: 'java.lang.Object java.lang.invoke.DirectMethodHandle$Holder.invokeSpecial(java.lang.Object, java.lang.Object, java.lang.Object, java.lang.Object, java.lang.Object, java.lang.Object, java.lang.Object, java.lang.Object, java.lang.Object)'> (0x000000008fdf43c0) thrown at [./src/hotspot/share/interpreter/linkResolver.cpp, line 773]
Event: 2.310 Thread 0x000001ad11896800 Exception <a 'java/lang/NoSuchMethodError'{0x000000008f161ca8}: 'java.lang.Object java.lang.invoke.DirectMethodHandle$Holder.invokeVirtual(java.lang.Object, java.lang.Object, java.lang.Object, java.lang.Object)'> (0x000000008f161ca8) thrown at [./src/hotspot/share/interpreter/linkResolver.cpp, line 773]
Event: 2.365 Thread 0x000001ad11896800 Exception <a 'java/lang/NoSuchMethodError'{0x000000008ebb86f8}: 'void java.lang.invoke.DirectMethodHandle$Holder.invokeSpecial(java.lang.Object, java.lang.Object, java.lang.Object, java.lang.Object, java.lang.Object, java.lang.Object)'> (0x000000008ebb86f8) thrown at [./src/hotspot/share/interpreter/linkResolver.cpp, line 773]
Event: 2.372 Thread 0x000001ad11896800 Exception <a 'java/lang/NoSuchMethodError'{0x000000008ea28d08}: 'void java.lang.invoke.DirectMethodHandle$Holder.invokeSpecial(java.lang.Object, java.lang.Object, java.lang.Object, java.lang.Object, java.lang.Object, java.lang.Object, java.lang.Object)'> (0x000000008ea28d08) thrown at [./src/hotspot/share/interpreter/linkResolver.cpp, line 773]
Event: 2.372 Thread 0x000001ad11896800 Exception <a 'java/lang/NoSuchMethodError'{0x000000008ea311f8}: 'java.lang.Object java.lang.invoke.Invokers$Holder.linkToTargetMethod(java.lang.Object, java.lang.Object, java.lang.Object, java.lang.Object, java.lang.Object, java.lang.Object)'> (0x000000008ea311f8) thrown at [./src/hotspot/share/interpreter/linkResolver.cpp, line 773]
Event: 2.387 Thread 0x000001ad11896800 Exception <a 'java/lang/NoSuchMethodError'{0x000000008e9fc4a8}: 'java.lang.Object java.lang.invoke.DirectMethodHandle$Holder.invokeVirtual(java.lang.Object, java.lang.Object, java.lang.Object, java.lang.Object, java.lang.Object, java.lang.Object, java.lang.Object, java.lang.Object, java.lang.Object, java.lang.Object, java.lang.Object, java.lang.Object, java.lang.Object, java.lang.Object, java.lang.Object, java.lang.Object, java.lang.Object, java.lang.Object, java.lang.Object, java.lang.Object, java.lang.Ob
Event: 2.421 Thread 0x000001ad11896800 Exception <a 'java/lang/NoSuchMethodError'{0x000000008e007698}: 'int java.lang.invoke.DirectMethodHandle$Holder.invokeStaticInit(java.lang.Object, java.lang.Object, java.lang.Object)'> (0x000000008e007698) thrown at [./src/hotspot/share/interpreter/linkResolver.cpp, line 773]
Event: 2.460 Thread 0x000001ad11896800 Exception <a 'java/lang/NoSuchMethodError'{0x000000008dc9d290}: 'void java.lang.invoke.DirectMethodHandle$Holder.invokeStaticInit(java.lang.Object, java.lang.Object)'> (0x000000008dc9d290) thrown at [./src/hotspot/share/interpreter/linkResolver.cpp, line 773]
Event: 2.514 Thread 0x000001ad11896800 Exception <a 'java/lang/NoSuchMethodError'{0x000000008d61ed68}: 'void java.lang.invoke.DirectMethodHandle$Holder.invokeStatic(java.lang.Object, java.lang.Object, java.lang.Object, java.lang.Object)'> (0x000000008d61ed68) thrown at [./src/hotspot/share/interpreter/linkResolver.cpp, line 773]
Event: 2.516 Thread 0x000001ad11896800 Exception <a 'java/lang/NoSuchMethodError'{0x000000008d63e090}: 'int java.lang.invoke.DirectMethodHandle$Holder.invokeVirtual(java.lang.Object, java.lang.Object)'> (0x000000008d63e090) thrown at [./src/hotspot/share/interpreter/linkResolver.cpp, line 773]
Event: 2.517 Thread 0x000001ad11896800 Exception <a 'java/lang/NoSuchMethodError'{0x000000008d656cf0}: 'java.lang.Object java.lang.invoke.DirectMethodHandle$Holder.invokeVirtual(java.lang.Object, java.lang.Object, java.lang.Object)'> (0x000000008d656cf0) thrown at [./src/hotspot/share/interpreter/linkResolver.cpp, line 773]
Event: 2.521 Thread 0x000001ad11896800 Exception <a 'java/lang/NoSuchMethodError'{0x000000008d6fe278}: 'int java.lang.invoke.DirectMethodHandle$Holder.invokeVirtual(java.lang.Object, java.lang.Object, java.lang.Object)'> (0x000000008d6fe278) thrown at [./src/hotspot/share/interpreter/linkResolver.cpp, line 773]
Event: 2.537 Thread 0x000001ad11896800 Exception <a 'java/lang/NoSuchMethodError'{0x000000008d4c86d0}: 'void java.lang.invoke.DirectMethodHandle$Holder.invokeSpecial(java.lang.Object, java.lang.Object)'> (0x000000008d4c86d0) thrown at [./src/hotspot/share/interpreter/linkResolver.cpp, line 773]
Event: 2.623 Thread 0x000001ad11896800 Exception <a 'java/lang/NoSuchMethodError'{0x000000008c43c390}: 'java.lang.Object java.lang.invoke.DirectMethodHandle$Holder.invokeSpecialIFC(java.lang.Object, java.lang.Object, java.lang.Object, java.lang.Object)'> (0x000000008c43c390) thrown at [./src/hotspot/share/interpreter/linkResolver.cpp, line 773]

Events (20 events):
Event: 2.633 loading class org/gradle/api/internal/artifacts/configurations/dynamicversion/CachePolicy
Event: 2.633 loading class org/gradle/api/internal/artifacts/configurations/dynamicversion/CachePolicy done
Event: 2.633 loading class org/gradle/internal/resolve/caching/CrossBuildCachingRuleExecutor$CachedEntry
Event: 2.633 loading class org/gradle/internal/resolve/caching/CrossBuildCachingRuleExecutor$CachedEntry done
Event: 2.633 loading class org/gradle/util/internal/BuildCommencedTimeProvider
Event: 2.633 loading class org/gradle/util/internal/BuildCommencedTimeProvider done
Event: 2.633 loading class org/gradle/util/internal/BuildCommencedTimeProvider
Event: 2.633 loading class org/gradle/util/internal/BuildCommencedTimeProvider done
Event: 2.633 loading class org/gradle/internal/resolve/caching/CrossBuildCachingRuleExecutor$EntryValidator
Event: 2.633 loading class org/gradle/internal/resolve/caching/CrossBuildCachingRuleExecutor$EntryValidator done
Event: 2.634 loading class org/gradle/internal/component/external/model/ModuleComponentResolveMetadata
Event: 2.634 loading class org/gradle/internal/component/external/model/ModuleComponentResolveMetadata done
Event: 2.634 loading class org/gradle/internal/component/external/model/ModuleComponentResolveMetadata
Event: 2.634 loading class org/gradle/internal/component/external/model/ModuleComponentResolveMetadata done
Event: 2.634 loading class org/gradle/api/Transformer
Event: 2.634 loading class org/gradle/api/Transformer done
Event: 2.635 loading class org/gradle/internal/resolve/caching/CrossBuildCachingRuleExecutor$CacheEntrySerializer
Event: 2.635 loading class org/gradle/internal/resolve/caching/CrossBuildCachingRuleExecutor$CacheEntrySerializer done
Event: 2.635 loading class org/gradle/internal/resolve/caching/CrossBuildCachingRuleExecutor$AnySerializer
Event: 2.635 loading class org/gradle/internal/resolve/caching/CrossBuildCachingRuleExecutor$AnySerializer done


Dynamic libraries:
0x00007ff68edd0000 - 0x00007ff68edda000 	C:\Program Files\Android\Android Studio\jre\bin\java.exe
0x00007ffc68c90000 - 0x00007ffc68e88000 	C:\Windows\SYSTEM32\ntdll.dll
0x00007ffc45b80000 - 0x00007ffc45b99000 	C:\Program Files\Avast Software\Avast\aswhook.dll
0x00007ffc67180000 - 0x00007ffc6723f000 	C:\Windows\System32\KERNEL32.DLL
0x00007ffc66590000 - 0x00007ffc6686a000 	C:\Windows\System32\KERNELBASE.dll
0x00007ffc66aa0000 - 0x00007ffc66ba0000 	C:\Windows\System32\ucrtbase.dll
0x00007ffc57be0000 - 0x00007ffc57bf7000 	C:\Program Files\Android\Android Studio\jre\bin\VCRUNTIME140.dll
0x00007ffc57bc0000 - 0x00007ffc57bd9000 	C:\Program Files\Android\Android Studio\jre\bin\jli.dll
0x00007ffc67390000 - 0x00007ffc6752d000 	C:\Windows\System32\USER32.dll
0x00007ffc66bf0000 - 0x00007ffc66c12000 	C:\Windows\System32\win32u.dll
0x00007ffc67bc0000 - 0x00007ffc67beb000 	C:\Windows\System32\GDI32.dll
0x00007ffc561b0000 - 0x00007ffc5644a000 	C:\Windows\WinSxS\amd64_microsoft.windows.common-controls_6595b64144ccf1df_6.0.19041.1110_none_60b5254171f9507e\COMCTL32.dll
0x00007ffc66920000 - 0x00007ffc66a30000 	C:\Windows\System32\gdi32full.dll
0x00007ffc67ca0000 - 0x00007ffc67d3e000 	C:\Windows\System32\msvcrt.dll
0x00007ffc66c50000 - 0x00007ffc66ced000 	C:\Windows\System32\msvcp_win.dll
0x00007ffc68c20000 - 0x00007ffc68c50000 	C:\Windows\System32\IMM32.DLL
0x00007ffc4daf0000 - 0x00007ffc4db8d000 	C:\Program Files\Android\Android Studio\jre\bin\msvcp140.dll
0x00007ffc32ba0000 - 0x00007ffc336a2000 	C:\Program Files\Android\Android Studio\jre\bin\server\jvm.dll
0x00007ffc670d0000 - 0x00007ffc6717e000 	C:\Windows\System32\ADVAPI32.dll
0x00007ffc67780000 - 0x00007ffc6781c000 	C:\Windows\System32\sechost.dll
0x00007ffc67650000 - 0x00007ffc67776000 	C:\Windows\System32\RPCRT4.dll
0x00007ffc679a0000 - 0x00007ffc679a8000 	C:\Windows\System32\PSAPI.DLL
0x00007ffc534d0000 - 0x00007ffc534d9000 	C:\Windows\SYSTEM32\WSOCK32.dll
0x00007ffc675e0000 - 0x00007ffc6764b000 	C:\Windows\System32\WS2_32.dll
0x00007ffc61350000 - 0x00007ffc6135a000 	C:\Windows\SYSTEM32\VERSION.dll
0x00007ffc5bb40000 - 0x00007ffc5bb67000 	C:\Windows\SYSTEM32\WINMM.dll
0x00007ffc64280000 - 0x00007ffc64292000 	C:\Windows\SYSTEM32\kernel.appcore.dll
0x00007ffc5f620000 - 0x00007ffc5f631000 	C:\Program Files\Android\Android Studio\jre\bin\verify.dll
0x00007ffc5b870000 - 0x00007ffc5ba54000 	C:\Windows\SYSTEM32\DBGHELP.DLL
0x00007ffc5b770000 - 0x00007ffc5b7a4000 	C:\Windows\SYSTEM32\dbgcore.DLL
0x00007ffc663a0000 - 0x00007ffc66422000 	C:\Windows\System32\bcryptPrimitives.dll
0x00007ffc59be0000 - 0x00007ffc59c09000 	C:\Program Files\Android\Android Studio\jre\bin\java.dll
0x00007ffc61f20000 - 0x00007ffc61f2b000 	C:\Program Files\Android\Android Studio\jre\bin\jimage.dll
0x00007ffc599f0000 - 0x00007ffc59a08000 	C:\Program Files\Android\Android Studio\jre\bin\zip.dll
0x00007ffc681b0000 - 0x00007ffc688f4000 	C:\Windows\System32\SHELL32.dll
0x00007ffc64480000 - 0x00007ffc64c13000 	C:\Windows\SYSTEM32\windows.storage.dll
0x00007ffc66cf0000 - 0x00007ffc67044000 	C:\Windows\System32\combase.dll
0x00007ffc65e00000 - 0x00007ffc65e2e000 	C:\Windows\SYSTEM32\Wldp.dll
0x00007ffc67530000 - 0x00007ffc675dd000 	C:\Windows\System32\SHCORE.dll
0x00007ffc67b60000 - 0x00007ffc67bb5000 	C:\Windows\System32\shlwapi.dll
0x00007ffc662e0000 - 0x00007ffc662ff000 	C:\Windows\SYSTEM32\profapi.dll
0x00007ffc599d0000 - 0x00007ffc599ea000 	C:\Program Files\Android\Android Studio\jre\bin\net.dll
0x00007ffc5ee80000 - 0x00007ffc5ef8a000 	C:\Windows\SYSTEM32\WINHTTP.dll
0x00007ffc65a80000 - 0x00007ffc65aea000 	C:\Windows\system32\mswsock.dll
0x00007ffc599b0000 - 0x00007ffc599c4000 	C:\Program Files\Android\Android Studio\jre\bin\nio.dll
0x00007ffc58620000 - 0x00007ffc58647000 	C:\Users\deshi\.jdks\corretto-1.8.0_312\native\e1d6ef7f7dcc3fd88c89a11ec53ec762bb8ba0a96d01ffa2cd45eb1d1d8dd5c5\windows-amd64\native-platform.dll
0x00007ffc2e440000 - 0x00007ffc2e584000 	C:\Users\deshi\.jdks\corretto-1.8.0_312\native\0d407fdbe67a94daf76414ababcb853783967236a71b16ec16e742cd7a986fd3\windows-amd64\native-platform-file-events.dll
0x00007ffc61de0000 - 0x00007ffc61dea000 	C:\Program Files\Android\Android Studio\jre\bin\management.dll
0x00007ffc602a0000 - 0x00007ffc602ad000 	C:\Program Files\Android\Android Studio\jre\bin\management_ext.dll
0x00007ffc65ce0000 - 0x00007ffc65cf8000 	C:\Windows\SYSTEM32\CRYPTSP.dll
0x00007ffc653a0000 - 0x00007ffc653d4000 	C:\Windows\system32\rsaenh.dll
0x00007ffc66c20000 - 0x00007ffc66c47000 	C:\Windows\System32\bcrypt.dll
0x00007ffc662a0000 - 0x00007ffc662ce000 	C:\Windows\SYSTEM32\USERENV.dll
0x00007ffc65d00000 - 0x00007ffc65d0c000 	C:\Windows\SYSTEM32\CRYPTBASE.dll
0x00007ffc65770000 - 0x00007ffc657ac000 	C:\Windows\SYSTEM32\IPHLPAPI.DLL
0x00007ffc67c90000 - 0x00007ffc67c98000 	C:\Windows\System32\NSI.dll
0x00007ffc60730000 - 0x00007ffc60747000 	C:\Windows\SYSTEM32\dhcpcsvc6.DLL
0x00007ffc60710000 - 0x00007ffc6072d000 	C:\Windows\SYSTEM32\dhcpcsvc.DLL
0x00007ffc657b0000 - 0x00007ffc6587b000 	C:\Windows\SYSTEM32\DNSAPI.dll

dbghelp: loaded successfully - version: 4.0.5 - missing functions: none
symbol engine: initialized successfully - sym options: 0x614 - pdb path: .;C:\Program Files\Android\Android Studio\jre\bin;C:\Windows\SYSTEM32;C:\Program Files\Avast Software\Avast;C:\Windows\WinSxS\amd64_microsoft.windows.common-controls_6595b64144ccf1df_6.0.19041.1110_none_60b5254171f9507e;C:\Program Files\Android\Android Studio\jre\bin\server;C:\Users\deshi\.jdks\corretto-1.8.0_312\native\e1d6ef7f7dcc3fd88c89a11ec53ec762bb8ba0a96d01ffa2cd45eb1d1d8dd5c5\windows-amd64;C:\Users\deshi\.jdks\corretto-1.8.0_312\native\0d407fdbe67a94daf76414ababcb853783967236a71b16ec16e742cd7a986fd3\windows-amd64

VM Arguments:
jvm_args: --add-opens=java.base/java.util=ALL-UNNAMED --add-opens=java.base/java.lang=ALL-UNNAMED --add-opens=java.base/java.lang.invoke=ALL-UNNAMED --add-opens=java.base/java.util=ALL-UNNAMED --add-opens=java.prefs/java.util.prefs=ALL-UNNAMED --add-opens=java.prefs/java.util.prefs=ALL-UNNAMED --add-opens=java.base/java.nio.charset=ALL-UNNAMED --add-opens=java.base/java.net=ALL-UNNAMED --add-opens=java.base/java.util.concurrent.atomic=ALL-UNNAMED -Xmx2048m -Dfile.encoding=UTF-8 -Duser.country=RU -Duser.language=ru -Duser.variant 
java_command: org.gradle.launcher.daemon.bootstrap.GradleDaemon 7.4
java_class_path (initial): C:\Users\deshi\.jdks\corretto-1.8.0_312\wrapper\dists\gradle-7.4-bin\c0gwcg53nkjbqw7r0h0umtfvt\gradle-7.4\lib\gradle-launcher-7.4.jar
Launcher Type: SUN_STANDARD

[Global flags]
     intx CICompilerCount                          = 4                                         {product} {ergonomic}
     uint ConcGCThreads                            = 3                                         {product} {ergonomic}
     uint G1ConcRefinementThreads                  = 10                                        {product} {ergonomic}
   size_t G1HeapRegionSize                         = 1048576                                   {product} {ergonomic}
    uintx GCDrainStackTargetSize                   = 64                                        {product} {ergonomic}
   size_t InitialHeapSize                          = 268435456                                 {product} {ergonomic}
   size_t MarkStackSize                            = 4194304                                   {product} {ergonomic}
   size_t MaxHeapSize                              = 2147483648                                {product} {command line}
   size_t MaxNewSize                               = 1287651328                                {product} {ergonomic}
   size_t MinHeapDeltaBytes                        = 1048576                                   {product} {ergonomic}
    uintx NonNMethodCodeHeapSize                   = 5836300                                {pd product} {ergonomic}
    uintx NonProfiledCodeHeapSize                  = 122910970                              {pd product} {ergonomic}
    uintx ProfiledCodeHeapSize                     = 122910970                              {pd product} {ergonomic}
    uintx ReservedCodeCacheSize                    = 251658240                              {pd product} {ergonomic}
     bool SegmentedCodeCache                       = true                                      {product} {ergonomic}
     bool UseCompressedClassPointers               = true                                 {lp64_product} {ergonomic}
     bool UseCompressedOops                        = true                                 {lp64_product} {ergonomic}
     bool UseG1GC                                  = true                                      {product} {ergonomic}
     bool UseLargePagesIndividualAllocation        = false                                  {pd product} {ergonomic}

Logging:
Log output configuration:
 #0: stdout all=warning uptime,level,tags
 #1: stderr all=off uptime,level,tags

Environment Variables:
JAVA_HOME=C:\Program Files\Java\jdk-18.0.2.1
PATH=C:\ProgramData\Oracle\Java\javapath;C:\Program Files\Java\jdk-18.0.2.1\bin;C:\Program Files\Git\cmd;C:\Program Files\dotnet\;C:\Users\deshi\AppData\Local\Programs\Microsoft VS Code\bin;C:\Users\deshi\.dotnet\tools;C:\Users\deshi\AppData\Local\GitHubDesktop\bin
USERNAME=deshi
OS=Windows_NT
PROCESSOR_IDENTIFIER=AMD64 Family 23 Model 113 Stepping 0, AuthenticAMD



---------------  S Y S T E M  ---------------

OS: Windows 10 , 64 bit Build 19041 (10.0.19041.2788)
OS uptime: 0 days 17:39 hours

CPU:total 12 (initial active 12) (12 cores per cpu, 2 threads per core) family 23 model 113 stepping 0 microcode 0x0, cmov, cx8, fxsr, mmx, sse, sse2, sse3, ssse3, sse4.1, sse4.2, popcnt, avx, avx2, aes, clmul, mmxext, 3dnowpref, lzcnt, sse4a, ht, tsc, tscinvbit, tscinv, bmi1, bmi2, adx, sha, fma

Memory: 4k page, system-wide physical 16328M (2297M free)
TotalPageFile size 16328M (AvailPageFile size 4M)
current process WorkingSet (physical memory assigned to process): 285M, peak: 285M
current process commit charge ("private bytes"): 453M, peak: 453M

vm_info: OpenJDK 64-Bit Server VM (11.0.13+0-b1751.21-8125866) for windows-amd64 JRE (11.0.13+0-b1751.21-8125866), built on Feb  2 2022 03:00:22 by "builder" with MS VC++ 14.0 (VS2015)

END.
